[ 2016-03-11T14:27:32+08:00 ] 127.0.0.1 /thinkphp/Home/User/rule_edit.html?id=3
INFO: [ app_init ] --START--
INFO: Run Behavior\BuildLiteBehavior [ RunTime:0.000000s ]
INFO: [ app_init ] --END-- [ RunTime:0.001000s ]
NOTIC: [8] Use of undefined constant ture - assumed 'ture' D:\wamp\www\thinkphp\Application\Home\Conf\config.php 第 14 行.

[ 2016-03-11T14:27:37+08:00 ] 127.0.0.1 /thinkphp/Home/User/rule_edit.html?id=3
INFO: [ app_init ] --START--
INFO: Run Behavior\BuildLiteBehavior [ RunTime:0.000000s ]
INFO: [ app_init ] --END-- [ RunTime:0.001000s ]
NOTIC: [8] Use of undefined constant ture - assumed 'ture' D:\wamp\www\thinkphp\Application\Home\Conf\config.php 第 14 行.

[ 2016-03-11T14:28:12+08:00 ] 127.0.0.1 /thinkphp/Home/User/rule_edit.html?id=3
INFO: [ app_init ] --START--
INFO: Run Behavior\BuildLiteBehavior [ RunTime:0.001000s ]
INFO: [ app_init ] --END-- [ RunTime:0.001000s ]
NOTIC: [8] Use of undefined constant ture - assumed 'ture' D:\wamp\www\thinkphp\Application\Home\Conf\config.php 第 14 行.

[ 2016-03-11T14:28:16+08:00 ] 127.0.0.1 /thinkphp/Home/User/rule_edit.html?id=3
INFO: [ app_init ] --START--
INFO: Run Behavior\BuildLiteBehavior [ RunTime:0.000000s ]
INFO: [ app_init ] --END-- [ RunTime:0.001000s ]
NOTIC: [8] Use of undefined constant ture - assumed 'ture' D:\wamp\www\thinkphp\Application\Home\Conf\config.php 第 14 行.

[ 2016-03-11T14:28:19+08:00 ] 127.0.0.1 /thinkphp/Home/User/rule_edit.html?id=3
INFO: [ app_init ] --START--
INFO: Run Behavior\BuildLiteBehavior [ RunTime:0.000000s ]
INFO: [ app_init ] --END-- [ RunTime:0.001000s ]
NOTIC: [8] Use of undefined constant ture - assumed 'ture' D:\wamp\www\thinkphp\Application\Home\Conf\config.php 第 14 行.

[ 2016-03-11T14:28:46+08:00 ] 127.0.0.1 /thinkphp/Home/User/rule_edit.html?id=3
INFO: [ app_init ] --START--
INFO: Run Behavior\BuildLiteBehavior [ RunTime:0.000000s ]
INFO: [ app_init ] --END-- [ RunTime:0.000000s ]
NOTIC: [8] Use of undefined constant ture - assumed 'ture' D:\wamp\www\thinkphp\Application\Home\Conf\config.php 第 14 行.

[ 2016-03-11T14:28:48+08:00 ] 127.0.0.1 /thinkphp/Home/User/rule_edit.html?id=3
INFO: [ app_init ] --START--
INFO: Run Behavior\BuildLiteBehavior [ RunTime:0.000000s ]
INFO: [ app_init ] --END-- [ RunTime:0.001000s ]
NOTIC: [8] Use of undefined constant ture - assumed 'ture' D:\wamp\www\thinkphp\Application\Home\Conf\config.php 第 14 行.

[ 2016-03-11T14:28:53+08:00 ] 127.0.0.1 /thinkphp/Home/User/rule.html
INFO: [ app_init ] --START--
INFO: Run Behavior\BuildLiteBehavior [ RunTime:0.000000s ]
INFO: [ app_init ] --END-- [ RunTime:0.000000s ]
NOTIC: [8] Use of undefined constant ture - assumed 'ture' D:\wamp\www\thinkphp\Application\Home\Conf\config.php 第 14 行.

[ 2016-03-11T14:28:54+08:00 ] 127.0.0.1 /thinkphp/Home/User/rule_edit.html?id=3
INFO: [ app_init ] --START--
INFO: Run Behavior\BuildLiteBehavior [ RunTime:0.000000s ]
INFO: [ app_init ] --END-- [ RunTime:0.001000s ]
NOTIC: [8] Use of undefined constant ture - assumed 'ture' D:\wamp\www\thinkphp\Application\Home\Conf\config.php 第 14 行.

[ 2016-03-11T14:28:55+08:00 ] 127.0.0.1 /thinkphp/Home/User/rule_edit.html?id=3
INFO: [ app_init ] --START--
INFO: Run Behavior\BuildLiteBehavior [ RunTime:0.000000s ]
INFO: [ app_init ] --END-- [ RunTime:0.000000s ]
NOTIC: [8] Use of undefined constant ture - assumed 'ture' D:\wamp\www\thinkphp\Application\Home\Conf\config.php 第 14 行.

[ 2016-03-11T14:29:11+08:00 ] 127.0.0.1 /thinkphp/Home/User/rule_edit.html?id=3
INFO: [ app_init ] --START--
INFO: Run Behavior\BuildLiteBehavior [ RunTime:0.000000s ]
INFO: [ app_init ] --END-- [ RunTime:0.000000s ]
NOTIC: [8] Use of undefined constant ture - assumed 'ture' D:\wamp\www\thinkphp\Application\Home\Conf\config.php 第 14 行.

[ 2016-03-11T14:30:28+08:00 ] 127.0.0.1 /thinkphp/Home/User/rule_edit.html?id=3
INFO: [ app_init ] --START--
INFO: Run Behavior\BuildLiteBehavior [ RunTime:0.000000s ]
INFO: [ app_init ] --END-- [ RunTime:0.001000s ]
NOTIC: [8] Use of undefined constant ture - assumed 'ture' D:\wamp\www\thinkphp\Application\Home\Conf\config.php 第 14 行.

[ 2016-03-11T14:30:31+08:00 ] 127.0.0.1 /thinkphp/Home/User/rule_edit.html?id=3
INFO: [ app_init ] --START--
INFO: Run Behavior\BuildLiteBehavior [ RunTime:0.000000s ]
INFO: [ app_init ] --END-- [ RunTime:0.000000s ]
NOTIC: [8] Use of undefined constant ture - assumed 'ture' D:\wamp\www\thinkphp\Application\Home\Conf\config.php 第 14 行.

[ 2016-03-11T14:31:19+08:00 ] 127.0.0.1 /thinkphp/Home/User/rule_edit.html?id=3
INFO: [ app_init ] --START--
INFO: Run Behavior\BuildLiteBehavior [ RunTime:0.000000s ]
INFO: [ app_init ] --END-- [ RunTime:0.000000s ]
NOTIC: [8] Use of undefined constant ture - assumed 'ture' D:\wamp\www\thinkphp\Application\Home\Conf\config.php 第 14 行.

[ 2016-03-11T14:31:20+08:00 ] 127.0.0.1 /thinkphp/Home/User/rule.html
INFO: [ app_init ] --START--
INFO: Run Behavior\BuildLiteBehavior [ RunTime:0.000000s ]
INFO: [ app_init ] --END-- [ RunTime:0.000000s ]
NOTIC: [8] Use of undefined constant ture - assumed 'ture' D:\wamp\www\thinkphp\Application\Home\Conf\config.php 第 14 行.

[ 2016-03-11T14:31:22+08:00 ] 127.0.0.1 /thinkphp/Home/User/rule_edit.html?id=3
INFO: [ app_init ] --START--
INFO: Run Behavior\BuildLiteBehavior [ RunTime:0.000000s ]
INFO: [ app_init ] --END-- [ RunTime:0.000000s ]
NOTIC: [8] Use of undefined constant ture - assumed 'ture' D:\wamp\www\thinkphp\Application\Home\Conf\config.php 第 14 行.

[ 2016-03-11T14:31:25+08:00 ] 127.0.0.1 /thinkphp/Home/User/rule_edit.html?id=3
INFO: [ app_init ] --START--
INFO: Run Behavior\BuildLiteBehavior [ RunTime:0.000000s ]
INFO: [ app_init ] --END-- [ RunTime:0.000000s ]
NOTIC: [8] Use of undefined constant ture - assumed 'ture' D:\wamp\www\thinkphp\Application\Home\Conf\config.php 第 14 行.

[ 2016-03-11T14:31:26+08:00 ] 127.0.0.1 /thinkphp/Home/User/rule.html
INFO: [ app_init ] --START--
INFO: Run Behavior\BuildLiteBehavior [ RunTime:0.000000s ]
INFO: [ app_init ] --END-- [ RunTime:0.001000s ]
NOTIC: [8] Use of undefined constant ture - assumed 'ture' D:\wamp\www\thinkphp\Application\Home\Conf\config.php 第 14 行.

[ 2016-03-11T14:31:29+08:00 ] 127.0.0.1 /thinkphp/Home/User/rule_edit.html?id=3
INFO: [ app_init ] --START--
INFO: Run Behavior\BuildLiteBehavior [ RunTime:0.000000s ]
INFO: [ app_init ] --END-- [ RunTime:0.000000s ]
NOTIC: [8] Use of undefined constant ture - assumed 'ture' D:\wamp\www\thinkphp\Application\Home\Conf\config.php 第 14 行.

[ 2016-03-11T14:31:31+08:00 ] 127.0.0.1 /thinkphp/Home/User/rule_edit.html?id=3
INFO: [ app_init ] --START--
INFO: Run Behavior\BuildLiteBehavior [ RunTime:0.000000s ]
INFO: [ app_init ] --END-- [ RunTime:0.000000s ]
NOTIC: [8] Use of undefined constant ture - assumed 'ture' D:\wamp\www\thinkphp\Application\Home\Conf\config.php 第 14 行.

[ 2016-03-11T14:31:32+08:00 ] 127.0.0.1 /thinkphp/Home/User/rule.html
INFO: [ app_init ] --START--
INFO: Run Behavior\BuildLiteBehavior [ RunTime:0.000000s ]
INFO: [ app_init ] --END-- [ RunTime:0.001000s ]
NOTIC: [8] Use of undefined constant ture - assumed 'ture' D:\wamp\www\thinkphp\Application\Home\Conf\config.php 第 14 行.

[ 2016-03-11T14:31:36+08:00 ] 127.0.0.1 /thinkphp/Home/User/rule_edit.html?id=3
INFO: [ app_init ] --START--
INFO: Run Behavior\BuildLiteBehavior [ RunTime:0.000000s ]
INFO: [ app_init ] --END-- [ RunTime:0.001000s ]
NOTIC: [8] Use of undefined constant ture - assumed 'ture' D:\wamp\www\thinkphp\Application\Home\Conf\config.php 第 14 行.

[ 2016-03-11T14:31:38+08:00 ] 127.0.0.1 /thinkphp/Home/User/rule_edit.html?id=3
INFO: [ app_init ] --START--
INFO: Run Behavior\BuildLiteBehavior [ RunTime:0.000000s ]
INFO: [ app_init ] --END-- [ RunTime:0.000000s ]
NOTIC: [8] Use of undefined constant ture - assumed 'ture' D:\wamp\www\thinkphp\Application\Home\Conf\config.php 第 14 行.

[ 2016-03-11T14:31:39+08:00 ] 127.0.0.1 /thinkphp/Home/User/rule.html
INFO: [ app_init ] --START--
INFO: Run Behavior\BuildLiteBehavior [ RunTime:0.000000s ]
INFO: [ app_init ] --END-- [ RunTime:0.000000s ]
NOTIC: [8] Use of undefined constant ture - assumed 'ture' D:\wamp\www\thinkphp\Application\Home\Conf\config.php 第 14 行.

[ 2016-03-11T14:31:42+08:00 ] 127.0.0.1 /thinkphp/Home/User/rule_del.html?id=3
INFO: [ app_init ] --START--
INFO: Run Behavior\BuildLiteBehavior [ RunTime:0.000000s ]
INFO: [ app_init ] --END-- [ RunTime:0.001000s ]
NOTIC: [8] Use of undefined constant ture - assumed 'ture' D:\wamp\www\thinkphp\Application\Home\Conf\config.php 第 14 行.

[ 2016-03-11T14:31:43+08:00 ] 127.0.0.1 /thinkphp/Home/User/rule.html
INFO: [ app_init ] --START--
INFO: Run Behavior\BuildLiteBehavior [ RunTime:0.000000s ]
INFO: [ app_init ] --END-- [ RunTime:0.000000s ]
NOTIC: [8] Use of undefined constant ture - assumed 'ture' D:\wamp\www\thinkphp\Application\Home\Conf\config.php 第 14 行.

[ 2016-03-11T14:32:22+08:00 ] 127.0.0.1 /thinkphp/Home/User/user.html
INFO: [ app_init ] --START--
INFO: Run Behavior\BuildLiteBehavior [ RunTime:0.000000s ]
INFO: [ app_init ] --END-- [ RunTime:0.000000s ]
NOTIC: [8] Use of undefined constant ture - assumed 'ture' D:\wamp\www\thinkphp\Application\Home\Conf\config.php 第 14 行.

[ 2016-03-11T14:32:38+08:00 ] 127.0.0.1 /thinkphp/Home/User/user.html
INFO: [ app_init ] --START--
INFO: Run Behavior\BuildLiteBehavior [ RunTime:0.000000s ]
INFO: [ app_init ] --END-- [ RunTime:0.000000s ]
NOTIC: [8] Use of undefined constant ture - assumed 'ture' D:\wamp\www\thinkphp\Application\Home\Conf\config.php 第 14 行.

[ 2016-03-11T14:32:57+08:00 ] 127.0.0.1 /thinkphp/Home/User/user.html
INFO: [ app_init ] --START--
INFO: Run Behavior\BuildLiteBehavior [ RunTime:0.000000s ]
INFO: [ app_init ] --END-- [ RunTime:0.000000s ]
NOTIC: [8] Use of undefined constant ture - assumed 'ture' D:\wamp\www\thinkphp\Application\Home\Conf\config.php 第 14 行.

[ 2016-03-11T14:32:59+08:00 ] 127.0.0.1 /thinkphp/Home/User/group.html
INFO: [ app_init ] --START--
INFO: Run Behavior\BuildLiteBehavior [ RunTime:0.000000s ]
INFO: [ app_init ] --END-- [ RunTime:0.000000s ]
NOTIC: [8] Use of undefined constant ture - assumed 'ture' D:\wamp\www\thinkphp\Application\Home\Conf\config.php 第 14 行.

[ 2016-03-11T14:33:02+08:00 ] 127.0.0.1 /thinkphp/Home/User/rule.html
INFO: [ app_init ] --START--
INFO: Run Behavior\BuildLiteBehavior [ RunTime:0.000000s ]
INFO: [ app_init ] --END-- [ RunTime:0.001000s ]
NOTIC: [8] Use of undefined constant ture - assumed 'ture' D:\wamp\www\thinkphp\Application\Home\Conf\config.php 第 14 行.

[ 2016-03-11T14:33:26+08:00 ] 127.0.0.1 /thinkphp/Home/User/rule.html
INFO: [ app_init ] --START--
INFO: Run Behavior\BuildLiteBehavior [ RunTime:0.000000s ]
INFO: [ app_init ] --END-- [ RunTime:0.001000s ]
NOTIC: [8] Use of undefined constant ture - assumed 'ture' D:\wamp\www\thinkphp\Application\Home\Conf\config.php 第 14 行.

[ 2016-03-11T14:33:28+08:00 ] 127.0.0.1 /thinkphp/Home/User/group.html
INFO: [ app_init ] --START--
INFO: Run Behavior\BuildLiteBehavior [ RunTime:0.001000s ]
INFO: [ app_init ] --END-- [ RunTime:0.001000s ]
NOTIC: [8] Use of undefined constant ture - assumed 'ture' D:\wamp\www\thinkphp\Application\Home\Conf\config.php 第 14 行.

[ 2016-03-11T14:33:49+08:00 ] 127.0.0.1 /thinkphp/Home/User/group.html
INFO: [ app_init ] --START--
INFO: Run Behavior\BuildLiteBehavior [ RunTime:0.000000s ]
INFO: [ app_init ] --END-- [ RunTime:0.000000s ]
NOTIC: [8] Use of undefined constant ture - assumed 'ture' D:\wamp\www\thinkphp\Application\Home\Conf\config.php 第 14 行.

[ 2016-03-11T14:33:52+08:00 ] 127.0.0.1 /thinkphp/Home/User/group_edit.html?id=1
INFO: [ app_init ] --START--
INFO: Run Behavior\BuildLiteBehavior [ RunTime:0.000000s ]
INFO: [ app_init ] --END-- [ RunTime:0.000000s ]
NOTIC: [8] Use of undefined constant ture - assumed 'ture' D:\wamp\www\thinkphp\Application\Home\Conf\config.php 第 14 行.

[ 2016-03-11T14:34:05+08:00 ] 127.0.0.1 /thinkphp/Home/User/group_del.html?id=2
INFO: [ app_init ] --START--
INFO: Run Behavior\BuildLiteBehavior [ RunTime:0.000000s ]
INFO: [ app_init ] --END-- [ RunTime:0.001000s ]
NOTIC: [8] Use of undefined constant ture - assumed 'ture' D:\wamp\www\thinkphp\Application\Home\Conf\config.php 第 14 行.

[ 2016-03-11T14:34:06+08:00 ] 127.0.0.1 /thinkphp/Home/User/group.html
INFO: [ app_init ] --START--
INFO: Run Behavior\BuildLiteBehavior [ RunTime:0.000000s ]
INFO: [ app_init ] --END-- [ RunTime:0.000000s ]
NOTIC: [8] Use of undefined constant ture - assumed 'ture' D:\wamp\www\thinkphp\Application\Home\Conf\config.php 第 14 行.

[ 2016-03-11T14:34:08+08:00 ] 127.0.0.1 /thinkphp/Home/User/group_del.html?id=1
INFO: [ app_init ] --START--
INFO: Run Behavior\BuildLiteBehavior [ RunTime:0.000000s ]
INFO: [ app_init ] --END-- [ RunTime:0.001000s ]
NOTIC: [8] Use of undefined constant ture - assumed 'ture' D:\wamp\www\thinkphp\Application\Home\Conf\config.php 第 14 行.

[ 2016-03-11T14:34:09+08:00 ] 127.0.0.1 /thinkphp/Home/User/group.html
INFO: [ app_init ] --START--
INFO: Run Behavior\BuildLiteBehavior [ RunTime:0.000000s ]
INFO: [ app_init ] --END-- [ RunTime:0.000000s ]
NOTIC: [8] Use of undefined constant ture - assumed 'ture' D:\wamp\www\thinkphp\Application\Home\Conf\config.php 第 14 行.

[ 2016-03-11T14:34:12+08:00 ] 127.0.0.1 /thinkphp/Home/User/user.html
INFO: [ app_init ] --START--
INFO: Run Behavior\BuildLiteBehavior [ RunTime:0.000000s ]
INFO: [ app_init ] --END-- [ RunTime:0.001000s ]
NOTIC: [8] Use of undefined constant ture - assumed 'ture' D:\wamp\www\thinkphp\Application\Home\Conf\config.php 第 14 行.

[ 2016-03-11T14:34:15+08:00 ] 127.0.0.1 /thinkphp/Home/User/user_del.html?id=11
INFO: [ app_init ] --START--
INFO: Run Behavior\BuildLiteBehavior [ RunTime:0.000000s ]
INFO: [ app_init ] --END-- [ RunTime:0.001000s ]
NOTIC: [8] Use of undefined constant ture - assumed 'ture' D:\wamp\www\thinkphp\Application\Home\Conf\config.php 第 14 行.

[ 2016-03-11T14:34:16+08:00 ] 127.0.0.1 /thinkphp/Home/User/user.html
INFO: [ app_init ] --START--
INFO: Run Behavior\BuildLiteBehavior [ RunTime:0.000000s ]
INFO: [ app_init ] --END-- [ RunTime:0.001000s ]
NOTIC: [8] Use of undefined constant ture - assumed 'ture' D:\wamp\www\thinkphp\Application\Home\Conf\config.php 第 14 行.

[ 2016-03-11T14:34:16+08:00 ] 127.0.0.1 /thinkphp/Home/User/user.html
INFO: [ app_init ] --START--
INFO: Run Behavior\BuildLiteBehavior [ RunTime:0.000000s ]
INFO: [ app_init ] --END-- [ RunTime:0.000000s ]
NOTIC: [8] Use of undefined constant ture - assumed 'ture' D:\wamp\www\thinkphp\Application\Home\Conf\config.php 第 14 行.

[ 2016-03-11T14:34:17+08:00 ] 127.0.0.1 /thinkphp/Home/User/user_add.html
INFO: [ app_init ] --START--
INFO: Run Behavior\BuildLiteBehavior [ RunTime:0.000000s ]
INFO: [ app_init ] --END-- [ RunTime:0.001000s ]
NOTIC: [8] Use of undefined constant ture - assumed 'ture' D:\wamp\www\thinkphp\Application\Home\Conf\config.php 第 14 行.

[ 2016-03-11T14:34:23+08:00 ] 127.0.0.1 /thinkphp/Home/User/group.html
INFO: [ app_init ] --START--
INFO: Run Behavior\BuildLiteBehavior [ RunTime:0.000000s ]
INFO: [ app_init ] --END-- [ RunTime:0.000000s ]
NOTIC: [8] Use of undefined constant ture - assumed 'ture' D:\wamp\www\thinkphp\Application\Home\Conf\config.php 第 14 行.

[ 2016-03-11T14:34:24+08:00 ] 127.0.0.1 /thinkphp/Home/User/group_add.html
INFO: [ app_init ] --START--
INFO: Run Behavior\BuildLiteBehavior [ RunTime:0.000000s ]
INFO: [ app_init ] --END-- [ RunTime:0.000000s ]
NOTIC: [8] Use of undefined constant ture - assumed 'ture' D:\wamp\www\thinkphp\Application\Home\Conf\config.php 第 14 行.

[ 2016-03-11T14:34:35+08:00 ] 127.0.0.1 /thinkphp/Home/User/rule.html
INFO: [ app_init ] --START--
INFO: Run Behavior\BuildLiteBehavior [ RunTime:0.000000s ]
INFO: [ app_init ] --END-- [ RunTime:0.000000s ]
NOTIC: [8] Use of undefined constant ture - assumed 'ture' D:\wamp\www\thinkphp\Application\Home\Conf\config.php 第 14 行.

[ 2016-03-11T14:34:37+08:00 ] 127.0.0.1 /thinkphp/Home/User/rule_del.html?id=2
INFO: [ app_init ] --START--
INFO: Run Behavior\BuildLiteBehavior [ RunTime:0.000000s ]
INFO: [ app_init ] --END-- [ RunTime:0.001000s ]
NOTIC: [8] Use of undefined constant ture - assumed 'ture' D:\wamp\www\thinkphp\Application\Home\Conf\config.php 第 14 行.

[ 2016-03-11T14:34:38+08:00 ] 127.0.0.1 /thinkphp/Home/User/rule.html
INFO: [ app_init ] --START--
INFO: Run Behavior\BuildLiteBehavior [ RunTime:0.000000s ]
INFO: [ app_init ] --END-- [ RunTime:0.001000s ]
NOTIC: [8] Use of undefined constant ture - assumed 'ture' D:\wamp\www\thinkphp\Application\Home\Conf\config.php 第 14 行.

[ 2016-03-11T14:35:28+08:00 ] 127.0.0.1 /thinkphp/Home/User/user.html
INFO: [ app_init ] --START--
INFO: Run Behavior\BuildLiteBehavior [ RunTime:0.000000s ]
INFO: [ app_init ] --END-- [ RunTime:0.001000s ]
NOTIC: [8] Use of undefined constant ture - assumed 'ture' D:\wamp\www\thinkphp\Application\Home\Conf\config.php 第 14 行.

[ 2016-03-11T14:35:32+08:00 ] 127.0.0.1 /thinkphp/Home/User/rule.html
INFO: [ app_init ] --START--
INFO: Run Behavior\BuildLiteBehavior [ RunTime:0.000000s ]
INFO: [ app_init ] --END-- [ RunTime:0.001000s ]
NOTIC: [8] Use of undefined constant ture - assumed 'ture' D:\wamp\www\thinkphp\Application\Home\Conf\config.php 第 14 行.

[ 2016-03-11T14:35:33+08:00 ] 127.0.0.1 /thinkphp/Home/User/rule_add.html
INFO: [ app_init ] --START--
INFO: Run Behavior\BuildLiteBehavior [ RunTime:0.000000s ]
INFO: [ app_init ] --END-- [ RunTime:0.000000s ]
NOTIC: [8] Use of undefined constant ture - assumed 'ture' D:\wamp\www\thinkphp\Application\Home\Conf\config.php 第 14 行.

[ 2016-03-11T14:36:04+08:00 ] 127.0.0.1 /thinkphp/Home/User/rule_add.html
INFO: [ app_init ] --START--
INFO: Run Behavior\BuildLiteBehavior [ RunTime:0.000000s ]
INFO: [ app_init ] --END-- [ RunTime:0.001000s ]
NOTIC: [8] Use of undefined constant ture - assumed 'ture' D:\wamp\www\thinkphp\Application\Home\Conf\config.php 第 14 行.

[ 2016-03-11T14:36:05+08:00 ] 127.0.0.1 /thinkphp/Home/User/rule.html
INFO: [ app_init ] --START--
INFO: Run Behavior\BuildLiteBehavior [ RunTime:0.000000s ]
INFO: [ app_init ] --END-- [ RunTime:0.000000s ]
NOTIC: [8] Use of undefined constant ture - assumed 'ture' D:\wamp\www\thinkphp\Application\Home\Conf\config.php 第 14 行.

[ 2016-03-11T14:36:16+08:00 ] 127.0.0.1 /thinkphp/Home/User/group.html
INFO: [ app_init ] --START--
INFO: Run Behavior\BuildLiteBehavior [ RunTime:0.000000s ]
INFO: [ app_init ] --END-- [ RunTime:0.000000s ]
NOTIC: [8] Use of undefined constant ture - assumed 'ture' D:\wamp\www\thinkphp\Application\Home\Conf\config.php 第 14 行.

[ 2016-03-11T14:36:18+08:00 ] 127.0.0.1 /thinkphp/Home/User/group_add.html
INFO: [ app_init ] --START--
INFO: Run Behavior\BuildLiteBehavior [ RunTime:0.000000s ]
INFO: [ app_init ] --END-- [ RunTime:0.001000s ]
NOTIC: [8] Use of undefined constant ture - assumed 'ture' D:\wamp\www\thinkphp\Application\Home\Conf\config.php 第 14 行.

[ 2016-03-11T14:36:30+08:00 ] 127.0.0.1 /thinkphp/Home/User/group_add.html
INFO: [ app_init ] --START--
INFO: Run Behavior\BuildLiteBehavior [ RunTime:0.000000s ]
INFO: [ app_init ] --END-- [ RunTime:0.001000s ]
NOTIC: [8] Use of undefined constant ture - assumed 'ture' D:\wamp\www\thinkphp\Application\Home\Conf\config.php 第 14 行.

[ 2016-03-11T14:36:32+08:00 ] 127.0.0.1 /thinkphp/Home/User/group.html
INFO: [ app_init ] --START--
INFO: Run Behavior\BuildLiteBehavior [ RunTime:0.000000s ]
INFO: [ app_init ] --END-- [ RunTime:0.000000s ]
NOTIC: [8] Use of undefined constant ture - assumed 'ture' D:\wamp\www\thinkphp\Application\Home\Conf\config.php 第 14 行.

[ 2016-03-11T14:36:47+08:00 ] 127.0.0.1 /thinkphp/Home/User/user.html
INFO: [ app_init ] --START--
INFO: Run Behavior\BuildLiteBehavior [ RunTime:0.000000s ]
INFO: [ app_init ] --END-- [ RunTime:0.000000s ]
NOTIC: [8] Use of undefined constant ture - assumed 'ture' D:\wamp\www\thinkphp\Application\Home\Conf\config.php 第 14 行.

[ 2016-03-11T14:36:49+08:00 ] 127.0.0.1 /thinkphp/Home/User/group.html
INFO: [ app_init ] --START--
INFO: Run Behavior\BuildLiteBehavior [ RunTime:0.000000s ]
INFO: [ app_init ] --END-- [ RunTime:0.000000s ]
NOTIC: [8] Use of undefined constant ture - assumed 'ture' D:\wamp\www\thinkphp\Application\Home\Conf\config.php 第 14 行.

[ 2016-03-11T14:37:13+08:00 ] 127.0.0.1 /thinkphp/Home/User/group.html
INFO: [ app_init ] --START--
INFO: Run Behavior\BuildLiteBehavior [ RunTime:0.000000s ]
INFO: [ app_init ] --END-- [ RunTime:0.001000s ]
NOTIC: [8] Use of undefined constant ture - assumed 'ture' D:\wamp\www\thinkphp\Application\Home\Conf\config.php 第 14 行.

[ 2016-03-11T14:37:18+08:00 ] 127.0.0.1 /thinkphp/Home/User/group_edit.html?id=1
INFO: [ app_init ] --START--
INFO: Run Behavior\BuildLiteBehavior [ RunTime:0.000000s ]
INFO: [ app_init ] --END-- [ RunTime:0.001000s ]
NOTIC: [8] Use of undefined constant ture - assumed 'ture' D:\wamp\www\thinkphp\Application\Home\Conf\config.php 第 14 行.

[ 2016-03-11T14:37:22+08:00 ] 127.0.0.1 /thinkphp/Home/User/user.html
INFO: [ app_init ] --START--
INFO: Run Behavior\BuildLiteBehavior [ RunTime:0.000000s ]
INFO: [ app_init ] --END-- [ RunTime:0.000000s ]
NOTIC: [8] Use of undefined constant ture - assumed 'ture' D:\wamp\www\thinkphp\Application\Home\Conf\config.php 第 14 行.

[ 2016-03-11T14:37:24+08:00 ] 127.0.0.1 /thinkphp/Home/User/user_add.html
INFO: [ app_init ] --START--
INFO: Run Behavior\BuildLiteBehavior [ RunTime:0.000000s ]
INFO: [ app_init ] --END-- [ RunTime:0.000000s ]
NOTIC: [8] Use of undefined constant ture - assumed 'ture' D:\wamp\www\thinkphp\Application\Home\Conf\config.php 第 14 行.

[ 2016-03-11T14:37:37+08:00 ] 127.0.0.1 /thinkphp/Home/User/user_add.html
INFO: [ app_init ] --START--
INFO: Run Behavior\BuildLiteBehavior [ RunTime:0.000000s ]
INFO: [ app_init ] --END-- [ RunTime:0.001000s ]
NOTIC: [8] Use of undefined constant ture - assumed 'ture' D:\wamp\www\thinkphp\Application\Home\Conf\config.php 第 14 行.

[ 2016-03-11T14:37:38+08:00 ] 127.0.0.1 /thinkphp/Home/User/user.html
INFO: [ app_init ] --START--
INFO: Run Behavior\BuildLiteBehavior [ RunTime:0.000000s ]
INFO: [ app_init ] --END-- [ RunTime:0.001000s ]
NOTIC: [8] Use of undefined constant ture - assumed 'ture' D:\wamp\www\thinkphp\Application\Home\Conf\config.php 第 14 行.

[ 2016-03-11T14:38:01+08:00 ] 127.0.0.1 /thinkphp/Home/Login/quit.html
INFO: [ app_init ] --START--
INFO: Run Behavior\BuildLiteBehavior [ RunTime:0.000000s ]
INFO: [ app_init ] --END-- [ RunTime:0.001000s ]
NOTIC: [8] Use of undefined constant ture - assumed 'ture' D:\wamp\www\thinkphp\Application\Home\Conf\config.php 第 14 行.

[ 2016-03-11T14:38:02+08:00 ] 127.0.0.1 /thinkphp/Home/Login/index.html
INFO: [ app_init ] --START--
INFO: Run Behavior\BuildLiteBehavior [ RunTime:0.000000s ]
INFO: [ app_init ] --END-- [ RunTime:0.001000s ]
NOTIC: [8] Use of undefined constant ture - assumed 'ture' D:\wamp\www\thinkphp\Application\Home\Conf\config.php 第 14 行.

[ 2016-03-11T14:38:07+08:00 ] 127.0.0.1 /thinkphp/Home/Login/index.html
INFO: [ app_init ] --START--
INFO: Run Behavior\BuildLiteBehavior [ RunTime:0.000000s ]
INFO: [ app_init ] --END-- [ RunTime:0.000000s ]
NOTIC: [8] Use of undefined constant ture - assumed 'ture' D:\wamp\www\thinkphp\Application\Home\Conf\config.php 第 14 行.

[ 2016-03-11T14:38:08+08:00 ] 127.0.0.1 /thinkphp/Home/Index/index.html
INFO: [ app_init ] --START--
INFO: Run Behavior\BuildLiteBehavior [ RunTime:0.001000s ]
INFO: [ app_init ] --END-- [ RunTime:0.001000s ]
NOTIC: [8] Use of undefined constant ture - assumed 'ture' D:\wamp\www\thinkphp\Application\Home\Conf\config.php 第 14 行.

[ 2016-03-11T14:38:19+08:00 ] 127.0.0.1 /thinkphp/Home/User/user_add.html
INFO: [ app_init ] --START--
INFO: Run Behavior\BuildLiteBehavior [ RunTime:0.000000s ]
INFO: [ app_init ] --END-- [ RunTime:0.001000s ]
NOTIC: [8] Use of undefined constant ture - assumed 'ture' D:\wamp\www\thinkphp\Application\Home\Conf\config.php 第 14 行.

[ 2016-03-11T14:38:33+08:00 ] 127.0.0.1 /thinkphp/Home/Index/
INFO: [ app_init ] --START--
INFO: Run Behavior\BuildLiteBehavior [ RunTime:0.000000s ]
INFO: [ app_init ] --END-- [ RunTime:0.001000s ]
NOTIC: [8] Use of undefined constant ture - assumed 'ture' D:\wamp\www\thinkphp\Application\Home\Conf\config.php 第 14 行.

[ 2016-03-11T14:38:42+08:00 ] 127.0.0.1 /thinkphp/Home/User/user_add.html
INFO: [ app_init ] --START--
INFO: Run Behavior\BuildLiteBehavior [ RunTime:0.000000s ]
INFO: [ app_init ] --END-- [ RunTime:0.001000s ]
NOTIC: [8] Use of undefined constant ture - assumed 'ture' D:\wamp\www\thinkphp\Application\Home\Conf\config.php 第 14 行.

[ 2016-03-11T14:38:44+08:00 ] 127.0.0.1 /thinkphp/Home/User/user_add.html
INFO: [ app_init ] --START--
INFO: Run Behavior\BuildLiteBehavior [ RunTime:0.000000s ]
INFO: [ app_init ] --END-- [ RunTime:0.001000s ]
NOTIC: [8] Use of undefined constant ture - assumed 'ture' D:\wamp\www\thinkphp\Application\Home\Conf\config.php 第 14 行.

[ 2016-03-11T14:38:51+08:00 ] 127.0.0.1 /thinkphp/Home/Login/quit.html
INFO: [ app_init ] --START--
INFO: Run Behavior\BuildLiteBehavior [ RunTime:0.000000s ]
INFO: [ app_init ] --END-- [ RunTime:0.001000s ]
NOTIC: [8] Use of undefined constant ture - assumed 'ture' D:\wamp\www\thinkphp\Application\Home\Conf\config.php 第 14 行.

[ 2016-03-11T14:38:52+08:00 ] 127.0.0.1 /thinkphp/Home/Login/index.html
INFO: [ app_init ] --START--
INFO: Run Behavior\BuildLiteBehavior [ RunTime:0.000000s ]
INFO: [ app_init ] --END-- [ RunTime:0.000000s ]
NOTIC: [8] Use of undefined constant ture - assumed 'ture' D:\wamp\www\thinkphp\Application\Home\Conf\config.php 第 14 行.

[ 2016-03-11T14:38:55+08:00 ] 127.0.0.1 /thinkphp/Home/Login/index.html
INFO: [ app_init ] --START--
INFO: Run Behavior\BuildLiteBehavior [ RunTime:0.000000s ]
INFO: [ app_init ] --END-- [ RunTime:0.001000s ]
NOTIC: [8] Use of undefined constant ture - assumed 'ture' D:\wamp\www\thinkphp\Application\Home\Conf\config.php 第 14 行.

[ 2016-03-11T14:38:56+08:00 ] 127.0.0.1 /thinkphp/Home/Index/index.html
INFO: [ app_init ] --START--
INFO: Run Behavior\BuildLiteBehavior [ RunTime:0.000000s ]
INFO: [ app_init ] --END-- [ RunTime:0.000000s ]
NOTIC: [8] Use of undefined constant ture - assumed 'ture' D:\wamp\www\thinkphp\Application\Home\Conf\config.php 第 14 行.

[ 2016-03-11T14:39:01+08:00 ] 127.0.0.1 /thinkphp/Home/User/group.html
INFO: [ app_init ] --START--
INFO: Run Behavior\BuildLiteBehavior [ RunTime:0.000000s ]
INFO: [ app_init ] --END-- [ RunTime:0.000000s ]
NOTIC: [8] Use of undefined constant ture - assumed 'ture' D:\wamp\www\thinkphp\Application\Home\Conf\config.php 第 14 行.

[ 2016-03-11T14:39:04+08:00 ] 127.0.0.1 /thinkphp/Home/User/group_edit.html?id=1
INFO: [ app_init ] --START--
INFO: Run Behavior\BuildLiteBehavior [ RunTime:0.000000s ]
INFO: [ app_init ] --END-- [ RunTime:0.000000s ]
NOTIC: [8] Use of undefined constant ture - assumed 'ture' D:\wamp\www\thinkphp\Application\Home\Conf\config.php 第 14 行.

[ 2016-03-11T14:39:09+08:00 ] 127.0.0.1 /thinkphp/Home/User/rule.html
INFO: [ app_init ] --START--
INFO: Run Behavior\BuildLiteBehavior [ RunTime:0.000000s ]
INFO: [ app_init ] --END-- [ RunTime:0.000000s ]
NOTIC: [8] Use of undefined constant ture - assumed 'ture' D:\wamp\www\thinkphp\Application\Home\Conf\config.php 第 14 行.

[ 2016-03-11T14:39:11+08:00 ] 127.0.0.1 /thinkphp/Home/User/rule_edit.html?id=1
INFO: [ app_init ] --START--
INFO: Run Behavior\BuildLiteBehavior [ RunTime:0.000000s ]
INFO: [ app_init ] --END-- [ RunTime:0.000000s ]
NOTIC: [8] Use of undefined constant ture - assumed 'ture' D:\wamp\www\thinkphp\Application\Home\Conf\config.php 第 14 行.

[ 2016-03-11T14:39:18+08:00 ] 127.0.0.1 /thinkphp/Home/User/rule_edit.html?id=1
INFO: [ app_init ] --START--
INFO: Run Behavior\BuildLiteBehavior [ RunTime:0.000000s ]
INFO: [ app_init ] --END-- [ RunTime:0.000000s ]
NOTIC: [8] Use of undefined constant ture - assumed 'ture' D:\wamp\www\thinkphp\Application\Home\Conf\config.php 第 14 行.

[ 2016-03-11T14:39:19+08:00 ] 127.0.0.1 /thinkphp/Home/User/rule.html
INFO: [ app_init ] --START--
INFO: Run Behavior\BuildLiteBehavior [ RunTime:0.000000s ]
INFO: [ app_init ] --END-- [ RunTime:0.001000s ]
NOTIC: [8] Use of undefined constant ture - assumed 'ture' D:\wamp\www\thinkphp\Application\Home\Conf\config.php 第 14 行.

[ 2016-03-11T14:39:21+08:00 ] 127.0.0.1 /thinkphp/Home/Login/quit.html
INFO: [ app_init ] --START--
INFO: Run Behavior\BuildLiteBehavior [ RunTime:0.000000s ]
INFO: [ app_init ] --END-- [ RunTime:0.000000s ]
NOTIC: [8] Use of undefined constant ture - assumed 'ture' D:\wamp\www\thinkphp\Application\Home\Conf\config.php 第 14 行.

[ 2016-03-11T14:39:22+08:00 ] 127.0.0.1 /thinkphp/Home/Login/index.html
INFO: [ app_init ] --START--
INFO: Run Behavior\BuildLiteBehavior [ RunTime:0.000000s ]
INFO: [ app_init ] --END-- [ RunTime:0.000000s ]
NOTIC: [8] Use of undefined constant ture - assumed 'ture' D:\wamp\www\thinkphp\Application\Home\Conf\config.php 第 14 行.

[ 2016-03-11T14:39:25+08:00 ] 127.0.0.1 /thinkphp/Home/Login/index.html
INFO: [ app_init ] --START--
INFO: Run Behavior\BuildLiteBehavior [ RunTime:0.000000s ]
INFO: [ app_init ] --END-- [ RunTime:0.001000s ]
NOTIC: [8] Use of undefined constant ture - assumed 'ture' D:\wamp\www\thinkphp\Application\Home\Conf\config.php 第 14 行.

[ 2016-03-11T14:39:26+08:00 ] 127.0.0.1 /thinkphp/Home/Index/index.html
INFO: [ app_init ] --START--
INFO: Run Behavior\BuildLiteBehavior [ RunTime:0.000000s ]
INFO: [ app_init ] --END-- [ RunTime:0.001000s ]
NOTIC: [8] Use of undefined constant ture - assumed 'ture' D:\wamp\www\thinkphp\Application\Home\Conf\config.php 第 14 行.

[ 2016-03-11T14:40:46+08:00 ] 127.0.0.1 /thinkphp/Home/Login/index.html
INFO: [ app_init ] --START--
INFO: Run Behavior\BuildLiteBehavior [ RunTime:0.000000s ]
INFO: [ app_init ] --END-- [ RunTime:0.000000s ]
NOTIC: [8] Use of undefined constant ture - assumed 'ture' D:\wamp\www\thinkphp\Application\Home\Conf\config.php 第 14 行.

[ 2016-03-11T14:40:46+08:00 ] 127.0.0.1 /thinkphp/Home/Index/index.html
INFO: [ app_init ] --START--
INFO: Run Behavior\BuildLiteBehavior [ RunTime:0.000000s ]
INFO: [ app_init ] --END-- [ RunTime:0.001000s ]
NOTIC: [8] Use of undefined constant ture - assumed 'ture' D:\wamp\www\thinkphp\Application\Home\Conf\config.php 第 14 行.

[ 2016-03-11T14:42:59+08:00 ] 127.0.0.1 /thinkphp/Home/Login/index.html
INFO: [ app_init ] --START--
INFO: Run Behavior\BuildLiteBehavior [ RunTime:0.000000s ]
INFO: [ app_init ] --END-- [ RunTime:0.001000s ]
NOTIC: [8] Use of undefined constant ture - assumed 'ture' D:\wamp\www\thinkphp\Application\Home\Conf\config.php 第 14 行.

[ 2016-03-11T14:42:59+08:00 ] 127.0.0.1 /thinkphp/Home/Index/index.html
INFO: [ app_init ] --START--
INFO: Run Behavior\BuildLiteBehavior [ RunTime:0.000000s ]
INFO: [ app_init ] --END-- [ RunTime:0.000000s ]
NOTIC: [8] Use of undefined constant ture - assumed 'ture' D:\wamp\www\thinkphp\Application\Home\Conf\config.php 第 14 行.

[ 2016-03-11T14:43:07+08:00 ] 127.0.0.1 /thinkphp/Home/Login/index.html
INFO: [ app_init ] --START--
INFO: Run Behavior\BuildLiteBehavior [ RunTime:0.000000s ]
INFO: [ app_init ] --END-- [ RunTime:0.001000s ]
NOTIC: [8] Use of undefined constant ture - assumed 'ture' D:\wamp\www\thinkphp\Application\Home\Conf\config.php 第 14 行.

[ 2016-03-11T14:43:07+08:00 ] 127.0.0.1 /thinkphp/Home/Index/index.html
INFO: [ app_init ] --START--
INFO: Run Behavior\BuildLiteBehavior [ RunTime:0.000000s ]
INFO: [ app_init ] --END-- [ RunTime:0.000000s ]
NOTIC: [8] Use of undefined constant ture - assumed 'ture' D:\wamp\www\thinkphp\Application\Home\Conf\config.php 第 14 行.

[ 2016-03-11T14:43:11+08:00 ] 127.0.0.1 /thinkphp/Home/Login/index.html
INFO: [ app_init ] --START--
INFO: Run Behavior\BuildLiteBehavior [ RunTime:0.001000s ]
INFO: [ app_init ] --END-- [ RunTime:0.001000s ]
NOTIC: [8] Use of undefined constant ture - assumed 'ture' D:\wamp\www\thinkphp\Application\Home\Conf\config.php 第 14 行.

[ 2016-03-11T14:43:11+08:00 ] 127.0.0.1 /thinkphp/Home/Index/index.html
INFO: [ app_init ] --START--
INFO: Run Behavior\BuildLiteBehavior [ RunTime:0.000000s ]
INFO: [ app_init ] --END-- [ RunTime:0.001000s ]
NOTIC: [8] Use of undefined constant ture - assumed 'ture' D:\wamp\www\thinkphp\Application\Home\Conf\config.php 第 14 行.

[ 2016-03-11T14:43:22+08:00 ] 127.0.0.1 /thinkphp/Home/User/group_edit.html?id=13
INFO: [ app_init ] --START--
INFO: Run Behavior\BuildLiteBehavior [ RunTime:0.000000s ]
INFO: [ app_init ] --END-- [ RunTime:0.001000s ]
NOTIC: [8] Use of undefined constant ture - assumed 'ture' D:\wamp\www\thinkphp\Application\Home\Conf\config.php 第 14 行.

[ 2016-03-11T14:43:23+08:00 ] 127.0.0.1 /thinkphp/Home/User/group.html
INFO: [ app_init ] --START--
INFO: Run Behavior\BuildLiteBehavior [ RunTime:0.000000s ]
INFO: [ app_init ] --END-- [ RunTime:0.000000s ]
NOTIC: [8] Use of undefined constant ture - assumed 'ture' D:\wamp\www\thinkphp\Application\Home\Conf\config.php 第 14 行.

[ 2016-03-11T14:43:30+08:00 ] 127.0.0.1 /thinkphp/Home/User/user.html
INFO: [ app_init ] --START--
INFO: Run Behavior\BuildLiteBehavior [ RunTime:0.000000s ]
INFO: [ app_init ] --END-- [ RunTime:0.001000s ]
NOTIC: [8] Use of undefined constant ture - assumed 'ture' D:\wamp\www\thinkphp\Application\Home\Conf\config.php 第 14 行.

[ 2016-03-11T14:43:33+08:00 ] 127.0.0.1 /thinkphp/Home/User/group.html
INFO: [ app_init ] --START--
INFO: Run Behavior\BuildLiteBehavior [ RunTime:0.000000s ]
INFO: [ app_init ] --END-- [ RunTime:0.000000s ]
NOTIC: [8] Use of undefined constant ture - assumed 'ture' D:\wamp\www\thinkphp\Application\Home\Conf\config.php 第 14 行.

[ 2016-03-11T14:43:35+08:00 ] 127.0.0.1 /thinkphp/Home/User/rule.html
INFO: [ app_init ] --START--
INFO: Run Behavior\BuildLiteBehavior [ RunTime:0.000000s ]
INFO: [ app_init ] --END-- [ RunTime:0.001000s ]
NOTIC: [8] Use of undefined constant ture - assumed 'ture' D:\wamp\www\thinkphp\Application\Home\Conf\config.php 第 14 行.

[ 2016-03-11T14:43:37+08:00 ] 127.0.0.1 /thinkphp/Home/User/rule_edit.html?id=1
INFO: [ app_init ] --START--
INFO: Run Behavior\BuildLiteBehavior [ RunTime:0.000000s ]
INFO: [ app_init ] --END-- [ RunTime:0.000000s ]
NOTIC: [8] Use of undefined constant ture - assumed 'ture' D:\wamp\www\thinkphp\Application\Home\Conf\config.php 第 14 行.

[ 2016-03-11T14:43:41+08:00 ] 127.0.0.1 /thinkphp/Home/User/rule_edit.html?id=1
INFO: [ app_init ] --START--
INFO: Run Behavior\BuildLiteBehavior [ RunTime:0.000000s ]
INFO: [ app_init ] --END-- [ RunTime:0.001000s ]
NOTIC: [8] Use of undefined constant ture - assumed 'ture' D:\wamp\www\thinkphp\Application\Home\Conf\config.php 第 14 行.

[ 2016-03-11T14:43:42+08:00 ] 127.0.0.1 /thinkphp/Home/User/rule.html
INFO: [ app_init ] --START--
INFO: Run Behavior\BuildLiteBehavior [ RunTime:0.000000s ]
INFO: [ app_init ] --END-- [ RunTime:0.001000s ]
NOTIC: [8] Use of undefined constant ture - assumed 'ture' D:\wamp\www\thinkphp\Application\Home\Conf\config.php 第 14 行.

[ 2016-03-11T14:43:50+08:00 ] 127.0.0.1 /thinkphp/
INFO: [ app_init ] --START--
INFO: Run Behavior\BuildLiteBehavior [ RunTime:0.000000s ]
INFO: [ app_init ] --END-- [ RunTime:0.001000s ]
NOTIC: [8] Use of undefined constant ture - assumed 'ture' D:\wamp\www\thinkphp\Application\Home\Conf\config.php 第 14 行.

[ 2016-03-11T14:43:54+08:00 ] 127.0.0.1 /thinkphp/Home/Login/quit.html
INFO: [ app_init ] --START--
INFO: Run Behavior\BuildLiteBehavior [ RunTime:0.000000s ]
INFO: [ app_init ] --END-- [ RunTime:0.001000s ]
NOTIC: [8] Use of undefined constant ture - assumed 'ture' D:\wamp\www\thinkphp\Application\Home\Conf\config.php 第 14 行.

[ 2016-03-11T14:43:55+08:00 ] 127.0.0.1 /thinkphp/Home/Login/index.html
INFO: [ app_init ] --START--
INFO: Run Behavior\BuildLiteBehavior [ RunTime:0.000000s ]
INFO: [ app_init ] --END-- [ RunTime:0.000000s ]
NOTIC: [8] Use of undefined constant ture - assumed 'ture' D:\wamp\www\thinkphp\Application\Home\Conf\config.php 第 14 行.

[ 2016-03-11T14:43:58+08:00 ] 127.0.0.1 /thinkphp/Home/Login/index.html
INFO: [ app_init ] --START--
INFO: Run Behavior\BuildLiteBehavior [ RunTime:0.000000s ]
INFO: [ app_init ] --END-- [ RunTime:0.001000s ]
NOTIC: [8] Use of undefined constant ture - assumed 'ture' D:\wamp\www\thinkphp\Application\Home\Conf\config.php 第 14 行.

[ 2016-03-11T14:43:59+08:00 ] 127.0.0.1 /thinkphp/Home/Index/index.html
INFO: [ app_init ] --START--
INFO: Run Behavior\BuildLiteBehavior [ RunTime:0.000000s ]
INFO: [ app_init ] --END-- [ RunTime:0.000000s ]
NOTIC: [8] Use of undefined constant ture - assumed 'ture' D:\wamp\www\thinkphp\Application\Home\Conf\config.php 第 14 行.

[ 2016-03-11T14:44:02+08:00 ] 127.0.0.1 /thinkphp/Home/User/user.html
INFO: [ app_init ] --START--
INFO: Run Behavior\BuildLiteBehavior [ RunTime:0.000000s ]
INFO: [ app_init ] --END-- [ RunTime:0.000000s ]
NOTIC: [8] Use of undefined constant ture - assumed 'ture' D:\wamp\www\thinkphp\Application\Home\Conf\config.php 第 14 行.

[ 2016-03-11T14:44:07+08:00 ] 127.0.0.1 /thinkphp/Home/User/group.html
INFO: [ app_init ] --START--
INFO: Run Behavior\BuildLiteBehavior [ RunTime:0.000000s ]
INFO: [ app_init ] --END-- [ RunTime:0.001000s ]
NOTIC: [8] Use of undefined constant ture - assumed 'ture' D:\wamp\www\thinkphp\Application\Home\Conf\config.php 第 14 行.

[ 2016-03-11T14:44:15+08:00 ] 127.0.0.1 /thinkphp/Home/User/rule.html
INFO: [ app_init ] --START--
INFO: Run Behavior\BuildLiteBehavior [ RunTime:0.000000s ]
INFO: [ app_init ] --END-- [ RunTime:0.001000s ]
NOTIC: [8] Use of undefined constant ture - assumed 'ture' D:\wamp\www\thinkphp\Application\Home\Conf\config.php 第 14 行.

[ 2016-03-11T14:44:28+08:00 ] 127.0.0.1 /thinkphp/Home/User/rule.html
INFO: [ app_init ] --START--
INFO: Run Behavior\BuildLiteBehavior [ RunTime:0.000000s ]
INFO: [ app_init ] --END-- [ RunTime:0.000000s ]
NOTIC: [8] Use of undefined constant ture - assumed 'ture' D:\wamp\www\thinkphp\Application\Home\Conf\config.php 第 14 行.

[ 2016-03-11T14:44:29+08:00 ] 127.0.0.1 /thinkphp/Home/User/rule_add.html
INFO: [ app_init ] --START--
INFO: Run Behavior\BuildLiteBehavior [ RunTime:0.000000s ]
INFO: [ app_init ] --END-- [ RunTime:0.000000s ]
NOTIC: [8] Use of undefined constant ture - assumed 'ture' D:\wamp\www\thinkphp\Application\Home\Conf\config.php 第 14 行.

[ 2016-03-11T14:44:46+08:00 ] 127.0.0.1 /thinkphp/Home/User/rule_add.html
INFO: [ app_init ] --START--
INFO: Run Behavior\BuildLiteBehavior [ RunTime:0.000000s ]
INFO: [ app_init ] --END-- [ RunTime:0.000000s ]
NOTIC: [8] Use of undefined constant ture - assumed 'ture' D:\wamp\www\thinkphp\Application\Home\Conf\config.php 第 14 行.

[ 2016-03-11T14:44:47+08:00 ] 127.0.0.1 /thinkphp/Home/User/rule.html
INFO: [ app_init ] --START--
INFO: Run Behavior\BuildLiteBehavior [ RunTime:0.000000s ]
INFO: [ app_init ] --END-- [ RunTime:0.001000s ]
NOTIC: [8] Use of undefined constant ture - assumed 'ture' D:\wamp\www\thinkphp\Application\Home\Conf\config.php 第 14 行.

[ 2016-03-11T14:44:54+08:00 ] 127.0.0.1 /thinkphp/Home/User/user.html
INFO: [ app_init ] --START--
INFO: Run Behavior\BuildLiteBehavior [ RunTime:0.000000s ]
INFO: [ app_init ] --END-- [ RunTime:0.001000s ]
NOTIC: [8] Use of undefined constant ture - assumed 'ture' D:\wamp\www\thinkphp\Application\Home\Conf\config.php 第 14 行.

[ 2016-03-11T14:44:57+08:00 ] 127.0.0.1 /thinkphp/Home/Login/quit.html
INFO: [ app_init ] --START--
INFO: Run Behavior\BuildLiteBehavior [ RunTime:0.000000s ]
INFO: [ app_init ] --END-- [ RunTime:0.000000s ]
NOTIC: [8] Use of undefined constant ture - assumed 'ture' D:\wamp\www\thinkphp\Application\Home\Conf\config.php 第 14 行.

[ 2016-03-11T14:44:58+08:00 ] 127.0.0.1 /thinkphp/Home/Login/index.html
INFO: [ app_init ] --START--
INFO: Run Behavior\BuildLiteBehavior [ RunTime:0.001000s ]
INFO: [ app_init ] --END-- [ RunTime:0.001000s ]
NOTIC: [8] Use of undefined constant ture - assumed 'ture' D:\wamp\www\thinkphp\Application\Home\Conf\config.php 第 14 行.

[ 2016-03-11T14:45:02+08:00 ] 127.0.0.1 /thinkphp/Home/Login/index.html
INFO: [ app_init ] --START--
INFO: Run Behavior\BuildLiteBehavior [ RunTime:0.000000s ]
INFO: [ app_init ] --END-- [ RunTime:0.000000s ]
NOTIC: [8] Use of undefined constant ture - assumed 'ture' D:\wamp\www\thinkphp\Application\Home\Conf\config.php 第 14 行.

[ 2016-03-11T14:45:03+08:00 ] 127.0.0.1 /thinkphp/Home/Index/index.html
INFO: [ app_init ] --START--
INFO: Run Behavior\BuildLiteBehavior [ RunTime:0.000000s ]
INFO: [ app_init ] --END-- [ RunTime:0.000000s ]
NOTIC: [8] Use of undefined constant ture - assumed 'ture' D:\wamp\www\thinkphp\Application\Home\Conf\config.php 第 14 行.

[ 2016-03-11T14:45:05+08:00 ] 127.0.0.1 /thinkphp/Home/User/group.html
INFO: [ app_init ] --START--
INFO: Run Behavior\BuildLiteBehavior [ RunTime:0.000000s ]
INFO: [ app_init ] --END-- [ RunTime:0.001000s ]
NOTIC: [8] Use of undefined constant ture - assumed 'ture' D:\wamp\www\thinkphp\Application\Home\Conf\config.php 第 14 行.

[ 2016-03-11T14:45:10+08:00 ] 127.0.0.1 /thinkphp/Home/Login/quit.html
INFO: [ app_init ] --START--
INFO: Run Behavior\BuildLiteBehavior [ RunTime:0.000000s ]
INFO: [ app_init ] --END-- [ RunTime:0.001000s ]
NOTIC: [8] Use of undefined constant ture - assumed 'ture' D:\wamp\www\thinkphp\Application\Home\Conf\config.php 第 14 行.

[ 2016-03-11T14:45:11+08:00 ] 127.0.0.1 /thinkphp/Home/Login/index.html
INFO: [ app_init ] --START--
INFO: Run Behavior\BuildLiteBehavior [ RunTime:0.000000s ]
INFO: [ app_init ] --END-- [ RunTime:0.001000s ]
NOTIC: [8] Use of undefined constant ture - assumed 'ture' D:\wamp\www\thinkphp\Application\Home\Conf\config.php 第 14 行.

[ 2016-03-11T14:45:14+08:00 ] 127.0.0.1 /thinkphp/Home/Login/index.html
INFO: [ app_init ] --START--
INFO: Run Behavior\BuildLiteBehavior [ RunTime:0.000000s ]
INFO: [ app_init ] --END-- [ RunTime:0.001000s ]
NOTIC: [8] Use of undefined constant ture - assumed 'ture' D:\wamp\www\thinkphp\Application\Home\Conf\config.php 第 14 行.

[ 2016-03-11T14:45:15+08:00 ] 127.0.0.1 /thinkphp/Home/Index/index.html
INFO: [ app_init ] --START--
INFO: Run Behavior\BuildLiteBehavior [ RunTime:0.000000s ]
INFO: [ app_init ] --END-- [ RunTime:0.001000s ]
NOTIC: [8] Use of undefined constant ture - assumed 'ture' D:\wamp\www\thinkphp\Application\Home\Conf\config.php 第 14 行.

[ 2016-03-11T14:45:20+08:00 ] 127.0.0.1 /thinkphp/Home/User/group.html
INFO: [ app_init ] --START--
INFO: Run Behavior\BuildLiteBehavior [ RunTime:0.000000s ]
INFO: [ app_init ] --END-- [ RunTime:0.001000s ]
NOTIC: [8] Use of undefined constant ture - assumed 'ture' D:\wamp\www\thinkphp\Application\Home\Conf\config.php 第 14 行.

[ 2016-03-11T14:45:27+08:00 ] 127.0.0.1 /thinkphp/Home/User/rule_del.html?id=2
INFO: [ app_init ] --START--
INFO: Run Behavior\BuildLiteBehavior [ RunTime:0.000000s ]
INFO: [ app_init ] --END-- [ RunTime:0.001000s ]
NOTIC: [8] Use of undefined constant ture - assumed 'ture' D:\wamp\www\thinkphp\Application\Home\Conf\config.php 第 14 行.

[ 2016-03-11T14:45:28+08:00 ] 127.0.0.1 /thinkphp/Home/User/rule.html
INFO: [ app_init ] --START--
INFO: Run Behavior\BuildLiteBehavior [ RunTime:0.000000s ]
INFO: [ app_init ] --END-- [ RunTime:0.001000s ]
NOTIC: [8] Use of undefined constant ture - assumed 'ture' D:\wamp\www\thinkphp\Application\Home\Conf\config.php 第 14 行.

[ 2016-03-11T14:45:37+08:00 ] 127.0.0.1 /thinkphp/Home/User/rule_edit.html?id=1
INFO: [ app_init ] --START--
INFO: Run Behavior\BuildLiteBehavior [ RunTime:0.000000s ]
INFO: [ app_init ] --END-- [ RunTime:0.001000s ]
NOTIC: [8] Use of undefined constant ture - assumed 'ture' D:\wamp\www\thinkphp\Application\Home\Conf\config.php 第 14 行.

[ 2016-03-11T14:45:41+08:00 ] 127.0.0.1 /thinkphp/Home/User/rule_edit.html?id=1
INFO: [ app_init ] --START--
INFO: Run Behavior\BuildLiteBehavior [ RunTime:0.000000s ]
INFO: [ app_init ] --END-- [ RunTime:0.000000s ]
NOTIC: [8] Use of undefined constant ture - assumed 'ture' D:\wamp\www\thinkphp\Application\Home\Conf\config.php 第 14 行.

[ 2016-03-11T14:45:42+08:00 ] 127.0.0.1 /thinkphp/Home/User/rule.html
INFO: [ app_init ] --START--
INFO: Run Behavior\BuildLiteBehavior [ RunTime:0.000000s ]
INFO: [ app_init ] --END-- [ RunTime:0.001000s ]
NOTIC: [8] Use of undefined constant ture - assumed 'ture' D:\wamp\www\thinkphp\Application\Home\Conf\config.php 第 14 行.

[ 2016-03-11T16:09:02+08:00 ] 127.0.0.1 /thinkphp/
INFO: [ app_init ] --START--
INFO: Run Behavior\BuildLiteBehavior [ RunTime:0.000000s ]
INFO: [ app_init ] --END-- [ RunTime:0.001000s ]
NOTIC: [8] Use of undefined constant ture - assumed 'ture' D:\wamp\www\thinkphp\Application\Home\Conf\config.php 第 14 行.

[ 2016-03-11T16:09:05+08:00 ] 127.0.0.1 /thinkphp/Home/Login/index.html
INFO: [ app_init ] --START--
INFO: Run Behavior\BuildLiteBehavior [ RunTime:0.000000s ]
INFO: [ app_init ] --END-- [ RunTime:0.001000s ]
NOTIC: [8] Use of undefined constant ture - assumed 'ture' D:\wamp\www\thinkphp\Application\Home\Conf\config.php 第 14 行.

[ 2016-03-11T16:09:10+08:00 ] 127.0.0.1 /thinkphp/Home/Login/index.html
INFO: [ app_init ] --START--
INFO: Run Behavior\BuildLiteBehavior [ RunTime:0.000000s ]
INFO: [ app_init ] --END-- [ RunTime:0.001000s ]
NOTIC: [8] Use of undefined constant ture - assumed 'ture' D:\wamp\www\thinkphp\Application\Home\Conf\config.php 第 14 行.

[ 2016-03-11T16:09:11+08:00 ] 127.0.0.1 /thinkphp/Home/Index/index.html
INFO: [ app_init ] --START--
INFO: Run Behavior\BuildLiteBehavior [ RunTime:0.000000s ]
INFO: [ app_init ] --END-- [ RunTime:0.001001s ]
NOTIC: [8] Use of undefined constant ture - assumed 'ture' D:\wamp\www\thinkphp\Application\Home\Conf\config.php 第 14 行.

[ 2016-03-11T16:09:21+08:00 ] 127.0.0.1 /thinkphp/Home/User/rule.html
INFO: [ app_init ] --START--
INFO: Run Behavior\BuildLiteBehavior [ RunTime:0.000000s ]
INFO: [ app_init ] --END-- [ RunTime:0.001000s ]
NOTIC: [8] Use of undefined constant ture - assumed 'ture' D:\wamp\www\thinkphp\Application\Home\Conf\config.php 第 14 行.

[ 2016-03-11T16:09:25+08:00 ] 127.0.0.1 /thinkphp/Home/User/group.html
INFO: [ app_init ] --START--
INFO: Run Behavior\BuildLiteBehavior [ RunTime:0.000000s ]
INFO: [ app_init ] --END-- [ RunTime:0.000000s ]
NOTIC: [8] Use of undefined constant ture - assumed 'ture' D:\wamp\www\thinkphp\Application\Home\Conf\config.php 第 14 行.

[ 2016-03-11T16:09:32+08:00 ] 127.0.0.1 /thinkphp/Home/User/group.html
INFO: [ app_init ] --START--
INFO: Run Behavior\BuildLiteBehavior [ RunTime:0.000000s ]
INFO: [ app_init ] --END-- [ RunTime:0.000000s ]
NOTIC: [8] Use of undefined constant ture - assumed 'ture' D:\wamp\www\thinkphp\Application\Home\Conf\config.php 第 14 行.

[ 2016-03-11T16:09:39+08:00 ] 127.0.0.1 /thinkphp/Home/Login/quit.html
INFO: [ app_init ] --START--
INFO: Run Behavior\BuildLiteBehavior [ RunTime:0.000000s ]
INFO: [ app_init ] --END-- [ RunTime:0.000000s ]
NOTIC: [8] Use of undefined constant ture - assumed 'ture' D:\wamp\www\thinkphp\Application\Home\Conf\config.php 第 14 行.

[ 2016-03-11T16:09:40+08:00 ] 127.0.0.1 /thinkphp/Home/Login/index.html
INFO: [ app_init ] --START--
INFO: Run Behavior\BuildLiteBehavior [ RunTime:0.000000s ]
INFO: [ app_init ] --END-- [ RunTime:0.001000s ]
NOTIC: [8] Use of undefined constant ture - assumed 'ture' D:\wamp\www\thinkphp\Application\Home\Conf\config.php 第 14 行.

[ 2016-03-11T16:09:44+08:00 ] 127.0.0.1 /thinkphp/Home/Login/index.html
INFO: [ app_init ] --START--
INFO: Run Behavior\BuildLiteBehavior [ RunTime:0.001000s ]
INFO: [ app_init ] --END-- [ RunTime:0.001000s ]
NOTIC: [8] Use of undefined constant ture - assumed 'ture' D:\wamp\www\thinkphp\Application\Home\Conf\config.php 第 14 行.

[ 2016-03-11T16:09:45+08:00 ] 127.0.0.1 /thinkphp/Home/Index/index.html
INFO: [ app_init ] --START--
INFO: Run Behavior\BuildLiteBehavior [ RunTime:0.000000s ]
INFO: [ app_init ] --END-- [ RunTime:0.001000s ]
NOTIC: [8] Use of undefined constant ture - assumed 'ture' D:\wamp\www\thinkphp\Application\Home\Conf\config.php 第 14 行.

[ 2016-03-11T16:11:47+08:00 ] 127.0.0.1 /thinkphp/Home/Index/index.html
INFO: [ app_init ] --START--
INFO: Run Behavior\BuildLiteBehavior [ RunTime:0.000000s ]
INFO: [ app_init ] --END-- [ RunTime:0.000000s ]
NOTIC: [8] Use of undefined constant ture - assumed 'ture' D:\wamp\www\thinkphp\Application\Home\Conf\config.php 第 14 行.

[ 2016-03-11T16:11:48+08:00 ] 127.0.0.1 /thinkphp/Home/Index/index.html
INFO: [ app_init ] --START--
INFO: Run Behavior\BuildLiteBehavior [ RunTime:0.000000s ]
INFO: [ app_init ] --END-- [ RunTime:0.000000s ]
NOTIC: [8] Use of undefined constant ture - assumed 'ture' D:\wamp\www\thinkphp\Application\Home\Conf\config.php 第 14 行.

[ 2016-03-11T16:11:52+08:00 ] 127.0.0.1 /thinkphp/Home/User/user.html
INFO: [ app_init ] --START--
INFO: Run Behavior\BuildLiteBehavior [ RunTime:0.000000s ]
INFO: [ app_init ] --END-- [ RunTime:0.000000s ]
NOTIC: [8] Use of undefined constant ture - assumed 'ture' D:\wamp\www\thinkphp\Application\Home\Conf\config.php 第 14 行.

[ 2016-03-11T16:12:02+08:00 ] 127.0.0.1 /thinkphp/Home/User/user_edit.html?id=1
INFO: [ app_init ] --START--
INFO: Run Behavior\BuildLiteBehavior [ RunTime:0.000000s ]
INFO: [ app_init ] --END-- [ RunTime:0.000000s ]
NOTIC: [8] Use of undefined constant ture - assumed 'ture' D:\wamp\www\thinkphp\Application\Home\Conf\config.php 第 14 行.

[ 2016-03-11T16:12:14+08:00 ] 127.0.0.1 /thinkphp/Home/User/user_add.html
INFO: [ app_init ] --START--
INFO: Run Behavior\BuildLiteBehavior [ RunTime:0.000000s ]
INFO: [ app_init ] --END-- [ RunTime:0.000000s ]
NOTIC: [8] Use of undefined constant ture - assumed 'ture' D:\wamp\www\thinkphp\Application\Home\Conf\config.php 第 14 行.

[ 2016-03-11T16:12:22+08:00 ] 127.0.0.1 /thinkphp/
INFO: [ app_init ] --START--
INFO: Run Behavior\BuildLiteBehavior [ RunTime:0.000000s ]
INFO: [ app_init ] --END-- [ RunTime:0.001000s ]
NOTIC: [8] Use of undefined constant ture - assumed 'ture' D:\wamp\www\thinkphp\Application\Home\Conf\config.php 第 14 行.

[ 2016-03-11T16:12:54+08:00 ] 127.0.0.1 /thinkphp/Home/User/user.html
INFO: [ app_init ] --START--
INFO: Run Behavior\BuildLiteBehavior [ RunTime:0.000000s ]
INFO: [ app_init ] --END-- [ RunTime:0.000000s ]
NOTIC: [8] Use of undefined constant ture - assumed 'ture' D:\wamp\www\thinkphp\Application\Home\Conf\config.php 第 14 行.

[ 2016-03-11T16:12:57+08:00 ] 127.0.0.1 /thinkphp/Home/User/group.html
INFO: [ app_init ] --START--
INFO: Run Behavior\BuildLiteBehavior [ RunTime:0.000000s ]
INFO: [ app_init ] --END-- [ RunTime:0.001000s ]
NOTIC: [8] Use of undefined constant ture - assumed 'ture' D:\wamp\www\thinkphp\Application\Home\Conf\config.php 第 14 行.

[ 2016-03-11T16:13:23+08:00 ] 127.0.0.1 /thinkphp/Home
INFO: [ app_init ] --START--
INFO: Run Behavior\BuildLiteBehavior [ RunTime:0.000000s ]
INFO: [ app_init ] --END-- [ RunTime:0.001000s ]
NOTIC: [8] Use of undefined constant ture - assumed 'ture' D:\wamp\www\thinkphp\Application\Home\Conf\config.php 第 14 行.

[ 2016-03-11T16:17:02+08:00 ] 127.0.0.1 /thinkphp/Home
INFO: [ app_init ] --START--
INFO: Run Behavior\BuildLiteBehavior [ RunTime:0.000000s ]
INFO: [ app_init ] --END-- [ RunTime:0.000000s ]
NOTIC: [8] Use of undefined constant ture - assumed 'ture' D:\wamp\www\thinkphp\Application\Home\Conf\config.php 第 14 行.

[ 2016-03-11T16:17:16+08:00 ] 127.0.0.1 /thinkphp/Home
INFO: [ app_init ] --START--
INFO: Run Behavior\BuildLiteBehavior [ RunTime:0.000000s ]
INFO: [ app_init ] --END-- [ RunTime:0.000000s ]
NOTIC: [8] Use of undefined constant ture - assumed 'ture' D:\wamp\www\thinkphp\Application\Home\Conf\config.php 第 14 行.

[ 2016-03-11T16:17:16+08:00 ] 127.0.0.1 /thinkphp/Home
INFO: [ app_init ] --START--
INFO: Run Behavior\BuildLiteBehavior [ RunTime:0.000000s ]
INFO: [ app_init ] --END-- [ RunTime:0.001000s ]
NOTIC: [8] Use of undefined constant ture - assumed 'ture' D:\wamp\www\thinkphp\Application\Home\Conf\config.php 第 14 行.

[ 2016-03-11T16:17:20+08:00 ] 127.0.0.1 /thinkphp/Home
INFO: [ app_init ] --START--
INFO: Run Behavior\BuildLiteBehavior [ RunTime:0.000000s ]
INFO: [ app_init ] --END-- [ RunTime:0.001000s ]
NOTIC: [8] Use of undefined constant ture - assumed 'ture' D:\wamp\www\thinkphp\Application\Home\Conf\config.php 第 14 行.

[ 2016-03-11T16:17:59+08:00 ] 127.0.0.1 /thinkphp/Home
INFO: [ app_init ] --START--
INFO: Run Behavior\BuildLiteBehavior [ RunTime:0.000000s ]
INFO: [ app_init ] --END-- [ RunTime:0.000000s ]
NOTIC: [8] Use of undefined constant ture - assumed 'ture' D:\wamp\www\thinkphp\Application\Home\Conf\config.php 第 14 行.

[ 2016-03-11T16:18:12+08:00 ] 127.0.0.1 /thinkphp/Home
INFO: [ app_init ] --START--
INFO: Run Behavior\BuildLiteBehavior [ RunTime:0.000000s ]
INFO: [ app_init ] --END-- [ RunTime:0.000000s ]
NOTIC: [8] Use of undefined constant ture - assumed 'ture' D:\wamp\www\thinkphp\Application\Home\Conf\config.php 第 14 行.

[ 2016-03-11T16:20:08+08:00 ] 127.0.0.1 /thinkphp/Home
INFO: [ app_init ] --START--
INFO: Run Behavior\BuildLiteBehavior [ RunTime:0.000000s ]
INFO: [ app_init ] --END-- [ RunTime:0.000000s ]
NOTIC: [8] Use of undefined constant ture - assumed 'ture' D:\wamp\www\thinkphp\Application\Home\Conf\config.php 第 14 行.

[ 2016-03-11T16:20:31+08:00 ] 127.0.0.1 /thinkphp/Home/User/user.html
INFO: [ app_init ] --START--
INFO: Run Behavior\BuildLiteBehavior [ RunTime:0.000000s ]
INFO: [ app_init ] --END-- [ RunTime:0.001000s ]
NOTIC: [8] Use of undefined constant ture - assumed 'ture' D:\wamp\www\thinkphp\Application\Home\Conf\config.php 第 14 行.

[ 2016-03-11T16:20:52+08:00 ] 127.0.0.1 /thinkphp/Home/User/user.html
INFO: [ app_init ] --START--
INFO: Run Behavior\BuildLiteBehavior [ RunTime:0.000000s ]
INFO: [ app_init ] --END-- [ RunTime:0.001000s ]
NOTIC: [8] Use of undefined constant ture - assumed 'ture' D:\wamp\www\thinkphp\Application\Home\Conf\config.php 第 14 行.

[ 2016-03-11T16:20:57+08:00 ] 127.0.0.1 /thinkphp/Home/User/user.html
INFO: [ app_init ] --START--
INFO: Run Behavior\BuildLiteBehavior [ RunTime:0.000000s ]
INFO: [ app_init ] --END-- [ RunTime:0.001000s ]
NOTIC: [8] Use of undefined constant ture - assumed 'ture' D:\wamp\www\thinkphp\Application\Home\Conf\config.php 第 14 行.

[ 2016-03-11T16:21:34+08:00 ] 127.0.0.1 /thinkphp/Home/User/user.html
INFO: [ app_init ] --START--
INFO: Run Behavior\BuildLiteBehavior [ RunTime:0.000000s ]
INFO: [ app_init ] --END-- [ RunTime:0.000000s ]
NOTIC: [8] Use of undefined constant ture - assumed 'ture' D:\wamp\www\thinkphp\Application\Home\Conf\config.php 第 14 行.

[ 2016-03-11T16:22:08+08:00 ] 127.0.0.1 /thinkphp/Home/User/user.html
INFO: [ app_init ] --START--
INFO: Run Behavior\BuildLiteBehavior [ RunTime:0.000000s ]
INFO: [ app_init ] --END-- [ RunTime:0.000000s ]
NOTIC: [8] Use of undefined constant ture - assumed 'ture' D:\wamp\www\thinkphp\Application\Home\Conf\config.php 第 14 行.

[ 2016-03-11T16:23:19+08:00 ] 127.0.0.1 /thinkphp/Home/User/user.html
INFO: [ app_init ] --START--
INFO: Run Behavior\BuildLiteBehavior [ RunTime:0.000000s ]
INFO: [ app_init ] --END-- [ RunTime:0.000000s ]
NOTIC: [8] Use of undefined constant ture - assumed 'ture' D:\wamp\www\thinkphp\Application\Home\Conf\config.php 第 14 行.

[ 2016-03-11T16:24:53+08:00 ] 127.0.0.1 /thinkphp/Home/User/user.html
INFO: [ app_init ] --START--
INFO: Run Behavior\BuildLiteBehavior [ RunTime:0.000000s ]
INFO: [ app_init ] --END-- [ RunTime:0.000000s ]
NOTIC: [8] Use of undefined constant ture - assumed 'ture' D:\wamp\www\thinkphp\Application\Home\Conf\config.php 第 14 行.

[ 2016-03-11T16:24:57+08:00 ] 127.0.0.1 /thinkphp/Home/User/user.html
INFO: [ app_init ] --START--
INFO: Run Behavior\BuildLiteBehavior [ RunTime:0.000000s ]
INFO: [ app_init ] --END-- [ RunTime:0.001000s ]
NOTIC: [8] Use of undefined constant ture - assumed 'ture' D:\wamp\www\thinkphp\Application\Home\Conf\config.php 第 14 行.

[ 2016-03-11T16:26:30+08:00 ] 127.0.0.1 /thinkphp/Home/User/user.html
INFO: [ app_init ] --START--
INFO: Run Behavior\BuildLiteBehavior [ RunTime:0.000000s ]
INFO: [ app_init ] --END-- [ RunTime:0.000000s ]
NOTIC: [8] Use of undefined constant ture - assumed 'ture' D:\wamp\www\thinkphp\Application\Home\Conf\config.php 第 14 行.

[ 2016-03-11T16:26:39+08:00 ] 127.0.0.1 /thinkphp/Home/User/user.html
INFO: [ app_init ] --START--
INFO: Run Behavior\BuildLiteBehavior [ RunTime:0.000000s ]
INFO: [ app_init ] --END-- [ RunTime:0.000000s ]
NOTIC: [8] Use of undefined constant ture - assumed 'ture' D:\wamp\www\thinkphp\Application\Home\Conf\config.php 第 14 行.

[ 2016-03-11T16:27:13+08:00 ] 127.0.0.1 /thinkphp/Home/User/user.html
INFO: [ app_init ] --START--
INFO: Run Behavior\BuildLiteBehavior [ RunTime:0.000000s ]
INFO: [ app_init ] --END-- [ RunTime:0.000000s ]
NOTIC: [8] Use of undefined constant ture - assumed 'ture' D:\wamp\www\thinkphp\Application\Home\Conf\config.php 第 14 行.

[ 2016-03-11T16:27:19+08:00 ] 127.0.0.1 /thinkphp/Home/User/user.html
INFO: [ app_init ] --START--
INFO: Run Behavior\BuildLiteBehavior [ RunTime:0.000000s ]
INFO: [ app_init ] --END-- [ RunTime:0.000000s ]
NOTIC: [8] Use of undefined constant ture - assumed 'ture' D:\wamp\www\thinkphp\Application\Home\Conf\config.php 第 14 行.

