[ 2016-03-07T22:27:14+08:00 ] 127.0.0.1 /thinkphp/Home/Index/user_edit?id=1
INFO: [ app_init ] --START--
INFO: Run Behavior\BuildLiteBehavior [ RunTime:0.000000s ]
INFO: [ app_init ] --END-- [ RunTime:0.001000s ]
NOTIC: [8] Use of undefined constant ture - assumed 'ture' C:\wamp\www\thinkphp\Application\Home\Conf\config.php 第 14 行.

[ 2016-03-07T22:27:44+08:00 ] 127.0.0.1 /thinkphp/Home/Index/user_edit?id=1
INFO: [ app_init ] --START--
INFO: Run Behavior\BuildLiteBehavior [ RunTime:0.000000s ]
INFO: [ app_init ] --END-- [ RunTime:0.001000s ]
NOTIC: [8] Use of undefined constant ture - assumed 'ture' C:\wamp\www\thinkphp\Application\Home\Conf\config.php 第 14 行.

[ 2016-03-07T22:29:18+08:00 ] 127.0.0.1 /thinkphp/Home/Index/user_edit?id=1
INFO: [ app_init ] --START--
INFO: Run Behavior\BuildLiteBehavior [ RunTime:0.000000s ]
INFO: [ app_init ] --END-- [ RunTime:0.001000s ]
NOTIC: [8] Use of undefined constant ture - assumed 'ture' C:\wamp\www\thinkphp\Application\Home\Conf\config.php 第 14 行.

[ 2016-03-07T22:29:24+08:00 ] 127.0.0.1 /thinkphp/Home/Index/user_edit?id=1
INFO: [ app_init ] --START--
INFO: Run Behavior\BuildLiteBehavior [ RunTime:0.000000s ]
INFO: [ app_init ] --END-- [ RunTime:0.001000s ]
NOTIC: [8] Use of undefined constant ture - assumed 'ture' C:\wamp\www\thinkphp\Application\Home\Conf\config.php 第 14 行.

[ 2016-03-07T22:30:12+08:00 ] 127.0.0.1 /thinkphp/Home/Index/user.html
INFO: [ app_init ] --START--
INFO: Run Behavior\BuildLiteBehavior [ RunTime:0.000000s ]
INFO: [ app_init ] --END-- [ RunTime:0.001000s ]
NOTIC: [8] Use of undefined constant ture - assumed 'ture' C:\wamp\www\thinkphp\Application\Home\Conf\config.php 第 14 行.

[ 2016-03-07T22:30:59+08:00 ] 127.0.0.1 /thinkphp/Home/Index/user.html
INFO: [ app_init ] --START--
INFO: Run Behavior\BuildLiteBehavior [ RunTime:0.000000s ]
INFO: [ app_init ] --END-- [ RunTime:0.001000s ]
NOTIC: [8] Use of undefined constant ture - assumed 'ture' C:\wamp\www\thinkphp\Application\Home\Conf\config.php 第 14 行.

[ 2016-03-07T22:31:02+08:00 ] 127.0.0.1 /thinkphp/Home/Index/user_edit.html?id=16
INFO: [ app_init ] --START--
INFO: Run Behavior\BuildLiteBehavior [ RunTime:0.000000s ]
INFO: [ app_init ] --END-- [ RunTime:0.001000s ]
NOTIC: [8] Use of undefined constant ture - assumed 'ture' C:\wamp\www\thinkphp\Application\Home\Conf\config.php 第 14 行.

[ 2016-03-07T22:31:07+08:00 ] 127.0.0.1 /thinkphp/Home/Index/user_edit.html?id=16
INFO: [ app_init ] --START--
INFO: Run Behavior\BuildLiteBehavior [ RunTime:0.000000s ]
INFO: [ app_init ] --END-- [ RunTime:0.001000s ]
NOTIC: [8] Use of undefined constant ture - assumed 'ture' C:\wamp\www\thinkphp\Application\Home\Conf\config.php 第 14 行.

[ 2016-03-07T22:31:49+08:00 ] 127.0.0.1 /thinkphp/Home/Index/user_edit.html?id=16
INFO: [ app_init ] --START--
INFO: Run Behavior\BuildLiteBehavior [ RunTime:0.000000s ]
INFO: [ app_init ] --END-- [ RunTime:0.001000s ]
NOTIC: [8] Use of undefined constant ture - assumed 'ture' C:\wamp\www\thinkphp\Application\Home\Conf\config.php 第 14 行.

[ 2016-03-07T22:33:59+08:00 ] 127.0.0.1 /thinkphp/Home/Index/user.html
INFO: [ app_init ] --START--
INFO: Run Behavior\BuildLiteBehavior [ RunTime:0.000000s ]
INFO: [ app_init ] --END-- [ RunTime:0.001000s ]
NOTIC: [8] Use of undefined constant ture - assumed 'ture' C:\wamp\www\thinkphp\Application\Home\Conf\config.php 第 14 行.

[ 2016-03-07T22:34:02+08:00 ] 127.0.0.1 /thinkphp/Home/Index/user_edit.html?id=16
INFO: [ app_init ] --START--
INFO: Run Behavior\BuildLiteBehavior [ RunTime:0.000000s ]
INFO: [ app_init ] --END-- [ RunTime:0.001000s ]
NOTIC: [8] Use of undefined constant ture - assumed 'ture' C:\wamp\www\thinkphp\Application\Home\Conf\config.php 第 14 行.

[ 2016-03-07T22:34:08+08:00 ] 127.0.0.1 /thinkphp/Home/Index/user_edit.html?id=16
INFO: [ app_init ] --START--
INFO: Run Behavior\BuildLiteBehavior [ RunTime:0.000000s ]
INFO: [ app_init ] --END-- [ RunTime:0.001000s ]
NOTIC: [8] Use of undefined constant ture - assumed 'ture' C:\wamp\www\thinkphp\Application\Home\Conf\config.php 第 14 行.

[ 2016-03-07T22:37:22+08:00 ] 127.0.0.1 /thinkphp/Home/Index/user_edit.html?id=16
INFO: [ app_init ] --START--
INFO: Run Behavior\BuildLiteBehavior [ RunTime:0.000000s ]
INFO: [ app_init ] --END-- [ RunTime:0.001001s ]
NOTIC: [8] Use of undefined constant ture - assumed 'ture' C:\wamp\www\thinkphp\Application\Home\Conf\config.php 第 14 行.

[ 2016-03-07T22:37:28+08:00 ] 127.0.0.1 /thinkphp/Home/Index/user.html
INFO: [ app_init ] --START--
INFO: Run Behavior\BuildLiteBehavior [ RunTime:0.000000s ]
INFO: [ app_init ] --END-- [ RunTime:0.001000s ]
NOTIC: [8] Use of undefined constant ture - assumed 'ture' C:\wamp\www\thinkphp\Application\Home\Conf\config.php 第 14 行.

[ 2016-03-07T22:40:32+08:00 ] 127.0.0.1 /thinkphp/Home/Index/user_edit.html?id=16
INFO: [ app_init ] --START--
INFO: Run Behavior\BuildLiteBehavior [ RunTime:0.000000s ]
INFO: [ app_init ] --END-- [ RunTime:0.001000s ]
NOTIC: [8] Use of undefined constant ture - assumed 'ture' C:\wamp\www\thinkphp\Application\Home\Conf\config.php 第 14 行.

[ 2016-03-07T22:40:36+08:00 ] 127.0.0.1 /thinkphp/Home/Index/user_edit.html?id=16
INFO: [ app_init ] --START--
INFO: Run Behavior\BuildLiteBehavior [ RunTime:0.000000s ]
INFO: [ app_init ] --END-- [ RunTime:0.001000s ]
NOTIC: [8] Use of undefined constant ture - assumed 'ture' C:\wamp\www\thinkphp\Application\Home\Conf\config.php 第 14 行.

[ 2016-03-07T22:45:50+08:00 ] 127.0.0.1 /thinkphp/Home/Index/user_edit.html?id=16
INFO: [ app_init ] --START--
INFO: Run Behavior\BuildLiteBehavior [ RunTime:0.000000s ]
INFO: [ app_init ] --END-- [ RunTime:0.002000s ]
NOTIC: [8] Use of undefined constant ture - assumed 'ture' C:\wamp\www\thinkphp\Application\Home\Conf\config.php 第 14 行.

[ 2016-03-07T22:45:53+08:00 ] 127.0.0.1 /thinkphp/Home/Index/user_edit.html?id=16
INFO: [ app_init ] --START--
INFO: Run Behavior\BuildLiteBehavior [ RunTime:0.000000s ]
INFO: [ app_init ] --END-- [ RunTime:0.002000s ]
NOTIC: [8] Use of undefined constant ture - assumed 'ture' C:\wamp\www\thinkphp\Application\Home\Conf\config.php 第 14 行.

[ 2016-03-07T22:48:46+08:00 ] 127.0.0.1 /thinkphp/Home/Index/user_edit.html?id=16
INFO: [ app_init ] --START--
INFO: Run Behavior\BuildLiteBehavior [ RunTime:0.000000s ]
INFO: [ app_init ] --END-- [ RunTime:0.000000s ]
NOTIC: [8] Use of undefined constant ture - assumed 'ture' C:\wamp\www\thinkphp\Application\Home\Conf\config.php 第 14 行.

[ 2016-03-07T22:48:59+08:00 ] 127.0.0.1 /thinkphp/Home/Index/user_edit.html?id=16
INFO: [ app_init ] --START--
INFO: Run Behavior\BuildLiteBehavior [ RunTime:0.000000s ]
INFO: [ app_init ] --END-- [ RunTime:0.001000s ]
NOTIC: [8] Use of undefined constant ture - assumed 'ture' C:\wamp\www\thinkphp\Application\Home\Conf\config.php 第 14 行.

[ 2016-03-07T22:49:18+08:00 ] 127.0.0.1 /thinkphp/Home/Index/user_edit.html?id=16
INFO: [ app_init ] --START--
INFO: Run Behavior\BuildLiteBehavior [ RunTime:0.000000s ]
INFO: [ app_init ] --END-- [ RunTime:0.001000s ]
NOTIC: [8] Use of undefined constant ture - assumed 'ture' C:\wamp\www\thinkphp\Application\Home\Conf\config.php 第 14 行.

[ 2016-03-07T22:50:53+08:00 ] 127.0.0.1 /thinkphp/Home/Index/user_edit.html?id=16
INFO: [ app_init ] --START--
INFO: Run Behavior\BuildLiteBehavior [ RunTime:0.000000s ]
INFO: [ app_init ] --END-- [ RunTime:0.000000s ]
NOTIC: [8] Use of undefined constant ture - assumed 'ture' C:\wamp\www\thinkphp\Application\Home\Conf\config.php 第 14 行.

[ 2016-03-07T22:51:38+08:00 ] 127.0.0.1 /thinkphp/Home/Index/user_edit.html?id=16
INFO: [ app_init ] --START--
INFO: Run Behavior\BuildLiteBehavior [ RunTime:0.000000s ]
INFO: [ app_init ] --END-- [ RunTime:0.001000s ]
NOTIC: [8] Use of undefined constant ture - assumed 'ture' C:\wamp\www\thinkphp\Application\Home\Conf\config.php 第 14 行.

