[ 2016-03-01T11:17:07+08:00 ] 127.0.0.1 /thinkphp/
INFO: [ app_init ] --START--
INFO: Run Behavior\BuildLiteBehavior [ RunTime:0.000000s ]
INFO: [ app_init ] --END-- [ RunTime:0.000000s ]
SQL: SHOW COLUMNS FROM `think_auth_group_access` [ RunTime:0.0020s ]
SQL: SELECT `uid`,`group_id`,`title`,`rules` FROM think_auth_group_access a INNER JOIN think_auth_group g on a.group_id=g.id  WHERE ( a.uid='' and g.status='1' )  [ RunTime:0.0000s ]

[ 2016-03-01T11:17:55+08:00 ] 127.0.0.1 /thinkphp/
INFO: [ app_init ] --START--
INFO: Run Behavior\BuildLiteBehavior [ RunTime:0.000000s ]
INFO: [ app_init ] --END-- [ RunTime:0.000000s ]
SQL: SHOW COLUMNS FROM `think_auth_group_access` [ RunTime:0.0020s ]
SQL: SELECT `uid`,`group_id`,`title`,`rules` FROM think_auth_group_access a INNER JOIN think_auth_group g on a.group_id=g.id  WHERE ( a.uid='' and g.status='1' )  [ RunTime:0.0000s ]

[ 2016-03-01T11:17:58+08:00 ] 127.0.0.1 /thinkphp/Home/Login/index.html
INFO: [ app_init ] --START--
INFO: Run Behavior\BuildLiteBehavior [ RunTime:0.000000s ]
INFO: [ app_init ] --END-- [ RunTime:0.000000s ]

[ 2016-03-01T11:18:02+08:00 ] 127.0.0.1 /thinkphp/Home/Login/index.html
INFO: [ app_init ] --START--
INFO: Run Behavior\BuildLiteBehavior [ RunTime:0.000000s ]
INFO: [ app_init ] --END-- [ RunTime:0.001000s ]
SQL: SHOW COLUMNS FROM `think_members` [ RunTime:0.0020s ]
SQL: SELECT * FROM `think_members` WHERE `name` = 'admin' LIMIT 1   [ RunTime:0.0000s ]
NOTIC: [8] A session had already been started - ignoring session_start() D:\wamp\www\thinkphp\ThinkPHP\Common\functions.php 第 1263 行.

[ 2016-03-01T11:18:03+08:00 ] 127.0.0.1 /thinkphp/Home/Index/index.html
INFO: [ app_init ] --START--
INFO: Run Behavior\BuildLiteBehavior [ RunTime:0.000000s ]
INFO: [ app_init ] --END-- [ RunTime:0.000000s ]
SQL: SHOW COLUMNS FROM `think_auth_group_access` [ RunTime:0.0020s ]
SQL: SELECT `uid`,`group_id`,`title`,`rules` FROM think_auth_group_access a INNER JOIN think_auth_group g on a.group_id=g.id  WHERE ( a.uid='1' and g.status='1' )  [ RunTime:0.0000s ]
SQL: SHOW COLUMNS FROM `think_auth_rule` [ RunTime:0.0020s ]
SQL: SELECT `condition`,`name` FROM `think_auth_rule` WHERE `id` IN ('1','2','3','4','5','6') AND `status` = 1  [ RunTime:0.0000s ]

[ 2016-03-01T11:18:07+08:00 ] 127.0.0.1 /thinkphp/Home/Index/user_add.html
INFO: [ app_init ] --START--
INFO: Run Behavior\BuildLiteBehavior [ RunTime:0.000000s ]
INFO: [ app_init ] --END-- [ RunTime:0.000000s ]
SQL: SHOW COLUMNS FROM `think_auth_group_access` [ RunTime:0.0020s ]
SQL: SELECT `uid`,`group_id`,`title`,`rules` FROM think_auth_group_access a INNER JOIN think_auth_group g on a.group_id=g.id  WHERE ( a.uid='1' and g.status='1' )  [ RunTime:0.0010s ]
SQL: SHOW COLUMNS FROM `think_auth_rule` [ RunTime:0.0020s ]
SQL: SELECT `condition`,`name` FROM `think_auth_rule` WHERE `id` IN ('1','2','3','4','5','6') AND `status` = 1  [ RunTime:0.0000s ]
NOTIC: [8] Undefined variable: username D:\wamp\www\thinkphp\Application\Runtime\Cache\Home\2eb883a93ac8cd135a1ab3435191f88e.php 第 344 行.

[ 2016-03-01T11:18:48+08:00 ] 127.0.0.1 /thinkphp/Home/Index/jqgrid.html
INFO: [ app_init ] --START--
INFO: Run Behavior\BuildLiteBehavior [ RunTime:0.000000s ]
INFO: [ app_init ] --END-- [ RunTime:0.000000s ]
SQL: SHOW COLUMNS FROM `think_auth_group_access` [ RunTime:0.0020s ]
SQL: SELECT `uid`,`group_id`,`title`,`rules` FROM think_auth_group_access a INNER JOIN think_auth_group g on a.group_id=g.id  WHERE ( a.uid='1' and g.status='1' )  [ RunTime:0.0000s ]
SQL: SHOW COLUMNS FROM `think_auth_rule` [ RunTime:0.0020s ]
SQL: SELECT `condition`,`name` FROM `think_auth_rule` WHERE `id` IN ('1','2','3','4','5','6') AND `status` = 1  [ RunTime:0.0000s ]
ERR: 非法操作:jqgrid

[ 2016-03-01T11:18:50+08:00 ] 127.0.0.1 /thinkphp/Home/Index/user_add.html
INFO: [ app_init ] --START--
INFO: Run Behavior\BuildLiteBehavior [ RunTime:0.000000s ]
INFO: [ app_init ] --END-- [ RunTime:0.000000s ]
SQL: SHOW COLUMNS FROM `think_auth_group_access` [ RunTime:0.0020s ]
SQL: SELECT `uid`,`group_id`,`title`,`rules` FROM think_auth_group_access a INNER JOIN think_auth_group g on a.group_id=g.id  WHERE ( a.uid='1' and g.status='1' )  [ RunTime:0.0000s ]
SQL: SHOW COLUMNS FROM `think_auth_rule` [ RunTime:0.0020s ]
SQL: SELECT `condition`,`name` FROM `think_auth_rule` WHERE `id` IN ('1','2','3','4','5','6') AND `status` = 1  [ RunTime:0.0000s ]
NOTIC: [8] Undefined variable: username D:\wamp\www\thinkphp\Application\Runtime\Cache\Home\2eb883a93ac8cd135a1ab3435191f88e.php 第 344 行.

[ 2016-03-01T11:44:32+08:00 ] 127.0.0.1 /thinkphp/Home/Gather
INFO: [ app_init ] --START--
INFO: Run Behavior\BuildLiteBehavior [ RunTime:0.000000s ]
INFO: [ app_init ] --END-- [ RunTime:0.000000s ]

[ 2016-03-01T11:48:55+08:00 ] 127.0.0.1 /thinkphp/
INFO: [ app_init ] --START--
INFO: Run Behavior\BuildLiteBehavior [ RunTime:0.001000s ]
INFO: [ app_init ] --END-- [ RunTime:0.001000s ]
SQL: SHOW COLUMNS FROM `think_auth_group_access` [ RunTime:0.0040s ]
SQL: SELECT `uid`,`group_id`,`title`,`rules` FROM think_auth_group_access a INNER JOIN think_auth_group g on a.group_id=g.id  WHERE ( a.uid='' and g.status='1' )  [ RunTime:0.0010s ]

[ 2016-03-01T11:48:58+08:00 ] 127.0.0.1 /thinkphp/Home/Login/index.html
INFO: [ app_init ] --START--
INFO: Run Behavior\BuildLiteBehavior [ RunTime:0.000000s ]
INFO: [ app_init ] --END-- [ RunTime:0.000000s ]

[ 2016-03-01T11:49:02+08:00 ] 127.0.0.1 /thinkphp/Home/Gather
INFO: [ app_init ] --START--
INFO: Run Behavior\BuildLiteBehavior [ RunTime:0.000000s ]
INFO: [ app_init ] --END-- [ RunTime:0.001000s ]

[ 2016-03-01T12:36:18+08:00 ] 127.0.0.1 /thinkphp/
INFO: [ app_init ] --START--
INFO: Run Behavior\BuildLiteBehavior [ RunTime:0.000000s ]
INFO: [ app_init ] --END-- [ RunTime:0.001000s ]
SQL: SHOW COLUMNS FROM `think_auth_group_access` [ RunTime:0.0020s ]
SQL: SELECT `uid`,`group_id`,`title`,`rules` FROM think_auth_group_access a INNER JOIN think_auth_group g on a.group_id=g.id  WHERE ( a.uid='' and g.status='1' )  [ RunTime:0.0000s ]

[ 2016-03-01T12:36:21+08:00 ] 127.0.0.1 /thinkphp/Home/Login/index.html
INFO: [ app_init ] --START--
INFO: Run Behavior\BuildLiteBehavior [ RunTime:0.000000s ]
INFO: [ app_init ] --END-- [ RunTime:0.001000s ]

[ 2016-03-01T12:36:25+08:00 ] 127.0.0.1 /thinkphp/Home/Login/index.html
INFO: [ app_init ] --START--
INFO: Run Behavior\BuildLiteBehavior [ RunTime:0.000000s ]
INFO: [ app_init ] --END-- [ RunTime:0.000000s ]
SQL: SHOW COLUMNS FROM `think_members` [ RunTime:0.0170s ]
SQL: SELECT * FROM `think_members` WHERE `name` = 'admin' LIMIT 1   [ RunTime:0.0000s ]
NOTIC: [8] A session had already been started - ignoring session_start() D:\wamp\www\thinkphp\ThinkPHP\Common\functions.php 第 1263 行.

[ 2016-03-01T12:36:26+08:00 ] 127.0.0.1 /thinkphp/Home/Index/index.html
INFO: [ app_init ] --START--
INFO: Run Behavior\BuildLiteBehavior [ RunTime:0.000000s ]
INFO: [ app_init ] --END-- [ RunTime:0.001001s ]
SQL: SHOW COLUMNS FROM `think_auth_group_access` [ RunTime:0.1220s ]
SQL: SELECT `uid`,`group_id`,`title`,`rules` FROM think_auth_group_access a INNER JOIN think_auth_group g on a.group_id=g.id  WHERE ( a.uid='1' and g.status='1' )  [ RunTime:0.0000s ]
SQL: SHOW COLUMNS FROM `think_auth_rule` [ RunTime:0.0020s ]
SQL: SELECT `condition`,`name` FROM `think_auth_rule` WHERE `id` IN ('1','2','3','4','5','6') AND `status` = 1  [ RunTime:0.0000s ]

[ 2016-03-01T12:36:31+08:00 ] 127.0.0.1 /thinkphp/Home/Index/user_add.html
INFO: [ app_init ] --START--
INFO: Run Behavior\BuildLiteBehavior [ RunTime:0.000000s ]
INFO: [ app_init ] --END-- [ RunTime:0.001000s ]
SQL: SHOW COLUMNS FROM `think_auth_group_access` [ RunTime:0.0020s ]
SQL: SELECT `uid`,`group_id`,`title`,`rules` FROM think_auth_group_access a INNER JOIN think_auth_group g on a.group_id=g.id  WHERE ( a.uid='1' and g.status='1' )  [ RunTime:0.0000s ]
SQL: SHOW COLUMNS FROM `think_auth_rule` [ RunTime:0.0030s ]
SQL: SELECT `condition`,`name` FROM `think_auth_rule` WHERE `id` IN ('1','2','3','4','5','6') AND `status` = 1  [ RunTime:0.0000s ]
NOTIC: [8] Undefined variable: username D:\wamp\www\thinkphp\Application\Runtime\Cache\Home\2eb883a93ac8cd135a1ab3435191f88e.php 第 344 行.

[ 2016-03-01T12:37:13+08:00 ] 127.0.0.1 /thinkphp/Home/Gather
INFO: [ app_init ] --START--
INFO: Run Behavior\BuildLiteBehavior [ RunTime:0.000000s ]
INFO: [ app_init ] --END-- [ RunTime:0.000000s ]

[ 2016-03-01T12:43:54+08:00 ] 127.0.0.1 /thinkphp/Home/Index/index.html
INFO: [ app_init ] --START--
INFO: Run Behavior\BuildLiteBehavior [ RunTime:0.000000s ]
INFO: [ app_init ] --END-- [ RunTime:0.001000s ]
SQL: SHOW COLUMNS FROM `think_auth_group_access` [ RunTime:0.0020s ]
SQL: SELECT `uid`,`group_id`,`title`,`rules` FROM think_auth_group_access a INNER JOIN think_auth_group g on a.group_id=g.id  WHERE ( a.uid='1' and g.status='1' )  [ RunTime:0.0010s ]
SQL: SHOW COLUMNS FROM `think_auth_rule` [ RunTime:0.0020s ]
SQL: SELECT `condition`,`name` FROM `think_auth_rule` WHERE `id` IN ('1','2','3','4','5','6') AND `status` = 1  [ RunTime:0.0010s ]

[ 2016-03-01T13:02:27+08:00 ] 127.0.0.1 /thinkphp/
INFO: [ app_init ] --START--
INFO: Run Behavior\BuildLiteBehavior [ RunTime:0.000000s ]
INFO: [ app_init ] --END-- [ RunTime:0.000000s ]
SQL: SHOW COLUMNS FROM `think_auth_group_access` [ RunTime:0.0156s ]
SQL: SELECT `uid`,`group_id`,`title`,`rules` FROM think_auth_group_access a INNER JOIN think_auth_group g on a.group_id=g.id  WHERE ( a.uid='' and g.status='1' )  [ RunTime:0.0000s ]

[ 2016-03-01T13:02:30+08:00 ] 127.0.0.1 /thinkphp/Home/Login/index.html
INFO: [ app_init ] --START--
INFO: Run Behavior\BuildLiteBehavior [ RunTime:0.000000s ]
INFO: [ app_init ] --END-- [ RunTime:0.000000s ]

[ 2016-03-01T13:02:33+08:00 ] 127.0.0.1 /thinkphp/Home/Login/index.html
INFO: [ app_init ] --START--
INFO: Run Behavior\BuildLiteBehavior [ RunTime:0.000000s ]
INFO: [ app_init ] --END-- [ RunTime:0.000000s ]
SQL: SHOW COLUMNS FROM `think_members` [ RunTime:0.0000s ]
SQL: SELECT * FROM `think_members` WHERE `name` = 'admin' LIMIT 1   [ RunTime:0.0000s ]
NOTIC: [8] A session had already been started - ignoring session_start() D:\wamp\www\thinkphp\ThinkPHP\Common\functions.php 第 1263 行.

[ 2016-03-01T13:02:34+08:00 ] 127.0.0.1 /thinkphp/Home/Index/index.html
INFO: [ app_init ] --START--
INFO: Run Behavior\BuildLiteBehavior [ RunTime:0.000000s ]
INFO: [ app_init ] --END-- [ RunTime:0.000000s ]
SQL: SHOW COLUMNS FROM `think_auth_group_access` [ RunTime:0.0000s ]
SQL: SELECT `uid`,`group_id`,`title`,`rules` FROM think_auth_group_access a INNER JOIN think_auth_group g on a.group_id=g.id  WHERE ( a.uid='1' and g.status='1' )  [ RunTime:0.0000s ]
SQL: SHOW COLUMNS FROM `think_auth_rule` [ RunTime:0.0156s ]
SQL: SELECT `condition`,`name` FROM `think_auth_rule` WHERE `id` IN ('1','2','3','4','5','6') AND `status` = 1  [ RunTime:0.0000s ]

[ 2016-03-01T13:06:16+08:00 ] 127.0.0.1 /thinkphp/Home/Index/user_add.html
INFO: [ app_init ] --START--
INFO: Run Behavior\BuildLiteBehavior [ RunTime:0.000000s ]
INFO: [ app_init ] --END-- [ RunTime:0.000000s ]
SQL: SHOW COLUMNS FROM `think_auth_group_access` [ RunTime:0.0030s ]
SQL: SELECT `uid`,`group_id`,`title`,`rules` FROM think_auth_group_access a INNER JOIN think_auth_group g on a.group_id=g.id  WHERE ( a.uid='1' and g.status='1' )  [ RunTime:0.0010s ]
SQL: SHOW COLUMNS FROM `think_auth_rule` [ RunTime:0.0030s ]
SQL: SELECT `condition`,`name` FROM `think_auth_rule` WHERE `id` IN ('1','2','3','4','5','6') AND `status` = 1  [ RunTime:0.0000s ]
NOTIC: [8] Undefined variable: username D:\wamp\www\thinkphp\Application\Runtime\Cache\Home\2eb883a93ac8cd135a1ab3435191f88e.php 第 344 行.

[ 2016-03-01T13:06:53+08:00 ] 127.0.0.1 /thinkphp/Home/Index/user_add.html
INFO: [ app_init ] --START--
INFO: Run Behavior\BuildLiteBehavior [ RunTime:0.001001s ]
INFO: [ app_init ] --END-- [ RunTime:0.001001s ]
SQL: SHOW COLUMNS FROM `think_auth_group_access` [ RunTime:0.0020s ]
SQL: SELECT `uid`,`group_id`,`title`,`rules` FROM think_auth_group_access a INNER JOIN think_auth_group g on a.group_id=g.id  WHERE ( a.uid='1' and g.status='1' )  [ RunTime:0.0000s ]
SQL: SHOW COLUMNS FROM `think_auth_rule` [ RunTime:0.0030s ]
SQL: SELECT `condition`,`name` FROM `think_auth_rule` WHERE `id` IN ('1','2','3','4','5','6') AND `status` = 1  [ RunTime:0.0010s ]
NOTIC: [8] Undefined variable: username D:\wamp\www\thinkphp\Application\Runtime\Cache\Home\2eb883a93ac8cd135a1ab3435191f88e.php 第 344 行.

[ 2016-03-01T13:07:43+08:00 ] 127.0.0.1 /thinkphp/Home/Index/user_add.html
INFO: [ app_init ] --START--
INFO: Run Behavior\BuildLiteBehavior [ RunTime:0.000000s ]
INFO: [ app_init ] --END-- [ RunTime:0.000000s ]
SQL: SHOW COLUMNS FROM `think_auth_group_access` [ RunTime:0.0030s ]
SQL: SELECT `uid`,`group_id`,`title`,`rules` FROM think_auth_group_access a INNER JOIN think_auth_group g on a.group_id=g.id  WHERE ( a.uid='1' and g.status='1' )  [ RunTime:0.0000s ]
SQL: SHOW COLUMNS FROM `think_auth_rule` [ RunTime:0.0030s ]
SQL: SELECT `condition`,`name` FROM `think_auth_rule` WHERE `id` IN ('1','2','3','4','5','6') AND `status` = 1  [ RunTime:0.0000s ]
NOTIC: [8] Undefined variable: username D:\wamp\www\thinkphp\Application\Runtime\Cache\Home\2eb883a93ac8cd135a1ab3435191f88e.php 第 344 行.

[ 2016-03-01T13:10:04+08:00 ] 127.0.0.1 /thinkphp/Home/Index/user_add.html
INFO: [ app_init ] --START--
INFO: Run Behavior\BuildLiteBehavior [ RunTime:0.001001s ]
INFO: [ app_init ] --END-- [ RunTime:0.001001s ]
SQL: SHOW COLUMNS FROM `think_auth_group_access` [ RunTime:0.0030s ]
SQL: SELECT `uid`,`group_id`,`title`,`rules` FROM think_auth_group_access a INNER JOIN think_auth_group g on a.group_id=g.id  WHERE ( a.uid='1' and g.status='1' )  [ RunTime:0.0010s ]
SQL: SHOW COLUMNS FROM `think_auth_rule` [ RunTime:0.0030s ]
SQL: SELECT `condition`,`name` FROM `think_auth_rule` WHERE `id` IN ('1','2','3','4','5','6') AND `status` = 1  [ RunTime:0.0010s ]
NOTIC: [8] Undefined variable: username D:\wamp\www\thinkphp\Application\Runtime\Cache\Home\2eb883a93ac8cd135a1ab3435191f88e.php 第 344 行.

[ 2016-03-01T13:11:48+08:00 ] 127.0.0.1 /thinkphp/Home/Index/user_add.html
INFO: [ app_init ] --START--
INFO: Run Behavior\BuildLiteBehavior [ RunTime:0.000000s ]
INFO: [ app_init ] --END-- [ RunTime:0.001000s ]
SQL: SHOW COLUMNS FROM `think_auth_group_access` [ RunTime:0.0020s ]
SQL: SELECT `uid`,`group_id`,`title`,`rules` FROM think_auth_group_access a INNER JOIN think_auth_group g on a.group_id=g.id  WHERE ( a.uid='1' and g.status='1' )  [ RunTime:0.0000s ]
SQL: SHOW COLUMNS FROM `think_auth_rule` [ RunTime:0.0030s ]
SQL: SELECT `condition`,`name` FROM `think_auth_rule` WHERE `id` IN ('1','2','3','4','5','6') AND `status` = 1  [ RunTime:0.0010s ]
NOTIC: [8] Undefined variable: username D:\wamp\www\thinkphp\Application\Runtime\Cache\Home\2eb883a93ac8cd135a1ab3435191f88e.php 第 344 行.

[ 2016-03-01T13:12:22+08:00 ] 127.0.0.1 /thinkphp/Home/Index/user_add.html
INFO: [ app_init ] --START--
INFO: Run Behavior\BuildLiteBehavior [ RunTime:0.001000s ]
INFO: [ app_init ] --END-- [ RunTime:0.001000s ]
SQL: SHOW COLUMNS FROM `think_auth_group_access` [ RunTime:0.0280s ]
SQL: SELECT `uid`,`group_id`,`title`,`rules` FROM think_auth_group_access a INNER JOIN think_auth_group g on a.group_id=g.id  WHERE ( a.uid='1' and g.status='1' )  [ RunTime:0.0000s ]
SQL: SHOW COLUMNS FROM `think_auth_rule` [ RunTime:0.0030s ]
SQL: SELECT `condition`,`name` FROM `think_auth_rule` WHERE `id` IN ('1','2','3','4','5','6') AND `status` = 1  [ RunTime:0.0000s ]
NOTIC: [8] Undefined variable: username D:\wamp\www\thinkphp\Application\Runtime\Cache\Home\2eb883a93ac8cd135a1ab3435191f88e.php 第 344 行.

[ 2016-03-01T13:12:55+08:00 ] 127.0.0.1 /thinkphp/Home/Index/user_add.html
INFO: [ app_init ] --START--
INFO: Run Behavior\BuildLiteBehavior [ RunTime:0.000000s ]
INFO: [ app_init ] --END-- [ RunTime:0.001001s ]
SQL: SHOW COLUMNS FROM `think_auth_group_access` [ RunTime:0.0020s ]
SQL: SELECT `uid`,`group_id`,`title`,`rules` FROM think_auth_group_access a INNER JOIN think_auth_group g on a.group_id=g.id  WHERE ( a.uid='1' and g.status='1' )  [ RunTime:0.0000s ]
SQL: SHOW COLUMNS FROM `think_auth_rule` [ RunTime:0.0030s ]
SQL: SELECT `condition`,`name` FROM `think_auth_rule` WHERE `id` IN ('1','2','3','4','5','6') AND `status` = 1  [ RunTime:0.0010s ]
NOTIC: [8] Undefined variable: username D:\wamp\www\thinkphp\Application\Runtime\Cache\Home\2eb883a93ac8cd135a1ab3435191f88e.php 第 344 行.

[ 2016-03-01T13:15:08+08:00 ] 127.0.0.1 /thinkphp/Home/Index/user_add.html
INFO: [ app_init ] --START--
INFO: Run Behavior\BuildLiteBehavior [ RunTime:0.000000s ]
INFO: [ app_init ] --END-- [ RunTime:0.015600s ]
SQL: SHOW COLUMNS FROM `think_auth_group_access` [ RunTime:0.0000s ]
SQL: SELECT `uid`,`group_id`,`title`,`rules` FROM think_auth_group_access a INNER JOIN think_auth_group g on a.group_id=g.id  WHERE ( a.uid='1' and g.status='1' )  [ RunTime:0.0000s ]
SQL: SHOW COLUMNS FROM `think_auth_rule` [ RunTime:0.0000s ]
SQL: SELECT `condition`,`name` FROM `think_auth_rule` WHERE `id` IN ('1','2','3','4','5','6') AND `status` = 1  [ RunTime:0.0000s ]
NOTIC: [8] Undefined variable: username D:\wamp\www\thinkphp\Application\Runtime\Cache\Home\2eb883a93ac8cd135a1ab3435191f88e.php 第 344 行.

[ 2016-03-01T13:15:54+08:00 ] 127.0.0.1 /thinkphp/Home/Index/user_add.html
INFO: [ app_init ] --START--
INFO: Run Behavior\BuildLiteBehavior [ RunTime:0.000000s ]
INFO: [ app_init ] --END-- [ RunTime:0.000000s ]
SQL: SHOW COLUMNS FROM `think_auth_group_access` [ RunTime:0.0000s ]
SQL: SELECT `uid`,`group_id`,`title`,`rules` FROM think_auth_group_access a INNER JOIN think_auth_group g on a.group_id=g.id  WHERE ( a.uid='1' and g.status='1' )  [ RunTime:0.0000s ]
SQL: SHOW COLUMNS FROM `think_auth_rule` [ RunTime:0.0000s ]
SQL: SELECT `condition`,`name` FROM `think_auth_rule` WHERE `id` IN ('1','2','3','4','5','6') AND `status` = 1  [ RunTime:0.0000s ]
NOTIC: [8] Undefined variable: username D:\wamp\www\thinkphp\Application\Runtime\Cache\Home\2eb883a93ac8cd135a1ab3435191f88e.php 第 344 行.

[ 2016-03-01T13:16:28+08:00 ] 127.0.0.1 /thinkphp/Home/Index/user_add.html
INFO: [ app_init ] --START--
INFO: Run Behavior\BuildLiteBehavior [ RunTime:0.000000s ]
INFO: [ app_init ] --END-- [ RunTime:0.000000s ]
SQL: SHOW COLUMNS FROM `think_auth_group_access` [ RunTime:0.0000s ]
SQL: SELECT `uid`,`group_id`,`title`,`rules` FROM think_auth_group_access a INNER JOIN think_auth_group g on a.group_id=g.id  WHERE ( a.uid='1' and g.status='1' )  [ RunTime:0.0000s ]
SQL: SHOW COLUMNS FROM `think_auth_rule` [ RunTime:0.0000s ]
SQL: SELECT `condition`,`name` FROM `think_auth_rule` WHERE `id` IN ('1','2','3','4','5','6') AND `status` = 1  [ RunTime:0.0000s ]
NOTIC: [8] Undefined variable: username D:\wamp\www\thinkphp\Application\Runtime\Cache\Home\2eb883a93ac8cd135a1ab3435191f88e.php 第 344 行.

[ 2016-03-01T13:17:29+08:00 ] 127.0.0.1 /thinkphp/Home/Index/user_add.html
INFO: [ app_init ] --START--
INFO: Run Behavior\BuildLiteBehavior [ RunTime:0.000000s ]
INFO: [ app_init ] --END-- [ RunTime:0.000000s ]
SQL: SHOW COLUMNS FROM `think_auth_group_access` [ RunTime:0.0000s ]
SQL: SELECT `uid`,`group_id`,`title`,`rules` FROM think_auth_group_access a INNER JOIN think_auth_group g on a.group_id=g.id  WHERE ( a.uid='1' and g.status='1' )  [ RunTime:0.0000s ]
SQL: SHOW COLUMNS FROM `think_auth_rule` [ RunTime:0.0000s ]
SQL: SELECT `condition`,`name` FROM `think_auth_rule` WHERE `id` IN ('1','2','3','4','5','6') AND `status` = 1  [ RunTime:0.0000s ]
NOTIC: [8] Undefined variable: username D:\wamp\www\thinkphp\Application\Runtime\Cache\Home\2eb883a93ac8cd135a1ab3435191f88e.php 第 344 行.

[ 2016-03-01T13:17:48+08:00 ] 127.0.0.1 /thinkphp/Home/Index/user_add.html
INFO: [ app_init ] --START--
INFO: Run Behavior\BuildLiteBehavior [ RunTime:0.000000s ]
INFO: [ app_init ] --END-- [ RunTime:0.000000s ]
SQL: SHOW COLUMNS FROM `think_auth_group_access` [ RunTime:0.0000s ]
SQL: SELECT `uid`,`group_id`,`title`,`rules` FROM think_auth_group_access a INNER JOIN think_auth_group g on a.group_id=g.id  WHERE ( a.uid='1' and g.status='1' )  [ RunTime:0.0156s ]
SQL: SHOW COLUMNS FROM `think_auth_rule` [ RunTime:0.0000s ]
SQL: SELECT `condition`,`name` FROM `think_auth_rule` WHERE `id` IN ('1','2','3','4','5','6') AND `status` = 1  [ RunTime:0.0000s ]
NOTIC: [8] Undefined variable: username D:\wamp\www\thinkphp\Application\Runtime\Cache\Home\2eb883a93ac8cd135a1ab3435191f88e.php 第 344 行.

[ 2016-03-01T13:18:33+08:00 ] 127.0.0.1 /thinkphp/Home/Index/user_add.html
INFO: [ app_init ] --START--
INFO: Run Behavior\BuildLiteBehavior [ RunTime:0.000000s ]
INFO: [ app_init ] --END-- [ RunTime:0.000000s ]
SQL: SHOW COLUMNS FROM `think_auth_group_access` [ RunTime:0.0000s ]
SQL: SELECT `uid`,`group_id`,`title`,`rules` FROM think_auth_group_access a INNER JOIN think_auth_group g on a.group_id=g.id  WHERE ( a.uid='1' and g.status='1' )  [ RunTime:0.0000s ]
SQL: SHOW COLUMNS FROM `think_auth_rule` [ RunTime:0.0000s ]
SQL: SELECT `condition`,`name` FROM `think_auth_rule` WHERE `id` IN ('1','2','3','4','5','6') AND `status` = 1  [ RunTime:0.0000s ]
NOTIC: [8] Undefined variable: username D:\wamp\www\thinkphp\Application\Runtime\Cache\Home\2eb883a93ac8cd135a1ab3435191f88e.php 第 344 行.

[ 2016-03-01T13:18:58+08:00 ] 127.0.0.1 /thinkphp/Home/Index/user_add.html
INFO: [ app_init ] --START--
INFO: Run Behavior\BuildLiteBehavior [ RunTime:0.000000s ]
INFO: [ app_init ] --END-- [ RunTime:0.000000s ]
SQL: SHOW COLUMNS FROM `think_auth_group_access` [ RunTime:0.0000s ]
SQL: SELECT `uid`,`group_id`,`title`,`rules` FROM think_auth_group_access a INNER JOIN think_auth_group g on a.group_id=g.id  WHERE ( a.uid='1' and g.status='1' )  [ RunTime:0.0000s ]
SQL: SHOW COLUMNS FROM `think_auth_rule` [ RunTime:0.0000s ]
SQL: SELECT `condition`,`name` FROM `think_auth_rule` WHERE `id` IN ('1','2','3','4','5','6') AND `status` = 1  [ RunTime:0.0000s ]
NOTIC: [8] Undefined variable: username D:\wamp\www\thinkphp\Application\Runtime\Cache\Home\2eb883a93ac8cd135a1ab3435191f88e.php 第 344 行.

[ 2016-03-01T13:19:21+08:00 ] 127.0.0.1 /thinkphp/Home/Index/user_add.html
INFO: [ app_init ] --START--
INFO: Run Behavior\BuildLiteBehavior [ RunTime:0.000000s ]
INFO: [ app_init ] --END-- [ RunTime:0.000000s ]
SQL: SHOW COLUMNS FROM `think_auth_group_access` [ RunTime:0.0000s ]
SQL: SELECT `uid`,`group_id`,`title`,`rules` FROM think_auth_group_access a INNER JOIN think_auth_group g on a.group_id=g.id  WHERE ( a.uid='1' and g.status='1' )  [ RunTime:0.0000s ]
SQL: SHOW COLUMNS FROM `think_auth_rule` [ RunTime:0.0000s ]
SQL: SELECT `condition`,`name` FROM `think_auth_rule` WHERE `id` IN ('1','2','3','4','5','6') AND `status` = 1  [ RunTime:0.0000s ]
NOTIC: [8] Undefined variable: username D:\wamp\www\thinkphp\Application\Runtime\Cache\Home\2eb883a93ac8cd135a1ab3435191f88e.php 第 344 行.

[ 2016-03-01T13:19:23+08:00 ] 127.0.0.1 /thinkphp/Home/Index/user_add.html
INFO: [ app_init ] --START--
INFO: Run Behavior\BuildLiteBehavior [ RunTime:0.000000s ]
INFO: [ app_init ] --END-- [ RunTime:0.000000s ]
SQL: SHOW COLUMNS FROM `think_auth_group_access` [ RunTime:0.0020s ]
SQL: SELECT `uid`,`group_id`,`title`,`rules` FROM think_auth_group_access a INNER JOIN think_auth_group g on a.group_id=g.id  WHERE ( a.uid='1' and g.status='1' )  [ RunTime:0.0000s ]
SQL: SHOW COLUMNS FROM `think_auth_rule` [ RunTime:0.0030s ]
SQL: SELECT `condition`,`name` FROM `think_auth_rule` WHERE `id` IN ('1','2','3','4','5','6') AND `status` = 1  [ RunTime:0.0010s ]
NOTIC: [8] Undefined variable: username D:\wamp\www\thinkphp\Application\Runtime\Cache\Home\2eb883a93ac8cd135a1ab3435191f88e.php 第 344 行.

[ 2016-03-01T13:19:35+08:00 ] 127.0.0.1 /thinkphp/Home/Index/user_add.html
INFO: [ app_init ] --START--
INFO: Run Behavior\BuildLiteBehavior [ RunTime:0.000000s ]
INFO: [ app_init ] --END-- [ RunTime:0.000000s ]
SQL: SHOW COLUMNS FROM `think_auth_group_access` [ RunTime:0.0000s ]
SQL: SELECT `uid`,`group_id`,`title`,`rules` FROM think_auth_group_access a INNER JOIN think_auth_group g on a.group_id=g.id  WHERE ( a.uid='1' and g.status='1' )  [ RunTime:0.0000s ]
SQL: SHOW COLUMNS FROM `think_auth_rule` [ RunTime:0.0000s ]
SQL: SELECT `condition`,`name` FROM `think_auth_rule` WHERE `id` IN ('1','2','3','4','5','6') AND `status` = 1  [ RunTime:0.0000s ]
NOTIC: [8] Undefined variable: username D:\wamp\www\thinkphp\Application\Runtime\Cache\Home\2eb883a93ac8cd135a1ab3435191f88e.php 第 344 行.

[ 2016-03-01T13:19:36+08:00 ] 127.0.0.1 /thinkphp/Home/Index/user_add.html
INFO: [ app_init ] --START--
INFO: Run Behavior\BuildLiteBehavior [ RunTime:0.000000s ]
INFO: [ app_init ] --END-- [ RunTime:0.001000s ]
SQL: SHOW COLUMNS FROM `think_auth_group_access` [ RunTime:0.0020s ]
SQL: SELECT `uid`,`group_id`,`title`,`rules` FROM think_auth_group_access a INNER JOIN think_auth_group g on a.group_id=g.id  WHERE ( a.uid='1' and g.status='1' )  [ RunTime:0.0000s ]
SQL: SHOW COLUMNS FROM `think_auth_rule` [ RunTime:0.0030s ]
SQL: SELECT `condition`,`name` FROM `think_auth_rule` WHERE `id` IN ('1','2','3','4','5','6') AND `status` = 1  [ RunTime:0.0010s ]
NOTIC: [8] Undefined variable: username D:\wamp\www\thinkphp\Application\Runtime\Cache\Home\2eb883a93ac8cd135a1ab3435191f88e.php 第 344 行.

[ 2016-03-01T13:19:45+08:00 ] 127.0.0.1 /thinkphp/Home/Index/user_add.html
INFO: [ app_init ] --START--
INFO: Run Behavior\BuildLiteBehavior [ RunTime:0.000000s ]
INFO: [ app_init ] --END-- [ RunTime:0.000000s ]
SQL: SHOW COLUMNS FROM `think_auth_group_access` [ RunTime:0.0000s ]
SQL: SELECT `uid`,`group_id`,`title`,`rules` FROM think_auth_group_access a INNER JOIN think_auth_group g on a.group_id=g.id  WHERE ( a.uid='1' and g.status='1' )  [ RunTime:0.0000s ]
SQL: SHOW COLUMNS FROM `think_auth_rule` [ RunTime:0.0000s ]
SQL: SELECT `condition`,`name` FROM `think_auth_rule` WHERE `id` IN ('1','2','3','4','5','6') AND `status` = 1  [ RunTime:0.0000s ]
NOTIC: [8] Undefined variable: username D:\wamp\www\thinkphp\Application\Runtime\Cache\Home\2eb883a93ac8cd135a1ab3435191f88e.php 第 344 行.

[ 2016-03-01T13:23:03+08:00 ] 127.0.0.1 /thinkphp/Home/Index/user_add.html
INFO: [ app_init ] --START--
INFO: Run Behavior\BuildLiteBehavior [ RunTime:0.000000s ]
INFO: [ app_init ] --END-- [ RunTime:0.000000s ]
SQL: SHOW COLUMNS FROM `think_auth_group_access` [ RunTime:0.0000s ]
SQL: SELECT `uid`,`group_id`,`title`,`rules` FROM think_auth_group_access a INNER JOIN think_auth_group g on a.group_id=g.id  WHERE ( a.uid='1' and g.status='1' )  [ RunTime:0.0000s ]
SQL: SHOW COLUMNS FROM `think_auth_rule` [ RunTime:0.0156s ]
SQL: SELECT `condition`,`name` FROM `think_auth_rule` WHERE `id` IN ('1','2','3','4','5','6') AND `status` = 1  [ RunTime:0.0000s ]
NOTIC: [8] Undefined variable: username D:\wamp\www\thinkphp\Application\Runtime\Cache\Home\2eb883a93ac8cd135a1ab3435191f88e.php 第 344 行.

[ 2016-03-01T13:23:06+08:00 ] 127.0.0.1 /thinkphp/Home/Index/user.html
INFO: [ app_init ] --START--
INFO: Run Behavior\BuildLiteBehavior [ RunTime:0.000000s ]
INFO: [ app_init ] --END-- [ RunTime:0.000000s ]
SQL: SHOW COLUMNS FROM `think_auth_group_access` [ RunTime:0.0030s ]
SQL: SELECT `uid`,`group_id`,`title`,`rules` FROM think_auth_group_access a INNER JOIN think_auth_group g on a.group_id=g.id  WHERE ( a.uid='1' and g.status='1' )  [ RunTime:0.0000s ]
SQL: SHOW COLUMNS FROM `think_auth_rule` [ RunTime:0.0020s ]
SQL: SELECT `condition`,`name` FROM `think_auth_rule` WHERE `id` IN ('1','2','3','4','5','6') AND `status` = 1  [ RunTime:0.0000s ]
SQL: SHOW COLUMNS FROM `think_members` [ RunTime:0.0030s ]
SQL: SELECT * FROM `think_members`  [ RunTime:0.0000s ]

[ 2016-03-01T13:25:17+08:00 ] 127.0.0.1 /thinkphp/Home/Index/user.html
INFO: [ app_init ] --START--
INFO: Run Behavior\BuildLiteBehavior [ RunTime:0.000000s ]
INFO: [ app_init ] --END-- [ RunTime:0.000000s ]
SQL: SHOW COLUMNS FROM `think_auth_group_access` [ RunTime:0.0000s ]
SQL: SELECT `uid`,`group_id`,`title`,`rules` FROM think_auth_group_access a INNER JOIN think_auth_group g on a.group_id=g.id  WHERE ( a.uid='1' and g.status='1' )  [ RunTime:0.0000s ]
SQL: SHOW COLUMNS FROM `think_auth_rule` [ RunTime:0.0156s ]
SQL: SELECT `condition`,`name` FROM `think_auth_rule` WHERE `id` IN ('1','2','3','4','5','6') AND `status` = 1  [ RunTime:0.0000s ]
SQL: SHOW COLUMNS FROM `think_members` [ RunTime:0.0000s ]
SQL: SELECT * FROM `think_members`  [ RunTime:0.0000s ]

[ 2016-03-01T13:25:49+08:00 ] 127.0.0.1 /thinkphp/Home/Index/user.html
INFO: [ app_init ] --START--
INFO: Run Behavior\BuildLiteBehavior [ RunTime:0.000000s ]
INFO: [ app_init ] --END-- [ RunTime:0.000000s ]
SQL: SHOW COLUMNS FROM `think_auth_group_access` [ RunTime:0.0000s ]
SQL: SELECT `uid`,`group_id`,`title`,`rules` FROM think_auth_group_access a INNER JOIN think_auth_group g on a.group_id=g.id  WHERE ( a.uid='1' and g.status='1' )  [ RunTime:0.0000s ]
SQL: SHOW COLUMNS FROM `think_auth_rule` [ RunTime:0.0000s ]
SQL: SELECT `condition`,`name` FROM `think_auth_rule` WHERE `id` IN ('1','2','3','4','5','6') AND `status` = 1  [ RunTime:0.0000s ]
SQL: SHOW COLUMNS FROM `think_members` [ RunTime:0.0000s ]
SQL: SELECT * FROM `think_members`  [ RunTime:0.0000s ]
NOTIC: [8] Undefined variable: username D:\wamp\www\thinkphp\Application\Runtime\Cache\Home\008e2ad42cd616a4bbdd0e672155681c.php 第 344 行.

[ 2016-03-01T13:28:02+08:00 ] 127.0.0.1 /thinkphp/Home/Index/user.html
INFO: [ app_init ] --START--
INFO: Run Behavior\BuildLiteBehavior [ RunTime:0.000000s ]
INFO: [ app_init ] --END-- [ RunTime:0.000000s ]
SQL: SHOW COLUMNS FROM `think_auth_group_access` [ RunTime:0.0156s ]
SQL: SELECT `uid`,`group_id`,`title`,`rules` FROM think_auth_group_access a INNER JOIN think_auth_group g on a.group_id=g.id  WHERE ( a.uid='1' and g.status='1' )  [ RunTime:0.0000s ]
SQL: SHOW COLUMNS FROM `think_auth_rule` [ RunTime:0.0000s ]
SQL: SELECT `condition`,`name` FROM `think_auth_rule` WHERE `id` IN ('1','2','3','4','5','6') AND `status` = 1  [ RunTime:0.0000s ]
SQL: SHOW COLUMNS FROM `think_members` [ RunTime:0.0000s ]
SQL: SELECT * FROM `think_members`  [ RunTime:0.0000s ]
NOTIC: [8] Undefined variable: username D:\wamp\www\thinkphp\Application\Runtime\Cache\Home\008e2ad42cd616a4bbdd0e672155681c.php 第 344 行.

[ 2016-03-01T13:28:22+08:00 ] 127.0.0.1 /thinkphp/Home/Index/user.html
INFO: [ app_init ] --START--
INFO: Run Behavior\BuildLiteBehavior [ RunTime:0.000000s ]
INFO: [ app_init ] --END-- [ RunTime:0.000000s ]
SQL: SHOW COLUMNS FROM `think_auth_group_access` [ RunTime:0.0000s ]
SQL: SELECT `uid`,`group_id`,`title`,`rules` FROM think_auth_group_access a INNER JOIN think_auth_group g on a.group_id=g.id  WHERE ( a.uid='1' and g.status='1' )  [ RunTime:0.0000s ]
SQL: SHOW COLUMNS FROM `think_auth_rule` [ RunTime:0.0156s ]
SQL: SELECT `condition`,`name` FROM `think_auth_rule` WHERE `id` IN ('1','2','3','4','5','6') AND `status` = 1  [ RunTime:0.0000s ]
SQL: SHOW COLUMNS FROM `think_members` [ RunTime:0.0000s ]
SQL: SELECT * FROM `think_members`  [ RunTime:0.0000s ]
NOTIC: [8] Undefined variable: username D:\wamp\www\thinkphp\Application\Runtime\Cache\Home\008e2ad42cd616a4bbdd0e672155681c.php 第 344 行.

[ 2016-03-01T13:28:39+08:00 ] 127.0.0.1 /thinkphp/Home/Index/user.html
INFO: [ app_init ] --START--
INFO: Run Behavior\BuildLiteBehavior [ RunTime:0.000000s ]
INFO: [ app_init ] --END-- [ RunTime:0.000000s ]
SQL: SHOW COLUMNS FROM `think_auth_group_access` [ RunTime:0.0000s ]
SQL: SELECT `uid`,`group_id`,`title`,`rules` FROM think_auth_group_access a INNER JOIN think_auth_group g on a.group_id=g.id  WHERE ( a.uid='1' and g.status='1' )  [ RunTime:0.0000s ]
SQL: SHOW COLUMNS FROM `think_auth_rule` [ RunTime:0.0000s ]
SQL: SELECT `condition`,`name` FROM `think_auth_rule` WHERE `id` IN ('1','2','3','4','5','6') AND `status` = 1  [ RunTime:0.0000s ]
SQL: SHOW COLUMNS FROM `think_members` [ RunTime:0.0156s ]
SQL: SELECT * FROM `think_members`  [ RunTime:0.0000s ]
NOTIC: [8] Undefined variable: username D:\wamp\www\thinkphp\Application\Runtime\Cache\Home\008e2ad42cd616a4bbdd0e672155681c.php 第 344 行.

[ 2016-03-01T13:29:41+08:00 ] 127.0.0.1 /thinkphp/Home/Index/user.html
INFO: [ app_init ] --START--
INFO: Run Behavior\BuildLiteBehavior [ RunTime:0.000000s ]
INFO: [ app_init ] --END-- [ RunTime:0.000000s ]
SQL: SHOW COLUMNS FROM `think_auth_group_access` [ RunTime:0.0000s ]
SQL: SELECT `uid`,`group_id`,`title`,`rules` FROM think_auth_group_access a INNER JOIN think_auth_group g on a.group_id=g.id  WHERE ( a.uid='1' and g.status='1' )  [ RunTime:0.0000s ]
SQL: SHOW COLUMNS FROM `think_auth_rule` [ RunTime:0.0000s ]
SQL: SELECT `condition`,`name` FROM `think_auth_rule` WHERE `id` IN ('1','2','3','4','5','6') AND `status` = 1  [ RunTime:0.0000s ]
SQL: SHOW COLUMNS FROM `think_members` [ RunTime:0.0000s ]
SQL: SELECT * FROM `think_members`  [ RunTime:0.0000s ]
NOTIC: [8] Undefined variable: username D:\wamp\www\thinkphp\Application\Runtime\Cache\Home\008e2ad42cd616a4bbdd0e672155681c.php 第 344 行.

[ 2016-03-01T13:29:56+08:00 ] 127.0.0.1 /thinkphp/Home/Index/user.html
INFO: [ app_init ] --START--
INFO: Run Behavior\BuildLiteBehavior [ RunTime:0.000000s ]
INFO: [ app_init ] --END-- [ RunTime:0.000000s ]
SQL: SHOW COLUMNS FROM `think_auth_group_access` [ RunTime:0.0156s ]
SQL: SELECT `uid`,`group_id`,`title`,`rules` FROM think_auth_group_access a INNER JOIN think_auth_group g on a.group_id=g.id  WHERE ( a.uid='1' and g.status='1' )  [ RunTime:0.0000s ]
SQL: SHOW COLUMNS FROM `think_auth_rule` [ RunTime:0.0000s ]
SQL: SELECT `condition`,`name` FROM `think_auth_rule` WHERE `id` IN ('1','2','3','4','5','6') AND `status` = 1  [ RunTime:0.0000s ]
SQL: SHOW COLUMNS FROM `think_members` [ RunTime:0.0000s ]
SQL: SELECT * FROM `think_members`  [ RunTime:0.0000s ]
NOTIC: [8] Undefined variable: username D:\wamp\www\thinkphp\Application\Runtime\Cache\Home\008e2ad42cd616a4bbdd0e672155681c.php 第 344 行.

[ 2016-03-01T13:31:00+08:00 ] 127.0.0.1 /thinkphp/Home/Index/user.html
INFO: [ app_init ] --START--
INFO: Run Behavior\BuildLiteBehavior [ RunTime:0.000000s ]
INFO: [ app_init ] --END-- [ RunTime:0.000000s ]
SQL: SHOW COLUMNS FROM `think_auth_group_access` [ RunTime:0.0000s ]
SQL: SELECT `uid`,`group_id`,`title`,`rules` FROM think_auth_group_access a INNER JOIN think_auth_group g on a.group_id=g.id  WHERE ( a.uid='1' and g.status='1' )  [ RunTime:0.0000s ]
SQL: SHOW COLUMNS FROM `think_auth_rule` [ RunTime:0.0000s ]
SQL: SELECT `condition`,`name` FROM `think_auth_rule` WHERE `id` IN ('1','2','3','4','5','6') AND `status` = 1  [ RunTime:0.0000s ]
SQL: SHOW COLUMNS FROM `think_members` [ RunTime:0.0156s ]
SQL: SELECT * FROM `think_members`  [ RunTime:0.0000s ]
NOTIC: [8] Undefined variable: username D:\wamp\www\thinkphp\Application\Runtime\Cache\Home\008e2ad42cd616a4bbdd0e672155681c.php 第 344 行.

[ 2016-03-01T13:31:58+08:00 ] 127.0.0.1 /thinkphp/Home/Index/user.html
INFO: [ app_init ] --START--
INFO: Run Behavior\BuildLiteBehavior [ RunTime:0.000000s ]
INFO: [ app_init ] --END-- [ RunTime:0.000000s ]
SQL: SHOW COLUMNS FROM `think_auth_group_access` [ RunTime:0.0000s ]
SQL: SELECT `uid`,`group_id`,`title`,`rules` FROM think_auth_group_access a INNER JOIN think_auth_group g on a.group_id=g.id  WHERE ( a.uid='1' and g.status='1' )  [ RunTime:0.0000s ]
SQL: SHOW COLUMNS FROM `think_auth_rule` [ RunTime:0.0000s ]
SQL: SELECT `condition`,`name` FROM `think_auth_rule` WHERE `id` IN ('1','2','3','4','5','6') AND `status` = 1  [ RunTime:0.0000s ]
SQL: SHOW COLUMNS FROM `think_members` [ RunTime:0.0000s ]
SQL: SELECT * FROM `think_members`  [ RunTime:0.0000s ]
NOTIC: [8] Undefined variable: username D:\wamp\www\thinkphp\Application\Runtime\Cache\Home\008e2ad42cd616a4bbdd0e672155681c.php 第 344 行.

[ 2016-03-01T13:32:22+08:00 ] 127.0.0.1 /thinkphp/Home/Index/user.html
INFO: [ app_init ] --START--
INFO: Run Behavior\BuildLiteBehavior [ RunTime:0.000000s ]
INFO: [ app_init ] --END-- [ RunTime:0.000000s ]
SQL: SHOW COLUMNS FROM `think_auth_group_access` [ RunTime:0.0000s ]
SQL: SELECT `uid`,`group_id`,`title`,`rules` FROM think_auth_group_access a INNER JOIN think_auth_group g on a.group_id=g.id  WHERE ( a.uid='1' and g.status='1' )  [ RunTime:0.0000s ]
SQL: SHOW COLUMNS FROM `think_auth_rule` [ RunTime:0.0156s ]
SQL: SELECT `condition`,`name` FROM `think_auth_rule` WHERE `id` IN ('1','2','3','4','5','6') AND `status` = 1  [ RunTime:0.0000s ]
SQL: SHOW COLUMNS FROM `think_members` [ RunTime:0.0000s ]
SQL: SELECT * FROM `think_members`  [ RunTime:0.0000s ]
NOTIC: [8] Undefined variable: username D:\wamp\www\thinkphp\Application\Runtime\Cache\Home\008e2ad42cd616a4bbdd0e672155681c.php 第 344 行.

[ 2016-03-01T13:35:06+08:00 ] 127.0.0.1 /thinkphp/Home/Index/user.html
INFO: [ app_init ] --START--
INFO: Run Behavior\BuildLiteBehavior [ RunTime:0.000000s ]
INFO: [ app_init ] --END-- [ RunTime:0.000000s ]
SQL: SHOW COLUMNS FROM `think_auth_group_access` [ RunTime:0.0000s ]
SQL: SELECT `uid`,`group_id`,`title`,`rules` FROM think_auth_group_access a INNER JOIN think_auth_group g on a.group_id=g.id  WHERE ( a.uid='1' and g.status='1' )  [ RunTime:0.0000s ]
SQL: SHOW COLUMNS FROM `think_auth_rule` [ RunTime:0.0000s ]
SQL: SELECT `condition`,`name` FROM `think_auth_rule` WHERE `id` IN ('1','2','3','4','5','6') AND `status` = 1  [ RunTime:0.0000s ]
SQL: SHOW COLUMNS FROM `think_members` [ RunTime:0.0000s ]
SQL: SELECT * FROM `think_members`  [ RunTime:0.0000s ]
NOTIC: [8] Undefined variable: username D:\wamp\www\thinkphp\Application\Runtime\Cache\Home\008e2ad42cd616a4bbdd0e672155681c.php 第 344 行.
NOTIC: [8] Undefined index: status D:\wamp\www\thinkphp\Application\Runtime\Cache\Home\008e2ad42cd616a4bbdd0e672155681c.php 第 1118 行.
NOTIC: [8] Undefined index: status D:\wamp\www\thinkphp\Application\Runtime\Cache\Home\008e2ad42cd616a4bbdd0e672155681c.php 第 1118 行.
NOTIC: [8] Undefined index: status D:\wamp\www\thinkphp\Application\Runtime\Cache\Home\008e2ad42cd616a4bbdd0e672155681c.php 第 1118 行.

[ 2016-03-01T13:35:30+08:00 ] 127.0.0.1 /thinkphp/Home/Index/user.html
INFO: [ app_init ] --START--
INFO: Run Behavior\BuildLiteBehavior [ RunTime:0.000000s ]
INFO: [ app_init ] --END-- [ RunTime:0.000000s ]
SQL: SHOW COLUMNS FROM `think_auth_group_access` [ RunTime:0.0000s ]
SQL: SELECT `uid`,`group_id`,`title`,`rules` FROM think_auth_group_access a INNER JOIN think_auth_group g on a.group_id=g.id  WHERE ( a.uid='1' and g.status='1' )  [ RunTime:0.0000s ]
SQL: SHOW COLUMNS FROM `think_auth_rule` [ RunTime:0.0000s ]
SQL: SELECT `condition`,`name` FROM `think_auth_rule` WHERE `id` IN ('1','2','3','4','5','6') AND `status` = 1  [ RunTime:0.0000s ]
SQL: SHOW COLUMNS FROM `think_members` [ RunTime:0.0100s ]
SQL: SELECT * FROM `think_members`  [ RunTime:0.0000s ]
NOTIC: [8] Undefined variable: username D:\wamp\www\thinkphp\Application\Runtime\Cache\Home\008e2ad42cd616a4bbdd0e672155681c.php 第 344 行.

[ 2016-03-01T13:36:08+08:00 ] 127.0.0.1 /thinkphp/Home/Index/user.html
INFO: [ app_init ] --START--
INFO: Run Behavior\BuildLiteBehavior [ RunTime:0.000000s ]
INFO: [ app_init ] --END-- [ RunTime:0.000000s ]
SQL: SHOW COLUMNS FROM `think_auth_group_access` [ RunTime:0.0000s ]
SQL: SELECT `uid`,`group_id`,`title`,`rules` FROM think_auth_group_access a INNER JOIN think_auth_group g on a.group_id=g.id  WHERE ( a.uid='1' and g.status='1' )  [ RunTime:0.0000s ]
SQL: SHOW COLUMNS FROM `think_auth_rule` [ RunTime:0.0000s ]
SQL: SELECT `condition`,`name` FROM `think_auth_rule` WHERE `id` IN ('1','2','3','4','5','6') AND `status` = 1  [ RunTime:0.0000s ]
SQL: SHOW COLUMNS FROM `think_members` [ RunTime:0.0000s ]
SQL: SELECT * FROM `think_members`  [ RunTime:0.0000s ]
NOTIC: [8] Undefined variable: username D:\wamp\www\thinkphp\Application\Runtime\Cache\Home\008e2ad42cd616a4bbdd0e672155681c.php 第 344 行.

[ 2016-03-01T13:37:30+08:00 ] 127.0.0.1 /thinkphp/Home/Index/user.html
INFO: [ app_init ] --START--
INFO: Run Behavior\BuildLiteBehavior [ RunTime:0.000000s ]
INFO: [ app_init ] --END-- [ RunTime:0.000000s ]
SQL: SHOW COLUMNS FROM `think_auth_group_access` [ RunTime:0.0000s ]
SQL: SELECT `uid`,`group_id`,`title`,`rules` FROM think_auth_group_access a INNER JOIN think_auth_group g on a.group_id=g.id  WHERE ( a.uid='1' and g.status='1' )  [ RunTime:0.0000s ]
SQL: SHOW COLUMNS FROM `think_auth_rule` [ RunTime:0.0000s ]
SQL: SELECT `condition`,`name` FROM `think_auth_rule` WHERE `id` IN ('1','2','3','4','5','6') AND `status` = 1  [ RunTime:0.0000s ]
SQL: SHOW COLUMNS FROM `think_members` [ RunTime:0.0000s ]
SQL: SELECT * FROM `think_members`  [ RunTime:0.0000s ]
NOTIC: [8] Undefined variable: username D:\wamp\www\thinkphp\Application\Runtime\Cache\Home\008e2ad42cd616a4bbdd0e672155681c.php 第 344 行.

[ 2016-03-01T13:37:45+08:00 ] 127.0.0.1 /thinkphp/Home/Index/user.html
INFO: [ app_init ] --START--
INFO: Run Behavior\BuildLiteBehavior [ RunTime:0.000000s ]
INFO: [ app_init ] --END-- [ RunTime:0.000000s ]
SQL: SHOW COLUMNS FROM `think_auth_group_access` [ RunTime:0.0312s ]
SQL: SELECT `uid`,`group_id`,`title`,`rules` FROM think_auth_group_access a INNER JOIN think_auth_group g on a.group_id=g.id  WHERE ( a.uid='1' and g.status='1' )  [ RunTime:0.0000s ]
SQL: SHOW COLUMNS FROM `think_auth_rule` [ RunTime:0.0000s ]
SQL: SELECT `condition`,`name` FROM `think_auth_rule` WHERE `id` IN ('1','2','3','4','5','6') AND `status` = 1  [ RunTime:0.0000s ]
SQL: SHOW COLUMNS FROM `think_members` [ RunTime:0.0000s ]
SQL: SELECT * FROM `think_members`  [ RunTime:0.0000s ]
NOTIC: [8] Undefined variable: username D:\wamp\www\thinkphp\Application\Runtime\Cache\Home\008e2ad42cd616a4bbdd0e672155681c.php 第 344 行.

[ 2016-03-01T13:38:33+08:00 ] 127.0.0.1 /thinkphp/Home/Index/user.html
INFO: [ app_init ] --START--
INFO: Run Behavior\BuildLiteBehavior [ RunTime:0.000000s ]
INFO: [ app_init ] --END-- [ RunTime:0.000000s ]
SQL: SHOW COLUMNS FROM `think_auth_group_access` [ RunTime:0.0000s ]
SQL: SELECT `uid`,`group_id`,`title`,`rules` FROM think_auth_group_access a INNER JOIN think_auth_group g on a.group_id=g.id  WHERE ( a.uid='1' and g.status='1' )  [ RunTime:0.0000s ]
SQL: SHOW COLUMNS FROM `think_auth_rule` [ RunTime:0.0000s ]
SQL: SELECT `condition`,`name` FROM `think_auth_rule` WHERE `id` IN ('1','2','3','4','5','6') AND `status` = 1  [ RunTime:0.0000s ]
SQL: SHOW COLUMNS FROM `think_members` [ RunTime:0.0000s ]
SQL: SELECT * FROM `think_members`  [ RunTime:0.0000s ]
NOTIC: [8] Undefined variable: username D:\wamp\www\thinkphp\Application\Runtime\Cache\Home\008e2ad42cd616a4bbdd0e672155681c.php 第 344 行.

[ 2016-03-01T13:38:35+08:00 ] 127.0.0.1 /thinkphp/Home/Index/user.html
INFO: [ app_init ] --START--
INFO: Run Behavior\BuildLiteBehavior [ RunTime:0.000000s ]
INFO: [ app_init ] --END-- [ RunTime:0.001000s ]
SQL: SHOW COLUMNS FROM `think_auth_group_access` [ RunTime:0.0030s ]
SQL: SELECT `uid`,`group_id`,`title`,`rules` FROM think_auth_group_access a INNER JOIN think_auth_group g on a.group_id=g.id  WHERE ( a.uid='1' and g.status='1' )  [ RunTime:0.0010s ]
SQL: SHOW COLUMNS FROM `think_auth_rule` [ RunTime:0.0020s ]
SQL: SELECT `condition`,`name` FROM `think_auth_rule` WHERE `id` IN ('1','2','3','4','5','6') AND `status` = 1  [ RunTime:0.0000s ]
SQL: SHOW COLUMNS FROM `think_members` [ RunTime:0.0030s ]
SQL: SELECT * FROM `think_members`  [ RunTime:0.0000s ]
NOTIC: [8] Undefined variable: username D:\wamp\www\thinkphp\Application\Runtime\Cache\Home\008e2ad42cd616a4bbdd0e672155681c.php 第 344 行.

[ 2016-03-01T13:39:03+08:00 ] 127.0.0.1 /thinkphp/Home/Index/user.html
INFO: [ app_init ] --START--
INFO: Run Behavior\BuildLiteBehavior [ RunTime:0.000000s ]
INFO: [ app_init ] --END-- [ RunTime:0.001000s ]
SQL: SHOW COLUMNS FROM `think_auth_group_access` [ RunTime:0.0030s ]
SQL: SELECT `uid`,`group_id`,`title`,`rules` FROM think_auth_group_access a INNER JOIN think_auth_group g on a.group_id=g.id  WHERE ( a.uid='1' and g.status='1' )  [ RunTime:0.0000s ]
SQL: SHOW COLUMNS FROM `think_auth_rule` [ RunTime:0.0050s ]
SQL: SELECT `condition`,`name` FROM `think_auth_rule` WHERE `id` IN ('1','2','3','4','5','6') AND `status` = 1  [ RunTime:0.0000s ]
SQL: SHOW COLUMNS FROM `think_members` [ RunTime:0.0020s ]
SQL: SELECT * FROM `think_members`  [ RunTime:0.0000s ]
NOTIC: [8] Undefined variable: username D:\wamp\www\thinkphp\Application\Runtime\Cache\Home\008e2ad42cd616a4bbdd0e672155681c.php 第 344 行.

[ 2016-03-01T13:39:54+08:00 ] 127.0.0.1 /thinkphp/Home/Index/user.html
INFO: [ app_init ] --START--
INFO: Run Behavior\BuildLiteBehavior [ RunTime:0.001000s ]
INFO: [ app_init ] --END-- [ RunTime:0.001000s ]
SQL: SHOW COLUMNS FROM `think_auth_group_access` [ RunTime:0.0030s ]
SQL: SELECT `uid`,`group_id`,`title`,`rules` FROM think_auth_group_access a INNER JOIN think_auth_group g on a.group_id=g.id  WHERE ( a.uid='1' and g.status='1' )  [ RunTime:0.0010s ]
SQL: SHOW COLUMNS FROM `think_auth_rule` [ RunTime:0.0020s ]
SQL: SELECT `condition`,`name` FROM `think_auth_rule` WHERE `id` IN ('1','2','3','4','5','6') AND `status` = 1  [ RunTime:0.0000s ]
SQL: SHOW COLUMNS FROM `think_members` [ RunTime:0.0030s ]
SQL: SELECT * FROM `think_members`  [ RunTime:0.0000s ]
NOTIC: [8] Undefined variable: username D:\wamp\www\thinkphp\Application\Runtime\Cache\Home\008e2ad42cd616a4bbdd0e672155681c.php 第 344 行.

[ 2016-03-01T13:40:15+08:00 ] 127.0.0.1 /thinkphp/Home/Index/user.html
INFO: [ app_init ] --START--
INFO: Run Behavior\BuildLiteBehavior [ RunTime:0.000000s ]
INFO: [ app_init ] --END-- [ RunTime:0.000000s ]
SQL: SHOW COLUMNS FROM `think_auth_group_access` [ RunTime:0.0030s ]
SQL: SELECT `uid`,`group_id`,`title`,`rules` FROM think_auth_group_access a INNER JOIN think_auth_group g on a.group_id=g.id  WHERE ( a.uid='1' and g.status='1' )  [ RunTime:0.0000s ]
SQL: SHOW COLUMNS FROM `think_auth_rule` [ RunTime:0.0040s ]
SQL: SELECT `condition`,`name` FROM `think_auth_rule` WHERE `id` IN ('1','2','3','4','5','6') AND `status` = 1  [ RunTime:0.0010s ]
SQL: SHOW COLUMNS FROM `think_members` [ RunTime:0.0030s ]
SQL: SELECT * FROM `think_members`  [ RunTime:0.0010s ]
NOTIC: [8] Undefined variable: username D:\wamp\www\thinkphp\Application\Runtime\Cache\Home\008e2ad42cd616a4bbdd0e672155681c.php 第 344 行.

[ 2016-03-01T13:40:34+08:00 ] 127.0.0.1 /thinkphp/Home/Index/user.html
INFO: [ app_init ] --START--
INFO: Run Behavior\BuildLiteBehavior [ RunTime:0.000000s ]
INFO: [ app_init ] --END-- [ RunTime:0.000000s ]
SQL: SHOW COLUMNS FROM `think_auth_group_access` [ RunTime:0.0030s ]
SQL: SELECT `uid`,`group_id`,`title`,`rules` FROM think_auth_group_access a INNER JOIN think_auth_group g on a.group_id=g.id  WHERE ( a.uid='1' and g.status='1' )  [ RunTime:0.0000s ]
SQL: SHOW COLUMNS FROM `think_auth_rule` [ RunTime:0.0030s ]
SQL: SELECT `condition`,`name` FROM `think_auth_rule` WHERE `id` IN ('1','2','3','4','5','6') AND `status` = 1  [ RunTime:0.0000s ]
SQL: SHOW COLUMNS FROM `think_members` [ RunTime:0.0050s ]
SQL: SELECT * FROM `think_members`  [ RunTime:0.0000s ]
NOTIC: [8] Undefined variable: username D:\wamp\www\thinkphp\Application\Runtime\Cache\Home\008e2ad42cd616a4bbdd0e672155681c.php 第 344 行.

[ 2016-03-01T13:40:49+08:00 ] 127.0.0.1 /thinkphp/Home/Index/user.html
INFO: [ app_init ] --START--
INFO: Run Behavior\BuildLiteBehavior [ RunTime:0.000000s ]
INFO: [ app_init ] --END-- [ RunTime:0.000000s ]
SQL: SHOW COLUMNS FROM `think_auth_group_access` [ RunTime:0.0030s ]
SQL: SELECT `uid`,`group_id`,`title`,`rules` FROM think_auth_group_access a INNER JOIN think_auth_group g on a.group_id=g.id  WHERE ( a.uid='1' and g.status='1' )  [ RunTime:0.0000s ]
SQL: SHOW COLUMNS FROM `think_auth_rule` [ RunTime:0.0030s ]
SQL: SELECT `condition`,`name` FROM `think_auth_rule` WHERE `id` IN ('1','2','3','4','5','6') AND `status` = 1  [ RunTime:0.0000s ]
SQL: SHOW COLUMNS FROM `think_members` [ RunTime:0.0030s ]
SQL: SELECT * FROM `think_members`  [ RunTime:0.0010s ]
NOTIC: [8] Undefined variable: username D:\wamp\www\thinkphp\Application\Runtime\Cache\Home\008e2ad42cd616a4bbdd0e672155681c.php 第 344 行.

[ 2016-03-01T13:40:51+08:00 ] 127.0.0.1 /thinkphp/Home/Index/user.html
INFO: [ app_init ] --START--
INFO: Run Behavior\BuildLiteBehavior [ RunTime:0.000000s ]
INFO: [ app_init ] --END-- [ RunTime:0.000000s ]
SQL: SHOW COLUMNS FROM `think_auth_group_access` [ RunTime:0.0020s ]
SQL: SELECT `uid`,`group_id`,`title`,`rules` FROM think_auth_group_access a INNER JOIN think_auth_group g on a.group_id=g.id  WHERE ( a.uid='1' and g.status='1' )  [ RunTime:0.0000s ]
SQL: SHOW COLUMNS FROM `think_auth_rule` [ RunTime:0.0030s ]
SQL: SELECT `condition`,`name` FROM `think_auth_rule` WHERE `id` IN ('1','2','3','4','5','6') AND `status` = 1  [ RunTime:0.0010s ]
SQL: SHOW COLUMNS FROM `think_members` [ RunTime:0.0030s ]
SQL: SELECT * FROM `think_members`  [ RunTime:0.0000s ]
NOTIC: [8] Undefined variable: username D:\wamp\www\thinkphp\Application\Runtime\Cache\Home\008e2ad42cd616a4bbdd0e672155681c.php 第 344 行.

[ 2016-03-01T13:41:00+08:00 ] 127.0.0.1 /thinkphp/Home/Index/user.html
INFO: [ app_init ] --START--
INFO: Run Behavior\BuildLiteBehavior [ RunTime:0.000000s ]
INFO: [ app_init ] --END-- [ RunTime:0.000000s ]
SQL: SHOW COLUMNS FROM `think_auth_group_access` [ RunTime:0.0040s ]
SQL: SELECT `uid`,`group_id`,`title`,`rules` FROM think_auth_group_access a INNER JOIN think_auth_group g on a.group_id=g.id  WHERE ( a.uid='1' and g.status='1' )  [ RunTime:0.0000s ]
SQL: SHOW COLUMNS FROM `think_auth_rule` [ RunTime:0.0020s ]
SQL: SELECT `condition`,`name` FROM `think_auth_rule` WHERE `id` IN ('1','2','3','4','5','6') AND `status` = 1  [ RunTime:0.0000s ]
SQL: SHOW COLUMNS FROM `think_members` [ RunTime:0.0030s ]
SQL: SELECT * FROM `think_members`  [ RunTime:0.0010s ]
NOTIC: [8] Undefined variable: username D:\wamp\www\thinkphp\Application\Runtime\Cache\Home\008e2ad42cd616a4bbdd0e672155681c.php 第 344 行.

[ 2016-03-01T13:41:02+08:00 ] 127.0.0.1 /thinkphp/Home/Index/user.html
INFO: [ app_init ] --START--
INFO: Run Behavior\BuildLiteBehavior [ RunTime:0.000000s ]
INFO: [ app_init ] --END-- [ RunTime:0.001000s ]
SQL: SHOW COLUMNS FROM `think_auth_group_access` [ RunTime:0.0030s ]
SQL: SELECT `uid`,`group_id`,`title`,`rules` FROM think_auth_group_access a INNER JOIN think_auth_group g on a.group_id=g.id  WHERE ( a.uid='1' and g.status='1' )  [ RunTime:0.0000s ]
SQL: SHOW COLUMNS FROM `think_auth_rule` [ RunTime:0.0210s ]
SQL: SELECT `condition`,`name` FROM `think_auth_rule` WHERE `id` IN ('1','2','3','4','5','6') AND `status` = 1  [ RunTime:0.0000s ]
SQL: SHOW COLUMNS FROM `think_members` [ RunTime:0.0020s ]
SQL: SELECT * FROM `think_members`  [ RunTime:0.0000s ]
NOTIC: [8] Undefined variable: username D:\wamp\www\thinkphp\Application\Runtime\Cache\Home\008e2ad42cd616a4bbdd0e672155681c.php 第 344 行.

[ 2016-03-01T13:41:07+08:00 ] 127.0.0.1 /thinkphp/Home/Index/user.html
INFO: [ app_init ] --START--
INFO: Run Behavior\BuildLiteBehavior [ RunTime:0.000000s ]
INFO: [ app_init ] --END-- [ RunTime:0.000000s ]
SQL: SHOW COLUMNS FROM `think_auth_group_access` [ RunTime:0.0030s ]
SQL: SELECT `uid`,`group_id`,`title`,`rules` FROM think_auth_group_access a INNER JOIN think_auth_group g on a.group_id=g.id  WHERE ( a.uid='1' and g.status='1' )  [ RunTime:0.0000s ]
SQL: SHOW COLUMNS FROM `think_auth_rule` [ RunTime:0.0020s ]
SQL: SELECT `condition`,`name` FROM `think_auth_rule` WHERE `id` IN ('1','2','3','4','5','6') AND `status` = 1  [ RunTime:0.0010s ]
SQL: SHOW COLUMNS FROM `think_members` [ RunTime:0.0030s ]
SQL: SELECT * FROM `think_members`  [ RunTime:0.0010s ]
NOTIC: [8] Undefined variable: username D:\wamp\www\thinkphp\Application\Runtime\Cache\Home\008e2ad42cd616a4bbdd0e672155681c.php 第 344 行.

[ 2016-03-01T13:41:08+08:00 ] 127.0.0.1 /thinkphp/Home/Index/user.html
INFO: [ app_init ] --START--
INFO: Run Behavior\BuildLiteBehavior [ RunTime:0.000000s ]
INFO: [ app_init ] --END-- [ RunTime:0.000000s ]
SQL: SHOW COLUMNS FROM `think_auth_group_access` [ RunTime:0.0020s ]
SQL: SELECT `uid`,`group_id`,`title`,`rules` FROM think_auth_group_access a INNER JOIN think_auth_group g on a.group_id=g.id  WHERE ( a.uid='1' and g.status='1' )  [ RunTime:0.0000s ]
SQL: SHOW COLUMNS FROM `think_auth_rule` [ RunTime:0.0030s ]
SQL: SELECT `condition`,`name` FROM `think_auth_rule` WHERE `id` IN ('1','2','3','4','5','6') AND `status` = 1  [ RunTime:0.0000s ]
SQL: SHOW COLUMNS FROM `think_members` [ RunTime:0.0020s ]
SQL: SELECT * FROM `think_members`  [ RunTime:0.0000s ]
NOTIC: [8] Undefined variable: username D:\wamp\www\thinkphp\Application\Runtime\Cache\Home\008e2ad42cd616a4bbdd0e672155681c.php 第 344 行.

[ 2016-03-01T13:41:14+08:00 ] 127.0.0.1 /thinkphp/Home/Index/calendar.html
INFO: [ app_init ] --START--
INFO: Run Behavior\BuildLiteBehavior [ RunTime:0.000000s ]
INFO: [ app_init ] --END-- [ RunTime:0.000000s ]
SQL: SHOW COLUMNS FROM `think_auth_group_access` [ RunTime:0.0030s ]
SQL: SELECT `uid`,`group_id`,`title`,`rules` FROM think_auth_group_access a INNER JOIN think_auth_group g on a.group_id=g.id  WHERE ( a.uid='1' and g.status='1' )  [ RunTime:0.0000s ]
SQL: SHOW COLUMNS FROM `think_auth_rule` [ RunTime:0.0020s ]
SQL: SELECT `condition`,`name` FROM `think_auth_rule` WHERE `id` IN ('1','2','3','4','5','6') AND `status` = 1  [ RunTime:0.0000s ]
ERR: 非法操作:calendar

[ 2016-03-01T13:41:21+08:00 ] 127.0.0.1 /thinkphp/Home/Index/top-menu.html
INFO: [ app_init ] --START--
INFO: Run Behavior\BuildLiteBehavior [ RunTime:0.000000s ]
INFO: [ app_init ] --END-- [ RunTime:0.001000s ]
SQL: SHOW COLUMNS FROM `think_auth_group_access` [ RunTime:0.0020s ]
SQL: SELECT `uid`,`group_id`,`title`,`rules` FROM think_auth_group_access a INNER JOIN think_auth_group g on a.group_id=g.id  WHERE ( a.uid='1' and g.status='1' )  [ RunTime:0.0000s ]
SQL: SHOW COLUMNS FROM `think_auth_rule` [ RunTime:0.0170s ]
SQL: SELECT `condition`,`name` FROM `think_auth_rule` WHERE `id` IN ('1','2','3','4','5','6') AND `status` = 1  [ RunTime:0.0000s ]
ERR: 非法操作:top-menu

[ 2016-03-01T13:41:52+08:00 ] 127.0.0.1 /thinkphp/Home/Index/user.html
INFO: [ app_init ] --START--
INFO: Run Behavior\BuildLiteBehavior [ RunTime:0.000000s ]
INFO: [ app_init ] --END-- [ RunTime:0.000000s ]
SQL: SHOW COLUMNS FROM `think_auth_group_access` [ RunTime:0.0030s ]
SQL: SELECT `uid`,`group_id`,`title`,`rules` FROM think_auth_group_access a INNER JOIN think_auth_group g on a.group_id=g.id  WHERE ( a.uid='1' and g.status='1' )  [ RunTime:0.0000s ]
SQL: SHOW COLUMNS FROM `think_auth_rule` [ RunTime:0.0130s ]
SQL: SELECT `condition`,`name` FROM `think_auth_rule` WHERE `id` IN ('1','2','3','4','5','6') AND `status` = 1  [ RunTime:0.0000s ]
SQL: SHOW COLUMNS FROM `think_members` [ RunTime:0.0020s ]
SQL: SELECT * FROM `think_members`  [ RunTime:0.0000s ]
NOTIC: [8] Undefined variable: username D:\wamp\www\thinkphp\Application\Runtime\Cache\Home\008e2ad42cd616a4bbdd0e672155681c.php 第 344 行.

[ 2016-03-01T13:41:56+08:00 ] 127.0.0.1 /thinkphp/Home/Index/user.html
INFO: [ app_init ] --START--
INFO: Run Behavior\BuildLiteBehavior [ RunTime:0.000000s ]
INFO: [ app_init ] --END-- [ RunTime:0.001000s ]
SQL: SHOW COLUMNS FROM `think_auth_group_access` [ RunTime:0.0030s ]
SQL: SELECT `uid`,`group_id`,`title`,`rules` FROM think_auth_group_access a INNER JOIN think_auth_group g on a.group_id=g.id  WHERE ( a.uid='1' and g.status='1' )  [ RunTime:0.0010s ]
SQL: SHOW COLUMNS FROM `think_auth_rule` [ RunTime:0.0020s ]
SQL: SELECT `condition`,`name` FROM `think_auth_rule` WHERE `id` IN ('1','2','3','4','5','6') AND `status` = 1  [ RunTime:0.0000s ]
SQL: SHOW COLUMNS FROM `think_members` [ RunTime:0.0030s ]
SQL: SELECT * FROM `think_members`  [ RunTime:0.0000s ]
NOTIC: [8] Undefined variable: username D:\wamp\www\thinkphp\Application\Runtime\Cache\Home\008e2ad42cd616a4bbdd0e672155681c.php 第 344 行.

[ 2016-03-01T14:51:13+08:00 ] 127.0.0.1 /thinkphp/
INFO: [ app_init ] --START--
INFO: Run Behavior\BuildLiteBehavior [ RunTime:0.000000s ]
INFO: [ app_init ] --END-- [ RunTime:0.000000s ]
SQL: SHOW COLUMNS FROM `think_auth_group_access` [ RunTime:0.0200s ]
SQL: SELECT `uid`,`group_id`,`title`,`rules` FROM think_auth_group_access a INNER JOIN think_auth_group g on a.group_id=g.id  WHERE ( a.uid='' and g.status='1' )  [ RunTime:0.0000s ]

