[ 2016-03-13T21:45:02+08:00 ] 127.0.0.1 /thinkphp/
INFO: [ app_init ] --START--
INFO: Run Behavior\BuildLiteBehavior [ RunTime:0.000000s ]
INFO: [ app_init ] --END-- [ RunTime:0.003000s ]
NOTIC: [8] Use of undefined constant ture - assumed 'ture' C:\wamp\www\thinkphp\Application\Home\Conf\config.php 第 14 行.

[ 2016-03-13T21:45:04+08:00 ] 127.0.0.1 /thinkphp/Home/Login/index.html
INFO: [ app_init ] --START--
INFO: Run Behavior\BuildLiteBehavior [ RunTime:0.000000s ]
INFO: [ app_init ] --END-- [ RunTime:0.000000s ]
NOTIC: [8] Use of undefined constant ture - assumed 'ture' C:\wamp\www\thinkphp\Application\Home\Conf\config.php 第 14 行.

[ 2016-03-13T21:45:07+08:00 ] 127.0.0.1 /thinkphp/Home/Login/index.html
INFO: [ app_init ] --START--
INFO: Run Behavior\BuildLiteBehavior [ RunTime:0.000000s ]
INFO: [ app_init ] --END-- [ RunTime:0.001000s ]
NOTIC: [8] Use of undefined constant ture - assumed 'ture' C:\wamp\www\thinkphp\Application\Home\Conf\config.php 第 14 行.

[ 2016-03-13T21:45:09+08:00 ] 127.0.0.1 /thinkphp/Home/Index/index.html
INFO: [ app_init ] --START--
INFO: Run Behavior\BuildLiteBehavior [ RunTime:0.000000s ]
INFO: [ app_init ] --END-- [ RunTime:0.001000s ]
NOTIC: [8] Use of undefined constant ture - assumed 'ture' C:\wamp\www\thinkphp\Application\Home\Conf\config.php 第 14 行.

[ 2016-03-13T21:45:09+08:00 ] 127.0.0.1 /thinkphp/Home/demo.css
INFO: [ app_init ] --START--
INFO: Run Behavior\BuildLiteBehavior [ RunTime:0.000000s ]
INFO: [ app_init ] --END-- [ RunTime:0.000000s ]
NOTIC: [8] Use of undefined constant ture - assumed 'ture' C:\wamp\www\thinkphp\Application\Home\Conf\config.php 第 14 行.
ERR: 无法加载控制器:Demo.css

[ 2016-03-13T21:46:45+08:00 ] 127.0.0.1 /thinkphp/Home/Index/index.html
INFO: [ app_init ] --START--
INFO: Run Behavior\BuildLiteBehavior [ RunTime:0.000000s ]
INFO: [ app_init ] --END-- [ RunTime:0.000000s ]
NOTIC: [8] Use of undefined constant ture - assumed 'ture' C:\wamp\www\thinkphp\Application\Home\Conf\config.php 第 14 行.

[ 2016-03-13T21:46:45+08:00 ] 127.0.0.1 /thinkphp/Home/demo.css
INFO: [ app_init ] --START--
INFO: Run Behavior\BuildLiteBehavior [ RunTime:0.000000s ]
INFO: [ app_init ] --END-- [ RunTime:0.001000s ]
NOTIC: [8] Use of undefined constant ture - assumed 'ture' C:\wamp\www\thinkphp\Application\Home\Conf\config.php 第 14 行.
ERR: 无法加载控制器:Demo.css

[ 2016-03-13T21:47:51+08:00 ] 127.0.0.1 /thinkphp/
INFO: [ app_init ] --START--
INFO: Run Behavior\BuildLiteBehavior [ RunTime:0.000000s ]
INFO: [ app_init ] --END-- [ RunTime:0.001000s ]
NOTIC: [8] Use of undefined constant ture - assumed 'ture' C:\wamp\www\thinkphp\Application\Home\Conf\config.php 第 14 行.

[ 2016-03-13T21:47:54+08:00 ] 127.0.0.1 /thinkphp/Home/Login/index.html
INFO: [ app_init ] --START--
INFO: Run Behavior\BuildLiteBehavior [ RunTime:0.000000s ]
INFO: [ app_init ] --END-- [ RunTime:0.001000s ]
NOTIC: [8] Use of undefined constant ture - assumed 'ture' C:\wamp\www\thinkphp\Application\Home\Conf\config.php 第 14 行.

[ 2016-03-13T21:47:57+08:00 ] 127.0.0.1 /thinkphp/Home/Login/index.html
INFO: [ app_init ] --START--
INFO: Run Behavior\BuildLiteBehavior [ RunTime:0.000000s ]
INFO: [ app_init ] --END-- [ RunTime:0.001000s ]
NOTIC: [8] Use of undefined constant ture - assumed 'ture' C:\wamp\www\thinkphp\Application\Home\Conf\config.php 第 14 行.

[ 2016-03-13T21:47:58+08:00 ] 127.0.0.1 /thinkphp/Home/Index/index.html
INFO: [ app_init ] --START--
INFO: Run Behavior\BuildLiteBehavior [ RunTime:0.000000s ]
INFO: [ app_init ] --END-- [ RunTime:0.001000s ]
NOTIC: [8] Use of undefined constant ture - assumed 'ture' C:\wamp\www\thinkphp\Application\Home\Conf\config.php 第 14 行.

[ 2016-03-13T21:47:58+08:00 ] 127.0.0.1 /thinkphp/Home/demo.css
INFO: [ app_init ] --START--
INFO: Run Behavior\BuildLiteBehavior [ RunTime:0.000000s ]
INFO: [ app_init ] --END-- [ RunTime:0.000000s ]
NOTIC: [8] Use of undefined constant ture - assumed 'ture' C:\wamp\www\thinkphp\Application\Home\Conf\config.php 第 14 行.
ERR: 无法加载控制器:Demo.css

[ 2016-03-13T21:48:06+08:00 ] 127.0.0.1 /thinkphp/Home/User
INFO: [ app_init ] --START--
INFO: Run Behavior\BuildLiteBehavior [ RunTime:0.000000s ]
INFO: [ app_init ] --END-- [ RunTime:0.001000s ]
NOTIC: [8] Use of undefined constant ture - assumed 'ture' C:\wamp\www\thinkphp\Application\Home\Conf\config.php 第 14 行.

[ 2016-03-13T21:57:52+08:00 ] 127.0.0.1 /thinkphp/
INFO: [ app_init ] --START--
INFO: Run Behavior\BuildLiteBehavior [ RunTime:0.000000s ]
INFO: [ app_init ] --END-- [ RunTime:0.001000s ]
NOTIC: [8] Use of undefined constant ture - assumed 'ture' C:\wamp\www\thinkphp\Application\Home\Conf\config.php 第 14 行.

[ 2016-03-13T22:03:59+08:00 ] 127.0.0.1 /thinkphp/
INFO: [ app_init ] --START--
INFO: Run Behavior\BuildLiteBehavior [ RunTime:0.000000s ]
INFO: [ app_init ] --END-- [ RunTime:0.001000s ]
NOTIC: [8] Use of undefined constant ture - assumed 'ture' C:\wamp\www\thinkphp\Application\Home\Conf\config.php 第 14 行.

[ 2016-03-13T22:04:56+08:00 ] 127.0.0.1 /thinkphp/
INFO: [ app_init ] --START--
INFO: Run Behavior\BuildLiteBehavior [ RunTime:0.000000s ]
INFO: [ app_init ] --END-- [ RunTime:0.001000s ]
NOTIC: [8] Use of undefined constant ture - assumed 'ture' C:\wamp\www\thinkphp\Application\Home\Conf\config.php 第 14 行.

[ 2016-03-13T22:07:13+08:00 ] 127.0.0.1 /thinkphp/
INFO: [ app_init ] --START--
INFO: Run Behavior\BuildLiteBehavior [ RunTime:0.000000s ]
INFO: [ app_init ] --END-- [ RunTime:0.000000s ]
NOTIC: [8] Use of undefined constant ture - assumed 'ture' C:\wamp\www\thinkphp\Application\Home\Conf\config.php 第 14 行.

[ 2016-03-13T22:08:13+08:00 ] 127.0.0.1 /thinkphp/
INFO: [ app_init ] --START--
INFO: Run Behavior\BuildLiteBehavior [ RunTime:0.000000s ]
INFO: [ app_init ] --END-- [ RunTime:0.001000s ]
NOTIC: [8] Use of undefined constant ture - assumed 'ture' C:\wamp\www\thinkphp\Application\Home\Conf\config.php 第 14 行.

[ 2016-03-13T22:12:07+08:00 ] 127.0.0.1 /thinkphp/
INFO: [ app_init ] --START--
INFO: Run Behavior\BuildLiteBehavior [ RunTime:0.000000s ]
INFO: [ app_init ] --END-- [ RunTime:0.001000s ]
NOTIC: [8] Use of undefined constant ture - assumed 'ture' C:\wamp\www\thinkphp\Application\Home\Conf\config.php 第 14 行.

[ 2016-03-13T22:16:58+08:00 ] 127.0.0.1 /thinkphp/
INFO: [ app_init ] --START--
INFO: Run Behavior\BuildLiteBehavior [ RunTime:0.000000s ]
INFO: [ app_init ] --END-- [ RunTime:0.001000s ]
NOTIC: [8] Use of undefined constant ture - assumed 'ture' C:\wamp\www\thinkphp\Application\Home\Conf\config.php 第 14 行.

[ 2016-03-13T22:17:12+08:00 ] 127.0.0.1 /thinkphp/
INFO: [ app_init ] --START--
INFO: Run Behavior\BuildLiteBehavior [ RunTime:0.000000s ]
INFO: [ app_init ] --END-- [ RunTime:0.001000s ]
NOTIC: [8] Use of undefined constant ture - assumed 'ture' C:\wamp\www\thinkphp\Application\Home\Conf\config.php 第 14 行.

[ 2016-03-13T22:17:40+08:00 ] 127.0.0.1 /thinkphp/
INFO: [ app_init ] --START--
INFO: Run Behavior\BuildLiteBehavior [ RunTime:0.000000s ]
INFO: [ app_init ] --END-- [ RunTime:0.001000s ]
NOTIC: [8] Use of undefined constant ture - assumed 'ture' C:\wamp\www\thinkphp\Application\Home\Conf\config.php 第 14 行.

[ 2016-03-13T22:18:00+08:00 ] 127.0.0.1 /thinkphp/
INFO: [ app_init ] --START--
INFO: Run Behavior\BuildLiteBehavior [ RunTime:0.000000s ]
INFO: [ app_init ] --END-- [ RunTime:0.001000s ]
NOTIC: [8] Use of undefined constant ture - assumed 'ture' C:\wamp\www\thinkphp\Application\Home\Conf\config.php 第 14 行.

[ 2016-03-13T22:18:09+08:00 ] 127.0.0.1 /thinkphp/
INFO: [ app_init ] --START--
INFO: Run Behavior\BuildLiteBehavior [ RunTime:0.000000s ]
INFO: [ app_init ] --END-- [ RunTime:0.000000s ]
NOTIC: [8] Use of undefined constant ture - assumed 'ture' C:\wamp\www\thinkphp\Application\Home\Conf\config.php 第 14 行.

[ 2016-03-13T22:18:19+08:00 ] 127.0.0.1 /thinkphp/
INFO: [ app_init ] --START--
INFO: Run Behavior\BuildLiteBehavior [ RunTime:0.000000s ]
INFO: [ app_init ] --END-- [ RunTime:0.001000s ]
NOTIC: [8] Use of undefined constant ture - assumed 'ture' C:\wamp\www\thinkphp\Application\Home\Conf\config.php 第 14 行.

[ 2016-03-13T22:23:08+08:00 ] 127.0.0.1 /thinkphp/
INFO: [ app_init ] --START--
INFO: Run Behavior\BuildLiteBehavior [ RunTime:0.000000s ]
INFO: [ app_init ] --END-- [ RunTime:0.000000s ]
NOTIC: [8] Use of undefined constant ture - assumed 'ture' C:\wamp\www\thinkphp\Application\Home\Conf\config.php 第 14 行.

[ 2016-03-13T22:23:31+08:00 ] 127.0.0.1 /thinkphp/
INFO: [ app_init ] --START--
INFO: Run Behavior\BuildLiteBehavior [ RunTime:0.000000s ]
INFO: [ app_init ] --END-- [ RunTime:0.001000s ]
NOTIC: [8] Use of undefined constant ture - assumed 'ture' C:\wamp\www\thinkphp\Application\Home\Conf\config.php 第 14 行.

[ 2016-03-13T22:24:05+08:00 ] 127.0.0.1 /thinkphp/
INFO: [ app_init ] --START--
INFO: Run Behavior\BuildLiteBehavior [ RunTime:0.000000s ]
INFO: [ app_init ] --END-- [ RunTime:0.001001s ]
NOTIC: [8] Use of undefined constant ture - assumed 'ture' C:\wamp\www\thinkphp\Application\Home\Conf\config.php 第 14 行.

[ 2016-03-13T22:28:34+08:00 ] 127.0.0.1 /thinkphp/Home/Index/index.html
INFO: [ app_init ] --START--
INFO: Run Behavior\BuildLiteBehavior [ RunTime:0.000000s ]
INFO: [ app_init ] --END-- [ RunTime:0.001000s ]
NOTIC: [8] Use of undefined constant ture - assumed 'ture' C:\wamp\www\thinkphp\Application\Home\Conf\config.php 第 14 行.

[ 2016-03-13T22:28:34+08:00 ] 127.0.0.1 /thinkphp/Home/demo.css
INFO: [ app_init ] --START--
INFO: Run Behavior\BuildLiteBehavior [ RunTime:0.000000s ]
INFO: [ app_init ] --END-- [ RunTime:0.000000s ]
NOTIC: [8] Use of undefined constant ture - assumed 'ture' C:\wamp\www\thinkphp\Application\Home\Conf\config.php 第 14 行.
ERR: 无法加载控制器:Demo.css

[ 2016-03-13T22:29:58+08:00 ] 127.0.0.1 /thinkphp/Home/Index/index.html
INFO: [ app_init ] --START--
INFO: Run Behavior\BuildLiteBehavior [ RunTime:0.000000s ]
INFO: [ app_init ] --END-- [ RunTime:0.001000s ]
NOTIC: [8] Use of undefined constant ture - assumed 'ture' C:\wamp\www\thinkphp\Application\Home\Conf\config.php 第 14 行.

[ 2016-03-13T22:29:58+08:00 ] 127.0.0.1 /thinkphp/Home/demo.css
INFO: [ app_init ] --START--
INFO: Run Behavior\BuildLiteBehavior [ RunTime:0.000000s ]
INFO: [ app_init ] --END-- [ RunTime:0.001000s ]
NOTIC: [8] Use of undefined constant ture - assumed 'ture' C:\wamp\www\thinkphp\Application\Home\Conf\config.php 第 14 行.
ERR: 无法加载控制器:Demo.css

[ 2016-03-13T22:33:13+08:00 ] 127.0.0.1 /thinkphp/
INFO: [ app_init ] --START--
INFO: Run Behavior\BuildLiteBehavior [ RunTime:0.000000s ]
INFO: [ app_init ] --END-- [ RunTime:0.001000s ]
NOTIC: [8] Use of undefined constant ture - assumed 'ture' C:\wamp\www\thinkphp\Application\Home\Conf\config.php 第 14 行.

[ 2016-03-13T22:34:31+08:00 ] 127.0.0.1 /thinkphp/
INFO: [ app_init ] --START--
INFO: Run Behavior\BuildLiteBehavior [ RunTime:0.000000s ]
INFO: [ app_init ] --END-- [ RunTime:0.001000s ]
NOTIC: [8] Use of undefined constant ture - assumed 'ture' C:\wamp\www\thinkphp\Application\Home\Conf\config.php 第 14 行.

[ 2016-03-13T22:34:33+08:00 ] 127.0.0.1 /thinkphp/
INFO: [ app_init ] --START--
INFO: Run Behavior\BuildLiteBehavior [ RunTime:0.000000s ]
INFO: [ app_init ] --END-- [ RunTime:0.001000s ]
NOTIC: [8] Use of undefined constant ture - assumed 'ture' C:\wamp\www\thinkphp\Application\Home\Conf\config.php 第 14 行.

[ 2016-03-13T22:34:49+08:00 ] 127.0.0.1 /thinkphp/
INFO: [ app_init ] --START--
INFO: Run Behavior\BuildLiteBehavior [ RunTime:0.000000s ]
INFO: [ app_init ] --END-- [ RunTime:0.001000s ]
NOTIC: [8] Use of undefined constant ture - assumed 'ture' C:\wamp\www\thinkphp\Application\Home\Conf\config.php 第 14 行.

[ 2016-03-13T22:35:22+08:00 ] 127.0.0.1 /thinkphp/
INFO: [ app_init ] --START--
INFO: Run Behavior\BuildLiteBehavior [ RunTime:0.000000s ]
INFO: [ app_init ] --END-- [ RunTime:0.001000s ]
NOTIC: [8] Use of undefined constant ture - assumed 'ture' C:\wamp\www\thinkphp\Application\Home\Conf\config.php 第 14 行.

[ 2016-03-13T22:41:06+08:00 ] 127.0.0.1 /thinkphp/
INFO: [ app_init ] --START--
INFO: Run Behavior\BuildLiteBehavior [ RunTime:0.000000s ]
INFO: [ app_init ] --END-- [ RunTime:0.002000s ]
NOTIC: [8] Use of undefined constant ture - assumed 'ture' C:\wamp\www\thinkphp\Application\Home\Conf\config.php 第 14 行.

[ 2016-03-13T22:41:17+08:00 ] 127.0.0.1 /thinkphp/
INFO: [ app_init ] --START--
INFO: Run Behavior\BuildLiteBehavior [ RunTime:0.000000s ]
INFO: [ app_init ] --END-- [ RunTime:0.001000s ]
NOTIC: [8] Use of undefined constant ture - assumed 'ture' C:\wamp\www\thinkphp\Application\Home\Conf\config.php 第 14 行.

[ 2016-03-13T22:42:43+08:00 ] 127.0.0.1 /thinkphp/
INFO: [ app_init ] --START--
INFO: Run Behavior\BuildLiteBehavior [ RunTime:0.000000s ]
INFO: [ app_init ] --END-- [ RunTime:0.000000s ]
NOTIC: [8] Use of undefined constant ture - assumed 'ture' C:\wamp\www\thinkphp\Application\Home\Conf\config.php 第 14 行.

