[ 2016-03-18T12:16:39+08:00 ] 127.0.0.1 /thinkphp/
INFO: [ app_init ] --START--
INFO: Run Behavior\BuildLiteBehavior [ RunTime:0.000000s ]
INFO: [ app_init ] --END-- [ RunTime:0.000000s ]
NOTIC: [8] Use of undefined constant ture - assumed 'ture' D:\wamp\www\thinkphp\Application\Home\Conf\config.php 第 14 行.

[ 2016-03-18T12:16:42+08:00 ] 127.0.0.1 /thinkphp/Home/Login/index.html
INFO: [ app_init ] --START--
INFO: Run Behavior\BuildLiteBehavior [ RunTime:0.000000s ]
INFO: [ app_init ] --END-- [ RunTime:0.000000s ]
NOTIC: [8] Use of undefined constant ture - assumed 'ture' D:\wamp\www\thinkphp\Application\Home\Conf\config.php 第 14 行.

[ 2016-03-18T12:16:47+08:00 ] 127.0.0.1 /thinkphp/Home/Login/index.html
INFO: [ app_init ] --START--
INFO: Run Behavior\BuildLiteBehavior [ RunTime:0.000000s ]
INFO: [ app_init ] --END-- [ RunTime:0.000000s ]
NOTIC: [8] Use of undefined constant ture - assumed 'ture' D:\wamp\www\thinkphp\Application\Home\Conf\config.php 第 14 行.

[ 2016-03-18T12:16:48+08:00 ] 127.0.0.1 /thinkphp/Home/Index/index.html
INFO: [ app_init ] --START--
INFO: Run Behavior\BuildLiteBehavior [ RunTime:0.000000s ]
INFO: [ app_init ] --END-- [ RunTime:0.000000s ]
NOTIC: [8] Use of undefined constant ture - assumed 'ture' D:\wamp\www\thinkphp\Application\Home\Conf\config.php 第 14 行.

[ 2016-03-18T12:16:48+08:00 ] 127.0.0.1 /thinkphp/Home/demo.css
INFO: [ app_init ] --START--
INFO: Run Behavior\BuildLiteBehavior [ RunTime:0.000000s ]
INFO: [ app_init ] --END-- [ RunTime:0.000000s ]
NOTIC: [8] Use of undefined constant ture - assumed 'ture' D:\wamp\www\thinkphp\Application\Home\Conf\config.php 第 14 行.
ERR: 无法加载控制器:Demo.css

[ 2016-03-18T12:26:12+08:00 ] 127.0.0.1 /thinkphp/Home/Index/index.html
INFO: [ app_init ] --START--
INFO: Run Behavior\BuildLiteBehavior [ RunTime:0.000000s ]
INFO: [ app_init ] --END-- [ RunTime:0.000000s ]
NOTIC: [8] Use of undefined constant ture - assumed 'ture' D:\wamp\www\thinkphp\Application\Home\Conf\config.php 第 14 行.

[ 2016-03-18T12:26:12+08:00 ] 127.0.0.1 /thinkphp/Home/demo.css
INFO: [ app_init ] --START--
INFO: Run Behavior\BuildLiteBehavior [ RunTime:0.000000s ]
INFO: [ app_init ] --END-- [ RunTime:0.000000s ]
NOTIC: [8] Use of undefined constant ture - assumed 'ture' D:\wamp\www\thinkphp\Application\Home\Conf\config.php 第 14 行.
ERR: 无法加载控制器:Demo.css

[ 2016-03-18T12:28:11+08:00 ] 127.0.0.1 /thinkphp/Home/Login/index.html
INFO: [ app_init ] --START--
INFO: Run Behavior\BuildLiteBehavior [ RunTime:0.000000s ]
INFO: [ app_init ] --END-- [ RunTime:0.000000s ]
NOTIC: [8] Use of undefined constant ture - assumed 'ture' D:\wamp\www\thinkphp\Application\Home\Conf\config.php 第 14 行.

[ 2016-03-18T12:28:11+08:00 ] 127.0.0.1 /thinkphp/Home/Index/index.html
INFO: [ app_init ] --START--
INFO: Run Behavior\BuildLiteBehavior [ RunTime:0.000000s ]
INFO: [ app_init ] --END-- [ RunTime:0.000000s ]
NOTIC: [8] Use of undefined constant ture - assumed 'ture' D:\wamp\www\thinkphp\Application\Home\Conf\config.php 第 14 行.

[ 2016-03-18T12:28:11+08:00 ] 127.0.0.1 /thinkphp/Home/demo.css
INFO: [ app_init ] --START--
INFO: Run Behavior\BuildLiteBehavior [ RunTime:0.000000s ]
INFO: [ app_init ] --END-- [ RunTime:0.000000s ]
NOTIC: [8] Use of undefined constant ture - assumed 'ture' D:\wamp\www\thinkphp\Application\Home\Conf\config.php 第 14 行.
ERR: 无法加载控制器:Demo.css

[ 2016-03-18T12:31:52+08:00 ] 127.0.0.1 /thinkphp/Home/Index/index.html
INFO: [ app_init ] --START--
INFO: Run Behavior\BuildLiteBehavior [ RunTime:0.000000s ]
INFO: [ app_init ] --END-- [ RunTime:0.000000s ]
NOTIC: [8] Use of undefined constant ture - assumed 'ture' D:\wamp\www\thinkphp\Application\Home\Conf\config.php 第 14 行.

[ 2016-03-18T12:31:53+08:00 ] 127.0.0.1 /thinkphp/Home/demo.css
INFO: [ app_init ] --START--
INFO: Run Behavior\BuildLiteBehavior [ RunTime:0.000000s ]
INFO: [ app_init ] --END-- [ RunTime:0.000000s ]
NOTIC: [8] Use of undefined constant ture - assumed 'ture' D:\wamp\www\thinkphp\Application\Home\Conf\config.php 第 14 行.
ERR: 无法加载控制器:Demo.css

[ 2016-03-18T12:32:48+08:00 ] 127.0.0.1 /thinkphp/Home/Index/index.html
INFO: [ app_init ] --START--
INFO: Run Behavior\BuildLiteBehavior [ RunTime:0.000000s ]
INFO: [ app_init ] --END-- [ RunTime:0.001000s ]
NOTIC: [8] Use of undefined constant ture - assumed 'ture' D:\wamp\www\thinkphp\Application\Home\Conf\config.php 第 14 行.

[ 2016-03-18T12:32:48+08:00 ] 127.0.0.1 /thinkphp/Home/demo.css
INFO: [ app_init ] --START--
INFO: Run Behavior\BuildLiteBehavior [ RunTime:0.000000s ]
INFO: [ app_init ] --END-- [ RunTime:0.000000s ]
NOTIC: [8] Use of undefined constant ture - assumed 'ture' D:\wamp\www\thinkphp\Application\Home\Conf\config.php 第 14 行.
ERR: 无法加载控制器:Demo.css

[ 2016-03-18T12:32:50+08:00 ] 127.0.0.1 /thinkphp/Home/Index/index.html
INFO: [ app_init ] --START--
INFO: Run Behavior\BuildLiteBehavior [ RunTime:0.000000s ]
INFO: [ app_init ] --END-- [ RunTime:0.000000s ]
NOTIC: [8] Use of undefined constant ture - assumed 'ture' D:\wamp\www\thinkphp\Application\Home\Conf\config.php 第 14 行.

[ 2016-03-18T12:32:50+08:00 ] 127.0.0.1 /thinkphp/Home/demo.css
INFO: [ app_init ] --START--
INFO: Run Behavior\BuildLiteBehavior [ RunTime:0.000000s ]
INFO: [ app_init ] --END-- [ RunTime:0.001000s ]
NOTIC: [8] Use of undefined constant ture - assumed 'ture' D:\wamp\www\thinkphp\Application\Home\Conf\config.php 第 14 行.
ERR: 无法加载控制器:Demo.css

[ 2016-03-18T12:44:37+08:00 ] 127.0.0.1 /thinkphp/Home/Index/index.html
INFO: [ app_init ] --START--
INFO: Run Behavior\BuildLiteBehavior [ RunTime:0.000000s ]
INFO: [ app_init ] --END-- [ RunTime:0.001000s ]
NOTIC: [8] Use of undefined constant ture - assumed 'ture' D:\wamp\www\thinkphp\Application\Home\Conf\config.php 第 14 行.

[ 2016-03-18T12:44:37+08:00 ] 127.0.0.1 /thinkphp/Home/demo.css
INFO: [ app_init ] --START--
INFO: Run Behavior\BuildLiteBehavior [ RunTime:0.001000s ]
INFO: [ app_init ] --END-- [ RunTime:0.001000s ]
NOTIC: [8] Use of undefined constant ture - assumed 'ture' D:\wamp\www\thinkphp\Application\Home\Conf\config.php 第 14 行.
ERR: 无法加载控制器:Demo.css

[ 2016-03-18T12:49:39+08:00 ] 127.0.0.1 /thinkphp/Home/Index/index.html
INFO: [ app_init ] --START--
INFO: Run Behavior\BuildLiteBehavior [ RunTime:0.000000s ]
INFO: [ app_init ] --END-- [ RunTime:0.000000s ]
NOTIC: [8] Use of undefined constant ture - assumed 'ture' D:\wamp\www\thinkphp\Application\Home\Conf\config.php 第 14 行.

[ 2016-03-18T12:49:39+08:00 ] 127.0.0.1 /thinkphp/Home/demo.css
INFO: [ app_init ] --START--
INFO: Run Behavior\BuildLiteBehavior [ RunTime:0.000000s ]
INFO: [ app_init ] --END-- [ RunTime:0.000000s ]
NOTIC: [8] Use of undefined constant ture - assumed 'ture' D:\wamp\www\thinkphp\Application\Home\Conf\config.php 第 14 行.
ERR: 无法加载控制器:Demo.css

[ 2016-03-18T14:31:00+08:00 ] 127.0.0.1 /thinkphp/
INFO: [ app_init ] --START--
INFO: Run Behavior\BuildLiteBehavior [ RunTime:0.000000s ]
INFO: [ app_init ] --END-- [ RunTime:0.000000s ]
NOTIC: [8] Use of undefined constant ture - assumed 'ture' D:\wamp\www\thinkphp\Application\Home\Conf\config.php 第 14 行.

[ 2016-03-18T14:31:01+08:00 ] 127.0.0.1 /thinkphp/Home/Login/index.html
INFO: [ app_init ] --START--
INFO: Run Behavior\BuildLiteBehavior [ RunTime:0.001000s ]
INFO: [ app_init ] --END-- [ RunTime:0.001000s ]
NOTIC: [8] Use of undefined constant ture - assumed 'ture' D:\wamp\www\thinkphp\Application\Home\Conf\config.php 第 14 行.

[ 2016-03-18T14:31:05+08:00 ] 127.0.0.1 /thinkphp/Home/Login/index.html
INFO: [ app_init ] --START--
INFO: Run Behavior\BuildLiteBehavior [ RunTime:0.000000s ]
INFO: [ app_init ] --END-- [ RunTime:0.000000s ]
NOTIC: [8] Use of undefined constant ture - assumed 'ture' D:\wamp\www\thinkphp\Application\Home\Conf\config.php 第 14 行.

[ 2016-03-18T14:31:06+08:00 ] 127.0.0.1 /thinkphp/Home/Index/index.html
INFO: [ app_init ] --START--
INFO: Run Behavior\BuildLiteBehavior [ RunTime:0.001000s ]
INFO: [ app_init ] --END-- [ RunTime:0.001000s ]
NOTIC: [8] Use of undefined constant ture - assumed 'ture' D:\wamp\www\thinkphp\Application\Home\Conf\config.php 第 14 行.

[ 2016-03-18T14:31:06+08:00 ] 127.0.0.1 /thinkphp/Home/demo.css
INFO: [ app_init ] --START--
INFO: Run Behavior\BuildLiteBehavior [ RunTime:0.000000s ]
INFO: [ app_init ] --END-- [ RunTime:0.000000s ]
NOTIC: [8] Use of undefined constant ture - assumed 'ture' D:\wamp\www\thinkphp\Application\Home\Conf\config.php 第 14 行.
ERR: 无法加载控制器:Demo.css

[ 2016-03-18T14:31:46+08:00 ] 127.0.0.1 /thinkphp/Home/Index/index.html
INFO: [ app_init ] --START--
INFO: Run Behavior\BuildLiteBehavior [ RunTime:0.000000s ]
INFO: [ app_init ] --END-- [ RunTime:0.000000s ]
NOTIC: [8] Use of undefined constant ture - assumed 'ture' D:\wamp\www\thinkphp\Application\Home\Conf\config.php 第 14 行.

[ 2016-03-18T14:31:46+08:00 ] 127.0.0.1 /thinkphp/Home/demo.css
INFO: [ app_init ] --START--
INFO: Run Behavior\BuildLiteBehavior [ RunTime:0.000000s ]
INFO: [ app_init ] --END-- [ RunTime:0.001000s ]
NOTIC: [8] Use of undefined constant ture - assumed 'ture' D:\wamp\www\thinkphp\Application\Home\Conf\config.php 第 14 行.
ERR: 无法加载控制器:Demo.css

[ 2016-03-18T14:34:11+08:00 ] 127.0.0.1 /thinkphp/Home/Index/index.html
INFO: [ app_init ] --START--
INFO: Run Behavior\BuildLiteBehavior [ RunTime:0.000000s ]
INFO: [ app_init ] --END-- [ RunTime:0.000000s ]
NOTIC: [8] Use of undefined constant ture - assumed 'ture' D:\wamp\www\thinkphp\Application\Home\Conf\config.php 第 14 行.

[ 2016-03-18T14:34:11+08:00 ] 127.0.0.1 /thinkphp/Home/demo.css
INFO: [ app_init ] --START--
INFO: Run Behavior\BuildLiteBehavior [ RunTime:0.000000s ]
INFO: [ app_init ] --END-- [ RunTime:0.000000s ]
NOTIC: [8] Use of undefined constant ture - assumed 'ture' D:\wamp\www\thinkphp\Application\Home\Conf\config.php 第 14 行.
ERR: 无法加载控制器:Demo.css

[ 2016-03-18T15:49:36+08:00 ] 127.0.0.1 /thinkphp/Home/Index/index.html
INFO: [ app_init ] --START--
INFO: Run Behavior\BuildLiteBehavior [ RunTime:0.000000s ]
INFO: [ app_init ] --END-- [ RunTime:0.000000s ]
NOTIC: [8] Use of undefined constant ture - assumed 'ture' D:\wamp\www\thinkphp\Application\Home\Conf\config.php 第 14 行.

[ 2016-03-18T15:49:36+08:00 ] 127.0.0.1 /thinkphp/Home/demo.css
INFO: [ app_init ] --START--
INFO: Run Behavior\BuildLiteBehavior [ RunTime:0.000000s ]
INFO: [ app_init ] --END-- [ RunTime:0.000000s ]
NOTIC: [8] Use of undefined constant ture - assumed 'ture' D:\wamp\www\thinkphp\Application\Home\Conf\config.php 第 14 行.
ERR: 无法加载控制器:Demo.css

[ 2016-03-18T15:49:38+08:00 ] 127.0.0.1 /thinkphp/Home/Index/index.html
INFO: [ app_init ] --START--
INFO: Run Behavior\BuildLiteBehavior [ RunTime:0.000000s ]
INFO: [ app_init ] --END-- [ RunTime:0.000000s ]
NOTIC: [8] Use of undefined constant ture - assumed 'ture' D:\wamp\www\thinkphp\Application\Home\Conf\config.php 第 14 行.

[ 2016-03-18T15:49:38+08:00 ] 127.0.0.1 /thinkphp/Home/demo.css
INFO: [ app_init ] --START--
INFO: Run Behavior\BuildLiteBehavior [ RunTime:0.000000s ]
INFO: [ app_init ] --END-- [ RunTime:0.000000s ]
NOTIC: [8] Use of undefined constant ture - assumed 'ture' D:\wamp\www\thinkphp\Application\Home\Conf\config.php 第 14 行.
ERR: 无法加载控制器:Demo.css

[ 2016-03-18T15:49:39+08:00 ] 127.0.0.1 /thinkphp/Home/Index/index.html
INFO: [ app_init ] --START--
INFO: Run Behavior\BuildLiteBehavior [ RunTime:0.000000s ]
INFO: [ app_init ] --END-- [ RunTime:0.000000s ]
NOTIC: [8] Use of undefined constant ture - assumed 'ture' D:\wamp\www\thinkphp\Application\Home\Conf\config.php 第 14 行.

[ 2016-03-18T15:49:39+08:00 ] 127.0.0.1 /thinkphp/Home/demo.css
INFO: [ app_init ] --START--
INFO: Run Behavior\BuildLiteBehavior [ RunTime:0.000000s ]
INFO: [ app_init ] --END-- [ RunTime:0.000000s ]
NOTIC: [8] Use of undefined constant ture - assumed 'ture' D:\wamp\www\thinkphp\Application\Home\Conf\config.php 第 14 行.
ERR: 无法加载控制器:Demo.css

[ 2016-03-18T15:50:12+08:00 ] 127.0.0.1 /thinkphp/Home/Index/index.html
INFO: [ app_init ] --START--
INFO: Run Behavior\BuildLiteBehavior [ RunTime:0.000000s ]
INFO: [ app_init ] --END-- [ RunTime:0.000000s ]
NOTIC: [8] Use of undefined constant ture - assumed 'ture' D:\wamp\www\thinkphp\Application\Home\Conf\config.php 第 14 行.

[ 2016-03-18T15:50:12+08:00 ] 127.0.0.1 /thinkphp/Home/demo.css
INFO: [ app_init ] --START--
INFO: Run Behavior\BuildLiteBehavior [ RunTime:0.000000s ]
INFO: [ app_init ] --END-- [ RunTime:0.000000s ]
NOTIC: [8] Use of undefined constant ture - assumed 'ture' D:\wamp\www\thinkphp\Application\Home\Conf\config.php 第 14 行.
ERR: 无法加载控制器:Demo.css

[ 2016-03-18T15:51:16+08:00 ] 127.0.0.1 /thinkphp/Home/Index/index.html
INFO: [ app_init ] --START--
INFO: Run Behavior\BuildLiteBehavior [ RunTime:0.000000s ]
INFO: [ app_init ] --END-- [ RunTime:0.000000s ]
NOTIC: [8] Use of undefined constant ture - assumed 'ture' D:\wamp\www\thinkphp\Application\Home\Conf\config.php 第 14 行.

[ 2016-03-18T15:51:16+08:00 ] 127.0.0.1 /thinkphp/Home/demo.css
INFO: [ app_init ] --START--
INFO: Run Behavior\BuildLiteBehavior [ RunTime:0.000000s ]
INFO: [ app_init ] --END-- [ RunTime:0.001000s ]
NOTIC: [8] Use of undefined constant ture - assumed 'ture' D:\wamp\www\thinkphp\Application\Home\Conf\config.php 第 14 行.
ERR: 无法加载控制器:Demo.css

[ 2016-03-18T15:51:17+08:00 ] 127.0.0.1 /thinkphp/Home/Index/index.html
INFO: [ app_init ] --START--
INFO: Run Behavior\BuildLiteBehavior [ RunTime:0.000000s ]
INFO: [ app_init ] --END-- [ RunTime:0.001000s ]
NOTIC: [8] Use of undefined constant ture - assumed 'ture' D:\wamp\www\thinkphp\Application\Home\Conf\config.php 第 14 行.

[ 2016-03-18T15:51:17+08:00 ] 127.0.0.1 /thinkphp/Home/demo.css
INFO: [ app_init ] --START--
INFO: Run Behavior\BuildLiteBehavior [ RunTime:0.000000s ]
INFO: [ app_init ] --END-- [ RunTime:0.001000s ]
NOTIC: [8] Use of undefined constant ture - assumed 'ture' D:\wamp\www\thinkphp\Application\Home\Conf\config.php 第 14 行.
ERR: 无法加载控制器:Demo.css

[ 2016-03-18T15:51:28+08:00 ] 127.0.0.1 /thinkphp/Home/Index/index.html
INFO: [ app_init ] --START--
INFO: Run Behavior\BuildLiteBehavior [ RunTime:0.001000s ]
INFO: [ app_init ] --END-- [ RunTime:0.001000s ]
NOTIC: [8] Use of undefined constant ture - assumed 'ture' D:\wamp\www\thinkphp\Application\Home\Conf\config.php 第 14 行.

[ 2016-03-18T15:51:28+08:00 ] 127.0.0.1 /thinkphp/Home/demo.css
INFO: [ app_init ] --START--
INFO: Run Behavior\BuildLiteBehavior [ RunTime:0.000000s ]
INFO: [ app_init ] --END-- [ RunTime:0.000000s ]
NOTIC: [8] Use of undefined constant ture - assumed 'ture' D:\wamp\www\thinkphp\Application\Home\Conf\config.php 第 14 行.
ERR: 无法加载控制器:Demo.css

[ 2016-03-18T15:51:36+08:00 ] 127.0.0.1 /thinkphp/Home/Index/index.html
INFO: [ app_init ] --START--
INFO: Run Behavior\BuildLiteBehavior [ RunTime:0.000000s ]
INFO: [ app_init ] --END-- [ RunTime:0.000000s ]
NOTIC: [8] Use of undefined constant ture - assumed 'ture' D:\wamp\www\thinkphp\Application\Home\Conf\config.php 第 14 行.

[ 2016-03-18T15:51:36+08:00 ] 127.0.0.1 /thinkphp/Home/demo.css
INFO: [ app_init ] --START--
INFO: Run Behavior\BuildLiteBehavior [ RunTime:0.000000s ]
INFO: [ app_init ] --END-- [ RunTime:0.001000s ]
NOTIC: [8] Use of undefined constant ture - assumed 'ture' D:\wamp\www\thinkphp\Application\Home\Conf\config.php 第 14 行.
ERR: 无法加载控制器:Demo.css

[ 2016-03-18T15:52:09+08:00 ] 127.0.0.1 /thinkphp/Home/Index/index.html
INFO: [ app_init ] --START--
INFO: Run Behavior\BuildLiteBehavior [ RunTime:0.000000s ]
INFO: [ app_init ] --END-- [ RunTime:0.000000s ]
NOTIC: [8] Use of undefined constant ture - assumed 'ture' D:\wamp\www\thinkphp\Application\Home\Conf\config.php 第 14 行.

[ 2016-03-18T15:52:09+08:00 ] 127.0.0.1 /thinkphp/Home/demo.css
INFO: [ app_init ] --START--
INFO: Run Behavior\BuildLiteBehavior [ RunTime:0.000000s ]
INFO: [ app_init ] --END-- [ RunTime:0.000000s ]
NOTIC: [8] Use of undefined constant ture - assumed 'ture' D:\wamp\www\thinkphp\Application\Home\Conf\config.php 第 14 行.
ERR: 无法加载控制器:Demo.css

[ 2016-03-18T15:52:10+08:00 ] 127.0.0.1 /thinkphp/Home/Index/index.html
INFO: [ app_init ] --START--
INFO: Run Behavior\BuildLiteBehavior [ RunTime:0.000000s ]
INFO: [ app_init ] --END-- [ RunTime:0.000000s ]
NOTIC: [8] Use of undefined constant ture - assumed 'ture' D:\wamp\www\thinkphp\Application\Home\Conf\config.php 第 14 行.

[ 2016-03-18T15:52:10+08:00 ] 127.0.0.1 /thinkphp/Home/demo.css
INFO: [ app_init ] --START--
INFO: Run Behavior\BuildLiteBehavior [ RunTime:0.000000s ]
INFO: [ app_init ] --END-- [ RunTime:0.000000s ]
NOTIC: [8] Use of undefined constant ture - assumed 'ture' D:\wamp\www\thinkphp\Application\Home\Conf\config.php 第 14 行.
ERR: 无法加载控制器:Demo.css

[ 2016-03-18T15:52:17+08:00 ] 127.0.0.1 /thinkphp/Home/Index/index.html
INFO: [ app_init ] --START--
INFO: Run Behavior\BuildLiteBehavior [ RunTime:0.000000s ]
INFO: [ app_init ] --END-- [ RunTime:0.000000s ]
NOTIC: [8] Use of undefined constant ture - assumed 'ture' D:\wamp\www\thinkphp\Application\Home\Conf\config.php 第 14 行.

[ 2016-03-18T15:52:17+08:00 ] 127.0.0.1 /thinkphp/Home/demo.css
INFO: [ app_init ] --START--
INFO: Run Behavior\BuildLiteBehavior [ RunTime:0.000000s ]
INFO: [ app_init ] --END-- [ RunTime:0.001000s ]
NOTIC: [8] Use of undefined constant ture - assumed 'ture' D:\wamp\www\thinkphp\Application\Home\Conf\config.php 第 14 行.
ERR: 无法加载控制器:Demo.css

[ 2016-03-18T15:52:18+08:00 ] 127.0.0.1 /thinkphp/Home/Index/index.html
INFO: [ app_init ] --START--
INFO: Run Behavior\BuildLiteBehavior [ RunTime:0.000000s ]
INFO: [ app_init ] --END-- [ RunTime:0.000000s ]
NOTIC: [8] Use of undefined constant ture - assumed 'ture' D:\wamp\www\thinkphp\Application\Home\Conf\config.php 第 14 行.

[ 2016-03-18T15:52:18+08:00 ] 127.0.0.1 /thinkphp/Home/demo.css
INFO: [ app_init ] --START--
INFO: Run Behavior\BuildLiteBehavior [ RunTime:0.000000s ]
INFO: [ app_init ] --END-- [ RunTime:0.001000s ]
NOTIC: [8] Use of undefined constant ture - assumed 'ture' D:\wamp\www\thinkphp\Application\Home\Conf\config.php 第 14 行.
ERR: 无法加载控制器:Demo.css

[ 2016-03-18T15:52:56+08:00 ] 127.0.0.1 /thinkphp/Home/Index/index.html
INFO: [ app_init ] --START--
INFO: Run Behavior\BuildLiteBehavior [ RunTime:0.000000s ]
INFO: [ app_init ] --END-- [ RunTime:0.000000s ]
NOTIC: [8] Use of undefined constant ture - assumed 'ture' D:\wamp\www\thinkphp\Application\Home\Conf\config.php 第 14 行.

[ 2016-03-18T15:52:57+08:00 ] 127.0.0.1 /thinkphp/Home/demo.css
INFO: [ app_init ] --START--
INFO: Run Behavior\BuildLiteBehavior [ RunTime:0.000000s ]
INFO: [ app_init ] --END-- [ RunTime:0.000000s ]
NOTIC: [8] Use of undefined constant ture - assumed 'ture' D:\wamp\www\thinkphp\Application\Home\Conf\config.php 第 14 行.
ERR: 无法加载控制器:Demo.css

[ 2016-03-18T16:07:01+08:00 ] 127.0.0.1 /thinkphp/
INFO: [ app_init ] --START--
INFO: Run Behavior\BuildLiteBehavior [ RunTime:0.000000s ]
INFO: [ app_init ] --END-- [ RunTime:0.000000s ]
NOTIC: [8] Use of undefined constant ture - assumed 'ture' D:\wamp\www\thinkphp\Application\Home\Conf\config.php 第 14 行.

[ 2016-03-18T16:07:05+08:00 ] 127.0.0.1 /thinkphp/
INFO: [ app_init ] --START--
INFO: Run Behavior\BuildLiteBehavior [ RunTime:0.000000s ]
INFO: [ app_init ] --END-- [ RunTime:0.000000s ]
NOTIC: [8] Use of undefined constant ture - assumed 'ture' D:\wamp\www\thinkphp\Application\Home\Conf\config.php 第 14 行.

[ 2016-03-18T16:08:48+08:00 ] 127.0.0.1 /thinkphp/
INFO: [ app_init ] --START--
INFO: Run Behavior\BuildLiteBehavior [ RunTime:0.000000s ]
INFO: [ app_init ] --END-- [ RunTime:0.000000s ]
NOTIC: [8] Use of undefined constant ture - assumed 'ture' D:\wamp\www\thinkphp\Application\Home\Conf\config.php 第 14 行.

[ 2016-03-18T16:10:04+08:00 ] 127.0.0.1 /thinkphp/
INFO: [ app_init ] --START--
INFO: Run Behavior\BuildLiteBehavior [ RunTime:0.000000s ]
INFO: [ app_init ] --END-- [ RunTime:0.000000s ]
NOTIC: [8] Use of undefined constant ture - assumed 'ture' D:\wamp\www\thinkphp\Application\Home\Conf\config.php 第 14 行.

[ 2016-03-18T16:11:19+08:00 ] 127.0.0.1 /thinkphp/
INFO: [ app_init ] --START--
INFO: Run Behavior\BuildLiteBehavior [ RunTime:0.000000s ]
INFO: [ app_init ] --END-- [ RunTime:0.001000s ]
NOTIC: [8] Use of undefined constant ture - assumed 'ture' D:\wamp\www\thinkphp\Application\Home\Conf\config.php 第 14 行.

[ 2016-03-18T16:11:24+08:00 ] 127.0.0.1 /thinkphp/
INFO: [ app_init ] --START--
INFO: Run Behavior\BuildLiteBehavior [ RunTime:0.000000s ]
INFO: [ app_init ] --END-- [ RunTime:0.001000s ]
NOTIC: [8] Use of undefined constant ture - assumed 'ture' D:\wamp\www\thinkphp\Application\Home\Conf\config.php 第 14 行.

[ 2016-03-18T16:11:48+08:00 ] 127.0.0.1 /thinkphp/
INFO: [ app_init ] --START--
INFO: Run Behavior\BuildLiteBehavior [ RunTime:0.001000s ]
INFO: [ app_init ] --END-- [ RunTime:0.001000s ]
NOTIC: [8] Use of undefined constant ture - assumed 'ture' D:\wamp\www\thinkphp\Application\Home\Conf\config.php 第 14 行.

[ 2016-03-18T16:12:04+08:00 ] 127.0.0.1 /thinkphp/
INFO: [ app_init ] --START--
INFO: Run Behavior\BuildLiteBehavior [ RunTime:0.000000s ]
INFO: [ app_init ] --END-- [ RunTime:0.000000s ]
NOTIC: [8] Use of undefined constant ture - assumed 'ture' D:\wamp\www\thinkphp\Application\Home\Conf\config.php 第 14 行.

[ 2016-03-18T16:12:29+08:00 ] 127.0.0.1 /thinkphp/
INFO: [ app_init ] --START--
INFO: Run Behavior\BuildLiteBehavior [ RunTime:0.000000s ]
INFO: [ app_init ] --END-- [ RunTime:0.001000s ]
NOTIC: [8] Use of undefined constant ture - assumed 'ture' D:\wamp\www\thinkphp\Application\Home\Conf\config.php 第 14 行.

[ 2016-03-18T16:12:30+08:00 ] 127.0.0.1 /thinkphp/
INFO: [ app_init ] --START--
INFO: Run Behavior\BuildLiteBehavior [ RunTime:0.000000s ]
INFO: [ app_init ] --END-- [ RunTime:0.000000s ]
NOTIC: [8] Use of undefined constant ture - assumed 'ture' D:\wamp\www\thinkphp\Application\Home\Conf\config.php 第 14 行.

[ 2016-03-18T16:12:33+08:00 ] 127.0.0.1 /thinkphp/
INFO: [ app_init ] --START--
INFO: Run Behavior\BuildLiteBehavior [ RunTime:0.000000s ]
INFO: [ app_init ] --END-- [ RunTime:0.001000s ]
NOTIC: [8] Use of undefined constant ture - assumed 'ture' D:\wamp\www\thinkphp\Application\Home\Conf\config.php 第 14 行.

[ 2016-03-18T16:13:39+08:00 ] 127.0.0.1 /thinkphp/
INFO: [ app_init ] --START--
INFO: Run Behavior\BuildLiteBehavior [ RunTime:0.000000s ]
INFO: [ app_init ] --END-- [ RunTime:0.000000s ]
NOTIC: [8] Use of undefined constant ture - assumed 'ture' D:\wamp\www\thinkphp\Application\Home\Conf\config.php 第 14 行.

[ 2016-03-18T16:13:58+08:00 ] 127.0.0.1 /thinkphp/
INFO: [ app_init ] --START--
INFO: Run Behavior\BuildLiteBehavior [ RunTime:0.000000s ]
INFO: [ app_init ] --END-- [ RunTime:0.001000s ]
NOTIC: [8] Use of undefined constant ture - assumed 'ture' D:\wamp\www\thinkphp\Application\Home\Conf\config.php 第 14 行.

[ 2016-03-18T16:14:00+08:00 ] 127.0.0.1 /thinkphp/Home/Login/index.html
INFO: [ app_init ] --START--
INFO: Run Behavior\BuildLiteBehavior [ RunTime:0.000000s ]
INFO: [ app_init ] --END-- [ RunTime:0.001000s ]
NOTIC: [8] Use of undefined constant ture - assumed 'ture' D:\wamp\www\thinkphp\Application\Home\Conf\config.php 第 14 行.

[ 2016-03-18T16:14:04+08:00 ] 127.0.0.1 /thinkphp/Home/Login/index.html
INFO: [ app_init ] --START--
INFO: Run Behavior\BuildLiteBehavior [ RunTime:0.000000s ]
INFO: [ app_init ] --END-- [ RunTime:0.000000s ]
NOTIC: [8] Use of undefined constant ture - assumed 'ture' D:\wamp\www\thinkphp\Application\Home\Conf\config.php 第 14 行.

[ 2016-03-18T16:14:05+08:00 ] 127.0.0.1 /thinkphp/Home/Index/index.html
INFO: [ app_init ] --START--
INFO: Run Behavior\BuildLiteBehavior [ RunTime:0.001000s ]
INFO: [ app_init ] --END-- [ RunTime:0.001000s ]
NOTIC: [8] Use of undefined constant ture - assumed 'ture' D:\wamp\www\thinkphp\Application\Home\Conf\config.php 第 14 行.

[ 2016-03-18T16:14:05+08:00 ] 127.0.0.1 /thinkphp/Home/demo.css
INFO: [ app_init ] --START--
INFO: Run Behavior\BuildLiteBehavior [ RunTime:0.000000s ]
INFO: [ app_init ] --END-- [ RunTime:0.001000s ]
NOTIC: [8] Use of undefined constant ture - assumed 'ture' D:\wamp\www\thinkphp\Application\Home\Conf\config.php 第 14 行.
ERR: 无法加载控制器:Demo.css

[ 2016-03-18T16:14:18+08:00 ] 127.0.0.1 /thinkphp/Home/Index/index.html
INFO: [ app_init ] --START--
INFO: Run Behavior\BuildLiteBehavior [ RunTime:0.000000s ]
INFO: [ app_init ] --END-- [ RunTime:0.001000s ]
NOTIC: [8] Use of undefined constant ture - assumed 'ture' D:\wamp\www\thinkphp\Application\Home\Conf\config.php 第 14 行.

[ 2016-03-18T16:14:18+08:00 ] 127.0.0.1 /thinkphp/Home/demo.css
INFO: [ app_init ] --START--
INFO: Run Behavior\BuildLiteBehavior [ RunTime:0.000000s ]
INFO: [ app_init ] --END-- [ RunTime:0.001000s ]
NOTIC: [8] Use of undefined constant ture - assumed 'ture' D:\wamp\www\thinkphp\Application\Home\Conf\config.php 第 14 行.
ERR: 无法加载控制器:Demo.css

[ 2016-03-18T17:27:30+08:00 ] 127.0.0.1 /thinkphp/
INFO: [ app_init ] --START--
INFO: Run Behavior\BuildLiteBehavior [ RunTime:0.000000s ]
INFO: [ app_init ] --END-- [ RunTime:0.000000s ]
NOTIC: [8] Use of undefined constant ture - assumed 'ture' D:\wamp\www\thinkphp\Application\Home\Conf\config.php 第 14 行.

[ 2016-03-18T17:27:32+08:00 ] 127.0.0.1 /thinkphp/
INFO: [ app_init ] --START--
INFO: Run Behavior\BuildLiteBehavior [ RunTime:0.000000s ]
INFO: [ app_init ] --END-- [ RunTime:0.001000s ]
NOTIC: [8] Use of undefined constant ture - assumed 'ture' D:\wamp\www\thinkphp\Application\Home\Conf\config.php 第 14 行.

[ 2016-03-18T17:29:28+08:00 ] 127.0.0.1 /thinkphp/
INFO: [ app_init ] --START--
INFO: Run Behavior\BuildLiteBehavior [ RunTime:0.000000s ]
INFO: [ app_init ] --END-- [ RunTime:0.000000s ]
NOTIC: [8] Use of undefined constant ture - assumed 'ture' D:\wamp\www\thinkphp\Application\Home\Conf\config.php 第 14 行.

[ 2016-03-18T17:29:30+08:00 ] 127.0.0.1 /thinkphp/Home/Login/index.html
INFO: [ app_init ] --START--
INFO: Run Behavior\BuildLiteBehavior [ RunTime:0.000000s ]
INFO: [ app_init ] --END-- [ RunTime:0.001000s ]
NOTIC: [8] Use of undefined constant ture - assumed 'ture' D:\wamp\www\thinkphp\Application\Home\Conf\config.php 第 14 行.

[ 2016-03-18T17:29:33+08:00 ] 127.0.0.1 /thinkphp/Home/Login/index.html
INFO: [ app_init ] --START--
INFO: Run Behavior\BuildLiteBehavior [ RunTime:0.000000s ]
INFO: [ app_init ] --END-- [ RunTime:0.000000s ]
NOTIC: [8] Use of undefined constant ture - assumed 'ture' D:\wamp\www\thinkphp\Application\Home\Conf\config.php 第 14 行.

[ 2016-03-18T17:29:34+08:00 ] 127.0.0.1 /thinkphp/Home/Index/index.html
INFO: [ app_init ] --START--
INFO: Run Behavior\BuildLiteBehavior [ RunTime:0.000000s ]
INFO: [ app_init ] --END-- [ RunTime:0.000000s ]
NOTIC: [8] Use of undefined constant ture - assumed 'ture' D:\wamp\www\thinkphp\Application\Home\Conf\config.php 第 14 行.

[ 2016-03-18T17:29:34+08:00 ] 127.0.0.1 /thinkphp/Home/demo.css
INFO: [ app_init ] --START--
INFO: Run Behavior\BuildLiteBehavior [ RunTime:0.000000s ]
INFO: [ app_init ] --END-- [ RunTime:0.000000s ]
NOTIC: [8] Use of undefined constant ture - assumed 'ture' D:\wamp\www\thinkphp\Application\Home\Conf\config.php 第 14 行.
ERR: 无法加载控制器:Demo.css

[ 2016-03-18T17:30:43+08:00 ] 127.0.0.1 /thinkphp/Home/Index/index.html
INFO: [ app_init ] --START--
INFO: Run Behavior\BuildLiteBehavior [ RunTime:0.000000s ]
INFO: [ app_init ] --END-- [ RunTime:0.001000s ]
NOTIC: [8] Use of undefined constant ture - assumed 'ture' D:\wamp\www\thinkphp\Application\Home\Conf\config.php 第 14 行.

[ 2016-03-18T17:30:43+08:00 ] 127.0.0.1 /thinkphp/Home/demo.css
INFO: [ app_init ] --START--
INFO: Run Behavior\BuildLiteBehavior [ RunTime:0.000000s ]
INFO: [ app_init ] --END-- [ RunTime:0.001000s ]
NOTIC: [8] Use of undefined constant ture - assumed 'ture' D:\wamp\www\thinkphp\Application\Home\Conf\config.php 第 14 行.
ERR: 无法加载控制器:Demo.css

[ 2016-03-18T17:31:58+08:00 ] 127.0.0.1 /thinkphp/Home/Index/index.html
INFO: [ app_init ] --START--
INFO: Run Behavior\BuildLiteBehavior [ RunTime:0.000000s ]
INFO: [ app_init ] --END-- [ RunTime:0.000000s ]
NOTIC: [8] Use of undefined constant ture - assumed 'ture' D:\wamp\www\thinkphp\Application\Home\Conf\config.php 第 14 行.

[ 2016-03-18T17:31:58+08:00 ] 127.0.0.1 /thinkphp/Home/demo.css
INFO: [ app_init ] --START--
INFO: Run Behavior\BuildLiteBehavior [ RunTime:0.000000s ]
INFO: [ app_init ] --END-- [ RunTime:0.000000s ]
NOTIC: [8] Use of undefined constant ture - assumed 'ture' D:\wamp\www\thinkphp\Application\Home\Conf\config.php 第 14 行.
ERR: 无法加载控制器:Demo.css

[ 2016-03-18T17:32:54+08:00 ] 127.0.0.1 /thinkphp/Home/Index/index.html
INFO: [ app_init ] --START--
INFO: Run Behavior\BuildLiteBehavior [ RunTime:0.000000s ]
INFO: [ app_init ] --END-- [ RunTime:0.000000s ]
NOTIC: [8] Use of undefined constant ture - assumed 'ture' D:\wamp\www\thinkphp\Application\Home\Conf\config.php 第 14 行.

[ 2016-03-18T17:32:54+08:00 ] 127.0.0.1 /thinkphp/Home/demo.css
INFO: [ app_init ] --START--
INFO: Run Behavior\BuildLiteBehavior [ RunTime:0.000000s ]
INFO: [ app_init ] --END-- [ RunTime:0.000000s ]
NOTIC: [8] Use of undefined constant ture - assumed 'ture' D:\wamp\www\thinkphp\Application\Home\Conf\config.php 第 14 行.
ERR: 无法加载控制器:Demo.css

[ 2016-03-18T17:33:54+08:00 ] 127.0.0.1 /thinkphp/Home/Index/index.html
INFO: [ app_init ] --START--
INFO: Run Behavior\BuildLiteBehavior [ RunTime:0.000000s ]
INFO: [ app_init ] --END-- [ RunTime:0.000000s ]
NOTIC: [8] Use of undefined constant ture - assumed 'ture' D:\wamp\www\thinkphp\Application\Home\Conf\config.php 第 14 行.

[ 2016-03-18T17:33:54+08:00 ] 127.0.0.1 /thinkphp/Home/demo.css
INFO: [ app_init ] --START--
INFO: Run Behavior\BuildLiteBehavior [ RunTime:0.000000s ]
INFO: [ app_init ] --END-- [ RunTime:0.000000s ]
NOTIC: [8] Use of undefined constant ture - assumed 'ture' D:\wamp\www\thinkphp\Application\Home\Conf\config.php 第 14 行.
ERR: 无法加载控制器:Demo.css

[ 2016-03-18T17:34:06+08:00 ] 127.0.0.1 /thinkphp/Home/Index/index.html
INFO: [ app_init ] --START--
INFO: Run Behavior\BuildLiteBehavior [ RunTime:0.000000s ]
INFO: [ app_init ] --END-- [ RunTime:0.000000s ]
NOTIC: [8] Use of undefined constant ture - assumed 'ture' D:\wamp\www\thinkphp\Application\Home\Conf\config.php 第 14 行.

[ 2016-03-18T17:34:07+08:00 ] 127.0.0.1 /thinkphp/Home/demo.css
INFO: [ app_init ] --START--
INFO: Run Behavior\BuildLiteBehavior [ RunTime:0.000000s ]
INFO: [ app_init ] --END-- [ RunTime:0.000000s ]
NOTIC: [8] Use of undefined constant ture - assumed 'ture' D:\wamp\www\thinkphp\Application\Home\Conf\config.php 第 14 行.
ERR: 无法加载控制器:Demo.css

[ 2016-03-18T17:34:32+08:00 ] 127.0.0.1 /thinkphp/Home/Index/index.html
INFO: [ app_init ] --START--
INFO: Run Behavior\BuildLiteBehavior [ RunTime:0.000000s ]
INFO: [ app_init ] --END-- [ RunTime:0.000000s ]
NOTIC: [8] Use of undefined constant ture - assumed 'ture' D:\wamp\www\thinkphp\Application\Home\Conf\config.php 第 14 行.

[ 2016-03-18T17:34:32+08:00 ] 127.0.0.1 /thinkphp/Home/demo.css
INFO: [ app_init ] --START--
INFO: Run Behavior\BuildLiteBehavior [ RunTime:0.000000s ]
INFO: [ app_init ] --END-- [ RunTime:0.000000s ]
NOTIC: [8] Use of undefined constant ture - assumed 'ture' D:\wamp\www\thinkphp\Application\Home\Conf\config.php 第 14 行.
ERR: 无法加载控制器:Demo.css

[ 2016-03-18T17:34:54+08:00 ] 127.0.0.1 /thinkphp/Home/Index/index.html
INFO: [ app_init ] --START--
INFO: Run Behavior\BuildLiteBehavior [ RunTime:0.000000s ]
INFO: [ app_init ] --END-- [ RunTime:0.000000s ]
NOTIC: [8] Use of undefined constant ture - assumed 'ture' D:\wamp\www\thinkphp\Application\Home\Conf\config.php 第 14 行.

[ 2016-03-18T17:34:54+08:00 ] 127.0.0.1 /thinkphp/Home/demo.css
INFO: [ app_init ] --START--
INFO: Run Behavior\BuildLiteBehavior [ RunTime:0.000000s ]
INFO: [ app_init ] --END-- [ RunTime:0.000000s ]
NOTIC: [8] Use of undefined constant ture - assumed 'ture' D:\wamp\www\thinkphp\Application\Home\Conf\config.php 第 14 行.
ERR: 无法加载控制器:Demo.css

[ 2016-03-18T17:35:06+08:00 ] 127.0.0.1 /thinkphp/Home/Index/index.html
INFO: [ app_init ] --START--
INFO: Run Behavior\BuildLiteBehavior [ RunTime:0.000000s ]
INFO: [ app_init ] --END-- [ RunTime:0.000000s ]
NOTIC: [8] Use of undefined constant ture - assumed 'ture' D:\wamp\www\thinkphp\Application\Home\Conf\config.php 第 14 行.

[ 2016-03-18T17:35:06+08:00 ] 127.0.0.1 /thinkphp/Home/demo.css
INFO: [ app_init ] --START--
INFO: Run Behavior\BuildLiteBehavior [ RunTime:0.000000s ]
INFO: [ app_init ] --END-- [ RunTime:0.000000s ]
NOTIC: [8] Use of undefined constant ture - assumed 'ture' D:\wamp\www\thinkphp\Application\Home\Conf\config.php 第 14 行.
ERR: 无法加载控制器:Demo.css

[ 2016-03-18T17:35:14+08:00 ] 127.0.0.1 /thinkphp/Home/Index/index.html
INFO: [ app_init ] --START--
INFO: Run Behavior\BuildLiteBehavior [ RunTime:0.000000s ]
INFO: [ app_init ] --END-- [ RunTime:0.000000s ]
NOTIC: [8] Use of undefined constant ture - assumed 'ture' D:\wamp\www\thinkphp\Application\Home\Conf\config.php 第 14 行.

[ 2016-03-18T17:35:14+08:00 ] 127.0.0.1 /thinkphp/Home/demo.css
INFO: [ app_init ] --START--
INFO: Run Behavior\BuildLiteBehavior [ RunTime:0.000000s ]
INFO: [ app_init ] --END-- [ RunTime:0.000000s ]
NOTIC: [8] Use of undefined constant ture - assumed 'ture' D:\wamp\www\thinkphp\Application\Home\Conf\config.php 第 14 行.
ERR: 无法加载控制器:Demo.css

[ 2016-03-18T17:36:04+08:00 ] 127.0.0.1 /thinkphp/Home/Index/index.html
INFO: [ app_init ] --START--
INFO: Run Behavior\BuildLiteBehavior [ RunTime:0.000000s ]
INFO: [ app_init ] --END-- [ RunTime:0.000000s ]
NOTIC: [8] Use of undefined constant ture - assumed 'ture' D:\wamp\www\thinkphp\Application\Home\Conf\config.php 第 14 行.

[ 2016-03-18T17:36:04+08:00 ] 127.0.0.1 /thinkphp/Home/demo.css
INFO: [ app_init ] --START--
INFO: Run Behavior\BuildLiteBehavior [ RunTime:0.000000s ]
INFO: [ app_init ] --END-- [ RunTime:0.000000s ]
NOTIC: [8] Use of undefined constant ture - assumed 'ture' D:\wamp\www\thinkphp\Application\Home\Conf\config.php 第 14 行.
ERR: 无法加载控制器:Demo.css

[ 2016-03-18T17:36:26+08:00 ] 127.0.0.1 /thinkphp/
INFO: [ app_init ] --START--
INFO: Run Behavior\BuildLiteBehavior [ RunTime:0.000000s ]
INFO: [ app_init ] --END-- [ RunTime:0.001000s ]
NOTIC: [8] Use of undefined constant ture - assumed 'ture' D:\wamp\www\thinkphp\Application\Home\Conf\config.php 第 14 行.

[ 2016-03-18T17:40:34+08:00 ] 127.0.0.1 /thinkphp/Home/Index/index.html
INFO: [ app_init ] --START--
INFO: Run Behavior\BuildLiteBehavior [ RunTime:0.000000s ]
INFO: [ app_init ] --END-- [ RunTime:0.000000s ]
NOTIC: [8] Use of undefined constant ture - assumed 'ture' D:\wamp\www\thinkphp\Application\Home\Conf\config.php 第 14 行.

[ 2016-03-18T17:40:34+08:00 ] 127.0.0.1 /thinkphp/Home/demo.css
INFO: [ app_init ] --START--
INFO: Run Behavior\BuildLiteBehavior [ RunTime:0.000000s ]
INFO: [ app_init ] --END-- [ RunTime:0.000000s ]
NOTIC: [8] Use of undefined constant ture - assumed 'ture' D:\wamp\www\thinkphp\Application\Home\Conf\config.php 第 14 行.
ERR: 无法加载控制器:Demo.css

[ 2016-03-18T17:40:41+08:00 ] 127.0.0.1 /thinkphp/Home/Index/index.html
INFO: [ app_init ] --START--
INFO: Run Behavior\BuildLiteBehavior [ RunTime:0.000000s ]
INFO: [ app_init ] --END-- [ RunTime:0.000000s ]
NOTIC: [8] Use of undefined constant ture - assumed 'ture' D:\wamp\www\thinkphp\Application\Home\Conf\config.php 第 14 行.

[ 2016-03-18T17:40:41+08:00 ] 127.0.0.1 /thinkphp/Home/demo.css
INFO: [ app_init ] --START--
INFO: Run Behavior\BuildLiteBehavior [ RunTime:0.000000s ]
INFO: [ app_init ] --END-- [ RunTime:0.000000s ]
NOTIC: [8] Use of undefined constant ture - assumed 'ture' D:\wamp\www\thinkphp\Application\Home\Conf\config.php 第 14 行.
ERR: 无法加载控制器:Demo.css

[ 2016-03-18T17:40:47+08:00 ] 127.0.0.1 /thinkphp/Home/Index/index.html
INFO: [ app_init ] --START--
INFO: Run Behavior\BuildLiteBehavior [ RunTime:0.000000s ]
INFO: [ app_init ] --END-- [ RunTime:0.000000s ]
NOTIC: [8] Use of undefined constant ture - assumed 'ture' D:\wamp\www\thinkphp\Application\Home\Conf\config.php 第 14 行.

[ 2016-03-18T17:40:47+08:00 ] 127.0.0.1 /thinkphp/Home/demo.css
INFO: [ app_init ] --START--
INFO: Run Behavior\BuildLiteBehavior [ RunTime:0.000000s ]
INFO: [ app_init ] --END-- [ RunTime:0.000000s ]
NOTIC: [8] Use of undefined constant ture - assumed 'ture' D:\wamp\www\thinkphp\Application\Home\Conf\config.php 第 14 行.
ERR: 无法加载控制器:Demo.css

[ 2016-03-18T17:41:08+08:00 ] 127.0.0.1 /thinkphp/Home/Index/index.html
INFO: [ app_init ] --START--
INFO: Run Behavior\BuildLiteBehavior [ RunTime:0.000000s ]
INFO: [ app_init ] --END-- [ RunTime:0.000000s ]
NOTIC: [8] Use of undefined constant ture - assumed 'ture' D:\wamp\www\thinkphp\Application\Home\Conf\config.php 第 14 行.

[ 2016-03-18T17:41:08+08:00 ] 127.0.0.1 /thinkphp/Home/demo.css
INFO: [ app_init ] --START--
INFO: Run Behavior\BuildLiteBehavior [ RunTime:0.000000s ]
INFO: [ app_init ] --END-- [ RunTime:0.000000s ]
NOTIC: [8] Use of undefined constant ture - assumed 'ture' D:\wamp\www\thinkphp\Application\Home\Conf\config.php 第 14 行.
ERR: 无法加载控制器:Demo.css

[ 2016-03-18T17:41:31+08:00 ] 127.0.0.1 /thinkphp/Home/Index/index.html
INFO: [ app_init ] --START--
INFO: Run Behavior\BuildLiteBehavior [ RunTime:0.000000s ]
INFO: [ app_init ] --END-- [ RunTime:0.000000s ]
NOTIC: [8] Use of undefined constant ture - assumed 'ture' D:\wamp\www\thinkphp\Application\Home\Conf\config.php 第 14 行.

[ 2016-03-18T17:41:31+08:00 ] 127.0.0.1 /thinkphp/Home/demo.css
INFO: [ app_init ] --START--
INFO: Run Behavior\BuildLiteBehavior [ RunTime:0.000000s ]
INFO: [ app_init ] --END-- [ RunTime:0.000000s ]
NOTIC: [8] Use of undefined constant ture - assumed 'ture' D:\wamp\www\thinkphp\Application\Home\Conf\config.php 第 14 行.
ERR: 无法加载控制器:Demo.css

[ 2016-03-18T17:41:54+08:00 ] 127.0.0.1 /thinkphp/Home/Index/index.html
INFO: [ app_init ] --START--
INFO: Run Behavior\BuildLiteBehavior [ RunTime:0.000000s ]
INFO: [ app_init ] --END-- [ RunTime:0.000000s ]
NOTIC: [8] Use of undefined constant ture - assumed 'ture' D:\wamp\www\thinkphp\Application\Home\Conf\config.php 第 14 行.

[ 2016-03-18T17:41:54+08:00 ] 127.0.0.1 /thinkphp/Home/demo.css
INFO: [ app_init ] --START--
INFO: Run Behavior\BuildLiteBehavior [ RunTime:0.000000s ]
INFO: [ app_init ] --END-- [ RunTime:0.000000s ]
NOTIC: [8] Use of undefined constant ture - assumed 'ture' D:\wamp\www\thinkphp\Application\Home\Conf\config.php 第 14 行.
ERR: 无法加载控制器:Demo.css

[ 2016-03-18T17:42:02+08:00 ] 127.0.0.1 /thinkphp/Home/Index/index.html
INFO: [ app_init ] --START--
INFO: Run Behavior\BuildLiteBehavior [ RunTime:0.000000s ]
INFO: [ app_init ] --END-- [ RunTime:0.000000s ]
NOTIC: [8] Use of undefined constant ture - assumed 'ture' D:\wamp\www\thinkphp\Application\Home\Conf\config.php 第 14 行.

[ 2016-03-18T17:42:02+08:00 ] 127.0.0.1 /thinkphp/Home/demo.css
INFO: [ app_init ] --START--
INFO: Run Behavior\BuildLiteBehavior [ RunTime:0.000000s ]
INFO: [ app_init ] --END-- [ RunTime:0.000000s ]
NOTIC: [8] Use of undefined constant ture - assumed 'ture' D:\wamp\www\thinkphp\Application\Home\Conf\config.php 第 14 行.
ERR: 无法加载控制器:Demo.css

[ 2016-03-18T17:42:22+08:00 ] 127.0.0.1 /thinkphp/Home/Index/index.html
INFO: [ app_init ] --START--
INFO: Run Behavior\BuildLiteBehavior [ RunTime:0.000000s ]
INFO: [ app_init ] --END-- [ RunTime:0.000000s ]
NOTIC: [8] Use of undefined constant ture - assumed 'ture' D:\wamp\www\thinkphp\Application\Home\Conf\config.php 第 14 行.

[ 2016-03-18T17:42:22+08:00 ] 127.0.0.1 /thinkphp/Home/demo.css
INFO: [ app_init ] --START--
INFO: Run Behavior\BuildLiteBehavior [ RunTime:0.000000s ]
INFO: [ app_init ] --END-- [ RunTime:0.000000s ]
NOTIC: [8] Use of undefined constant ture - assumed 'ture' D:\wamp\www\thinkphp\Application\Home\Conf\config.php 第 14 行.
ERR: 无法加载控制器:Demo.css

[ 2016-03-18T17:42:28+08:00 ] 127.0.0.1 /thinkphp/Home/Index/index.html
INFO: [ app_init ] --START--
INFO: Run Behavior\BuildLiteBehavior [ RunTime:0.000000s ]
INFO: [ app_init ] --END-- [ RunTime:0.000000s ]
NOTIC: [8] Use of undefined constant ture - assumed 'ture' D:\wamp\www\thinkphp\Application\Home\Conf\config.php 第 14 行.

[ 2016-03-18T17:42:29+08:00 ] 127.0.0.1 /thinkphp/Home/demo.css
INFO: [ app_init ] --START--
INFO: Run Behavior\BuildLiteBehavior [ RunTime:0.000000s ]
INFO: [ app_init ] --END-- [ RunTime:0.000000s ]
NOTIC: [8] Use of undefined constant ture - assumed 'ture' D:\wamp\www\thinkphp\Application\Home\Conf\config.php 第 14 行.
ERR: 无法加载控制器:Demo.css

[ 2016-03-18T17:42:38+08:00 ] 127.0.0.1 /thinkphp/Home/Index/index.html
INFO: [ app_init ] --START--
INFO: Run Behavior\BuildLiteBehavior [ RunTime:0.000000s ]
INFO: [ app_init ] --END-- [ RunTime:0.000000s ]
NOTIC: [8] Use of undefined constant ture - assumed 'ture' D:\wamp\www\thinkphp\Application\Home\Conf\config.php 第 14 行.

[ 2016-03-18T17:42:38+08:00 ] 127.0.0.1 /thinkphp/Home/demo.css
INFO: [ app_init ] --START--
INFO: Run Behavior\BuildLiteBehavior [ RunTime:0.000000s ]
INFO: [ app_init ] --END-- [ RunTime:0.000000s ]
NOTIC: [8] Use of undefined constant ture - assumed 'ture' D:\wamp\www\thinkphp\Application\Home\Conf\config.php 第 14 行.
ERR: 无法加载控制器:Demo.css

[ 2016-03-18T17:46:43+08:00 ] 127.0.0.1 /thinkphp/Home/Index/index.html
INFO: [ app_init ] --START--
INFO: Run Behavior\BuildLiteBehavior [ RunTime:0.000000s ]
INFO: [ app_init ] --END-- [ RunTime:0.000000s ]
NOTIC: [8] Use of undefined constant ture - assumed 'ture' D:\wamp\www\thinkphp\Application\Home\Conf\config.php 第 14 行.

[ 2016-03-18T17:46:43+08:00 ] 127.0.0.1 /thinkphp/Home/demo.css
INFO: [ app_init ] --START--
INFO: Run Behavior\BuildLiteBehavior [ RunTime:0.000000s ]
INFO: [ app_init ] --END-- [ RunTime:0.000000s ]
NOTIC: [8] Use of undefined constant ture - assumed 'ture' D:\wamp\www\thinkphp\Application\Home\Conf\config.php 第 14 行.
ERR: 无法加载控制器:Demo.css

[ 2016-03-18T17:47:11+08:00 ] 127.0.0.1 /thinkphp/Home/Index/index.html
INFO: [ app_init ] --START--
INFO: Run Behavior\BuildLiteBehavior [ RunTime:0.000000s ]
INFO: [ app_init ] --END-- [ RunTime:0.000000s ]
NOTIC: [8] Use of undefined constant ture - assumed 'ture' D:\wamp\www\thinkphp\Application\Home\Conf\config.php 第 14 行.

[ 2016-03-18T17:47:11+08:00 ] 127.0.0.1 /thinkphp/Home/demo.css
INFO: [ app_init ] --START--
INFO: Run Behavior\BuildLiteBehavior [ RunTime:0.000000s ]
INFO: [ app_init ] --END-- [ RunTime:0.000000s ]
NOTIC: [8] Use of undefined constant ture - assumed 'ture' D:\wamp\www\thinkphp\Application\Home\Conf\config.php 第 14 行.
ERR: 无法加载控制器:Demo.css

[ 2016-03-18T17:47:28+08:00 ] 127.0.0.1 /thinkphp/Home/Index/index.html
INFO: [ app_init ] --START--
INFO: Run Behavior\BuildLiteBehavior [ RunTime:0.000000s ]
INFO: [ app_init ] --END-- [ RunTime:0.000000s ]
NOTIC: [8] Use of undefined constant ture - assumed 'ture' D:\wamp\www\thinkphp\Application\Home\Conf\config.php 第 14 行.

[ 2016-03-18T17:47:28+08:00 ] 127.0.0.1 /thinkphp/Home/demo.css
INFO: [ app_init ] --START--
INFO: Run Behavior\BuildLiteBehavior [ RunTime:0.000000s ]
INFO: [ app_init ] --END-- [ RunTime:0.000000s ]
NOTIC: [8] Use of undefined constant ture - assumed 'ture' D:\wamp\www\thinkphp\Application\Home\Conf\config.php 第 14 行.
ERR: 无法加载控制器:Demo.css

[ 2016-03-18T17:53:17+08:00 ] 127.0.0.1 /thinkphp/Home/Index/index.html
INFO: [ app_init ] --START--
INFO: Run Behavior\BuildLiteBehavior [ RunTime:0.000000s ]
INFO: [ app_init ] --END-- [ RunTime:0.000000s ]
NOTIC: [8] Use of undefined constant ture - assumed 'ture' D:\wamp\www\thinkphp\Application\Home\Conf\config.php 第 14 行.

[ 2016-03-18T17:53:17+08:00 ] 127.0.0.1 /thinkphp/Home/demo.css
INFO: [ app_init ] --START--
INFO: Run Behavior\BuildLiteBehavior [ RunTime:0.000000s ]
INFO: [ app_init ] --END-- [ RunTime:0.000000s ]
NOTIC: [8] Use of undefined constant ture - assumed 'ture' D:\wamp\www\thinkphp\Application\Home\Conf\config.php 第 14 行.
ERR: 无法加载控制器:Demo.css

[ 2016-03-18T17:55:05+08:00 ] 127.0.0.1 /thinkphp/Home/Index/index.html
INFO: [ app_init ] --START--
INFO: Run Behavior\BuildLiteBehavior [ RunTime:0.000000s ]
INFO: [ app_init ] --END-- [ RunTime:0.000000s ]
NOTIC: [8] Use of undefined constant ture - assumed 'ture' D:\wamp\www\thinkphp\Application\Home\Conf\config.php 第 14 行.

[ 2016-03-18T17:55:05+08:00 ] 127.0.0.1 /thinkphp/Home/demo.css
INFO: [ app_init ] --START--
INFO: Run Behavior\BuildLiteBehavior [ RunTime:0.000000s ]
INFO: [ app_init ] --END-- [ RunTime:0.000000s ]
NOTIC: [8] Use of undefined constant ture - assumed 'ture' D:\wamp\www\thinkphp\Application\Home\Conf\config.php 第 14 行.
ERR: 无法加载控制器:Demo.css

[ 2016-03-18T17:56:21+08:00 ] 127.0.0.1 /thinkphp/Home/Index/index.html
INFO: [ app_init ] --START--
INFO: Run Behavior\BuildLiteBehavior [ RunTime:0.000000s ]
INFO: [ app_init ] --END-- [ RunTime:0.000000s ]
NOTIC: [8] Use of undefined constant ture - assumed 'ture' D:\wamp\www\thinkphp\Application\Home\Conf\config.php 第 14 行.

[ 2016-03-18T17:56:21+08:00 ] 127.0.0.1 /thinkphp/Home/demo.css
INFO: [ app_init ] --START--
INFO: Run Behavior\BuildLiteBehavior [ RunTime:0.000000s ]
INFO: [ app_init ] --END-- [ RunTime:0.000000s ]
NOTIC: [8] Use of undefined constant ture - assumed 'ture' D:\wamp\www\thinkphp\Application\Home\Conf\config.php 第 14 行.
ERR: 无法加载控制器:Demo.css

[ 2016-03-18T17:57:21+08:00 ] 127.0.0.1 /thinkphp/Home/Index/index.html
INFO: [ app_init ] --START--
INFO: Run Behavior\BuildLiteBehavior [ RunTime:0.000000s ]
INFO: [ app_init ] --END-- [ RunTime:0.000000s ]
NOTIC: [8] Use of undefined constant ture - assumed 'ture' D:\wamp\www\thinkphp\Application\Home\Conf\config.php 第 14 行.

[ 2016-03-18T17:57:21+08:00 ] 127.0.0.1 /thinkphp/Home/demo.css
INFO: [ app_init ] --START--
INFO: Run Behavior\BuildLiteBehavior [ RunTime:0.000000s ]
INFO: [ app_init ] --END-- [ RunTime:0.000000s ]
NOTIC: [8] Use of undefined constant ture - assumed 'ture' D:\wamp\www\thinkphp\Application\Home\Conf\config.php 第 14 行.
ERR: 无法加载控制器:Demo.css

[ 2016-03-18T17:59:36+08:00 ] 127.0.0.1 /thinkphp/Home/Index/index.html
INFO: [ app_init ] --START--
INFO: Run Behavior\BuildLiteBehavior [ RunTime:0.000000s ]
INFO: [ app_init ] --END-- [ RunTime:0.000000s ]
NOTIC: [8] Use of undefined constant ture - assumed 'ture' D:\wamp\www\thinkphp\Application\Home\Conf\config.php 第 14 行.

[ 2016-03-18T17:59:36+08:00 ] 127.0.0.1 /thinkphp/Home/demo.css
INFO: [ app_init ] --START--
INFO: Run Behavior\BuildLiteBehavior [ RunTime:0.000000s ]
INFO: [ app_init ] --END-- [ RunTime:0.000000s ]
NOTIC: [8] Use of undefined constant ture - assumed 'ture' D:\wamp\www\thinkphp\Application\Home\Conf\config.php 第 14 行.
ERR: 无法加载控制器:Demo.css

[ 2016-03-18T18:01:02+08:00 ] 127.0.0.1 /thinkphp/Home/Index/index.html
INFO: [ app_init ] --START--
INFO: Run Behavior\BuildLiteBehavior [ RunTime:0.000000s ]
INFO: [ app_init ] --END-- [ RunTime:0.000000s ]
NOTIC: [8] Use of undefined constant ture - assumed 'ture' D:\wamp\www\thinkphp\Application\Home\Conf\config.php 第 14 行.

[ 2016-03-18T18:01:03+08:00 ] 127.0.0.1 /thinkphp/Home/demo.css
INFO: [ app_init ] --START--
INFO: Run Behavior\BuildLiteBehavior [ RunTime:0.000000s ]
INFO: [ app_init ] --END-- [ RunTime:0.000000s ]
NOTIC: [8] Use of undefined constant ture - assumed 'ture' D:\wamp\www\thinkphp\Application\Home\Conf\config.php 第 14 行.
ERR: 无法加载控制器:Demo.css

[ 2016-03-18T18:01:09+08:00 ] 127.0.0.1 /thinkphp/Home/Index/index.html
INFO: [ app_init ] --START--
INFO: Run Behavior\BuildLiteBehavior [ RunTime:0.000000s ]
INFO: [ app_init ] --END-- [ RunTime:0.000000s ]
NOTIC: [8] Use of undefined constant ture - assumed 'ture' D:\wamp\www\thinkphp\Application\Home\Conf\config.php 第 14 行.

[ 2016-03-18T18:01:09+08:00 ] 127.0.0.1 /thinkphp/Home/demo.css
INFO: [ app_init ] --START--
INFO: Run Behavior\BuildLiteBehavior [ RunTime:0.000000s ]
INFO: [ app_init ] --END-- [ RunTime:0.000000s ]
NOTIC: [8] Use of undefined constant ture - assumed 'ture' D:\wamp\www\thinkphp\Application\Home\Conf\config.php 第 14 行.
ERR: 无法加载控制器:Demo.css

[ 2016-03-18T18:01:18+08:00 ] 127.0.0.1 /thinkphp/Home/Index/index.html
INFO: [ app_init ] --START--
INFO: Run Behavior\BuildLiteBehavior [ RunTime:0.000000s ]
INFO: [ app_init ] --END-- [ RunTime:0.000000s ]
NOTIC: [8] Use of undefined constant ture - assumed 'ture' D:\wamp\www\thinkphp\Application\Home\Conf\config.php 第 14 行.

[ 2016-03-18T18:01:18+08:00 ] 127.0.0.1 /thinkphp/Home/demo.css
INFO: [ app_init ] --START--
INFO: Run Behavior\BuildLiteBehavior [ RunTime:0.000000s ]
INFO: [ app_init ] --END-- [ RunTime:0.000000s ]
NOTIC: [8] Use of undefined constant ture - assumed 'ture' D:\wamp\www\thinkphp\Application\Home\Conf\config.php 第 14 行.
ERR: 无法加载控制器:Demo.css

[ 2016-03-18T18:01:37+08:00 ] 127.0.0.1 /thinkphp/Home/Index/index.html
INFO: [ app_init ] --START--
INFO: Run Behavior\BuildLiteBehavior [ RunTime:0.000000s ]
INFO: [ app_init ] --END-- [ RunTime:0.000000s ]
NOTIC: [8] Use of undefined constant ture - assumed 'ture' D:\wamp\www\thinkphp\Application\Home\Conf\config.php 第 14 行.

[ 2016-03-18T18:01:37+08:00 ] 127.0.0.1 /thinkphp/Home/demo.css
INFO: [ app_init ] --START--
INFO: Run Behavior\BuildLiteBehavior [ RunTime:0.000000s ]
INFO: [ app_init ] --END-- [ RunTime:0.000000s ]
NOTIC: [8] Use of undefined constant ture - assumed 'ture' D:\wamp\www\thinkphp\Application\Home\Conf\config.php 第 14 行.
ERR: 无法加载控制器:Demo.css

[ 2016-03-18T18:01:49+08:00 ] 127.0.0.1 /thinkphp/Home/Index/index.html
INFO: [ app_init ] --START--
INFO: Run Behavior\BuildLiteBehavior [ RunTime:0.000000s ]
INFO: [ app_init ] --END-- [ RunTime:0.000000s ]
NOTIC: [8] Use of undefined constant ture - assumed 'ture' D:\wamp\www\thinkphp\Application\Home\Conf\config.php 第 14 行.

[ 2016-03-18T18:01:49+08:00 ] 127.0.0.1 /thinkphp/Home/demo.css
INFO: [ app_init ] --START--
INFO: Run Behavior\BuildLiteBehavior [ RunTime:0.000000s ]
INFO: [ app_init ] --END-- [ RunTime:0.000000s ]
NOTIC: [8] Use of undefined constant ture - assumed 'ture' D:\wamp\www\thinkphp\Application\Home\Conf\config.php 第 14 行.
ERR: 无法加载控制器:Demo.css

[ 2016-03-18T18:02:12+08:00 ] 127.0.0.1 /thinkphp/Home/Index/index.html
INFO: [ app_init ] --START--
INFO: Run Behavior\BuildLiteBehavior [ RunTime:0.000000s ]
INFO: [ app_init ] --END-- [ RunTime:0.000000s ]
NOTIC: [8] Use of undefined constant ture - assumed 'ture' D:\wamp\www\thinkphp\Application\Home\Conf\config.php 第 14 行.

[ 2016-03-18T18:02:12+08:00 ] 127.0.0.1 /thinkphp/Home/demo.css
INFO: [ app_init ] --START--
INFO: Run Behavior\BuildLiteBehavior [ RunTime:0.000000s ]
INFO: [ app_init ] --END-- [ RunTime:0.000000s ]
NOTIC: [8] Use of undefined constant ture - assumed 'ture' D:\wamp\www\thinkphp\Application\Home\Conf\config.php 第 14 行.
ERR: 无法加载控制器:Demo.css

[ 2016-03-18T18:02:24+08:00 ] 127.0.0.1 /thinkphp/Home/Index/index.html
INFO: [ app_init ] --START--
INFO: Run Behavior\BuildLiteBehavior [ RunTime:0.000000s ]
INFO: [ app_init ] --END-- [ RunTime:0.000000s ]
NOTIC: [8] Use of undefined constant ture - assumed 'ture' D:\wamp\www\thinkphp\Application\Home\Conf\config.php 第 14 行.

[ 2016-03-18T18:02:24+08:00 ] 127.0.0.1 /thinkphp/Home/demo.css
INFO: [ app_init ] --START--
INFO: Run Behavior\BuildLiteBehavior [ RunTime:0.000000s ]
INFO: [ app_init ] --END-- [ RunTime:0.000000s ]
NOTIC: [8] Use of undefined constant ture - assumed 'ture' D:\wamp\www\thinkphp\Application\Home\Conf\config.php 第 14 行.
ERR: 无法加载控制器:Demo.css

[ 2016-03-18T18:02:44+08:00 ] 127.0.0.1 /thinkphp/Home/Index/index.html
INFO: [ app_init ] --START--
INFO: Run Behavior\BuildLiteBehavior [ RunTime:0.000000s ]
INFO: [ app_init ] --END-- [ RunTime:0.000000s ]
NOTIC: [8] Use of undefined constant ture - assumed 'ture' D:\wamp\www\thinkphp\Application\Home\Conf\config.php 第 14 行.

[ 2016-03-18T18:02:44+08:00 ] 127.0.0.1 /thinkphp/Home/demo.css
INFO: [ app_init ] --START--
INFO: Run Behavior\BuildLiteBehavior [ RunTime:0.000000s ]
INFO: [ app_init ] --END-- [ RunTime:0.000000s ]
NOTIC: [8] Use of undefined constant ture - assumed 'ture' D:\wamp\www\thinkphp\Application\Home\Conf\config.php 第 14 行.
ERR: 无法加载控制器:Demo.css

[ 2016-03-18T18:02:49+08:00 ] 127.0.0.1 /thinkphp/Home/Index/index.html
INFO: [ app_init ] --START--
INFO: Run Behavior\BuildLiteBehavior [ RunTime:0.000000s ]
INFO: [ app_init ] --END-- [ RunTime:0.000000s ]
NOTIC: [8] Use of undefined constant ture - assumed 'ture' D:\wamp\www\thinkphp\Application\Home\Conf\config.php 第 14 行.

[ 2016-03-18T18:02:50+08:00 ] 127.0.0.1 /thinkphp/Home/demo.css
INFO: [ app_init ] --START--
INFO: Run Behavior\BuildLiteBehavior [ RunTime:0.000000s ]
INFO: [ app_init ] --END-- [ RunTime:0.000000s ]
NOTIC: [8] Use of undefined constant ture - assumed 'ture' D:\wamp\www\thinkphp\Application\Home\Conf\config.php 第 14 行.
ERR: 无法加载控制器:Demo.css

[ 2016-03-18T18:02:54+08:00 ] 127.0.0.1 /thinkphp/Home/Index/index.html
INFO: [ app_init ] --START--
INFO: Run Behavior\BuildLiteBehavior [ RunTime:0.000000s ]
INFO: [ app_init ] --END-- [ RunTime:0.000000s ]
NOTIC: [8] Use of undefined constant ture - assumed 'ture' D:\wamp\www\thinkphp\Application\Home\Conf\config.php 第 14 行.

[ 2016-03-18T18:02:54+08:00 ] 127.0.0.1 /thinkphp/Home/demo.css
INFO: [ app_init ] --START--
INFO: Run Behavior\BuildLiteBehavior [ RunTime:0.000000s ]
INFO: [ app_init ] --END-- [ RunTime:0.000000s ]
NOTIC: [8] Use of undefined constant ture - assumed 'ture' D:\wamp\www\thinkphp\Application\Home\Conf\config.php 第 14 行.
ERR: 无法加载控制器:Demo.css

[ 2016-03-18T18:03:37+08:00 ] 127.0.0.1 /thinkphp/Home/Index/index.html
INFO: [ app_init ] --START--
INFO: Run Behavior\BuildLiteBehavior [ RunTime:0.000000s ]
INFO: [ app_init ] --END-- [ RunTime:0.000000s ]
NOTIC: [8] Use of undefined constant ture - assumed 'ture' D:\wamp\www\thinkphp\Application\Home\Conf\config.php 第 14 行.

[ 2016-03-18T18:03:37+08:00 ] 127.0.0.1 /thinkphp/Home/demo.css
INFO: [ app_init ] --START--
INFO: Run Behavior\BuildLiteBehavior [ RunTime:0.000000s ]
INFO: [ app_init ] --END-- [ RunTime:0.000000s ]
NOTIC: [8] Use of undefined constant ture - assumed 'ture' D:\wamp\www\thinkphp\Application\Home\Conf\config.php 第 14 行.
ERR: 无法加载控制器:Demo.css

[ 2016-03-18T18:03:56+08:00 ] 127.0.0.1 /thinkphp/Home/Index/index.html
INFO: [ app_init ] --START--
INFO: Run Behavior\BuildLiteBehavior [ RunTime:0.000000s ]
INFO: [ app_init ] --END-- [ RunTime:0.000000s ]
NOTIC: [8] Use of undefined constant ture - assumed 'ture' D:\wamp\www\thinkphp\Application\Home\Conf\config.php 第 14 行.

[ 2016-03-18T18:03:56+08:00 ] 127.0.0.1 /thinkphp/Home/demo.css
INFO: [ app_init ] --START--
INFO: Run Behavior\BuildLiteBehavior [ RunTime:0.000000s ]
INFO: [ app_init ] --END-- [ RunTime:0.000000s ]
NOTIC: [8] Use of undefined constant ture - assumed 'ture' D:\wamp\www\thinkphp\Application\Home\Conf\config.php 第 14 行.
ERR: 无法加载控制器:Demo.css

[ 2016-03-18T18:04:05+08:00 ] 127.0.0.1 /thinkphp/Home/Index/index.html
INFO: [ app_init ] --START--
INFO: Run Behavior\BuildLiteBehavior [ RunTime:0.000000s ]
INFO: [ app_init ] --END-- [ RunTime:0.000000s ]
NOTIC: [8] Use of undefined constant ture - assumed 'ture' D:\wamp\www\thinkphp\Application\Home\Conf\config.php 第 14 行.

[ 2016-03-18T18:04:05+08:00 ] 127.0.0.1 /thinkphp/Home/demo.css
INFO: [ app_init ] --START--
INFO: Run Behavior\BuildLiteBehavior [ RunTime:0.000000s ]
INFO: [ app_init ] --END-- [ RunTime:0.000000s ]
NOTIC: [8] Use of undefined constant ture - assumed 'ture' D:\wamp\www\thinkphp\Application\Home\Conf\config.php 第 14 行.
ERR: 无法加载控制器:Demo.css

[ 2016-03-18T18:05:07+08:00 ] 127.0.0.1 /thinkphp/Home/Index/index.html
INFO: [ app_init ] --START--
INFO: Run Behavior\BuildLiteBehavior [ RunTime:0.000000s ]
INFO: [ app_init ] --END-- [ RunTime:0.000000s ]
NOTIC: [8] Use of undefined constant ture - assumed 'ture' D:\wamp\www\thinkphp\Application\Home\Conf\config.php 第 14 行.

[ 2016-03-18T18:05:07+08:00 ] 127.0.0.1 /thinkphp/Home/demo.css
INFO: [ app_init ] --START--
INFO: Run Behavior\BuildLiteBehavior [ RunTime:0.000000s ]
INFO: [ app_init ] --END-- [ RunTime:0.000000s ]
NOTIC: [8] Use of undefined constant ture - assumed 'ture' D:\wamp\www\thinkphp\Application\Home\Conf\config.php 第 14 行.
ERR: 无法加载控制器:Demo.css

[ 2016-03-18T18:05:27+08:00 ] 127.0.0.1 /thinkphp/Home/Index/index.html
INFO: [ app_init ] --START--
INFO: Run Behavior\BuildLiteBehavior [ RunTime:0.000000s ]
INFO: [ app_init ] --END-- [ RunTime:0.000000s ]
NOTIC: [8] Use of undefined constant ture - assumed 'ture' D:\wamp\www\thinkphp\Application\Home\Conf\config.php 第 14 行.

[ 2016-03-18T18:05:27+08:00 ] 127.0.0.1 /thinkphp/Home/demo.css
INFO: [ app_init ] --START--
INFO: Run Behavior\BuildLiteBehavior [ RunTime:0.000000s ]
INFO: [ app_init ] --END-- [ RunTime:0.000000s ]
NOTIC: [8] Use of undefined constant ture - assumed 'ture' D:\wamp\www\thinkphp\Application\Home\Conf\config.php 第 14 行.
ERR: 无法加载控制器:Demo.css

[ 2016-03-18T18:05:36+08:00 ] 127.0.0.1 /thinkphp/Home/Index/index.html
INFO: [ app_init ] --START--
INFO: Run Behavior\BuildLiteBehavior [ RunTime:0.000000s ]
INFO: [ app_init ] --END-- [ RunTime:0.000000s ]
NOTIC: [8] Use of undefined constant ture - assumed 'ture' D:\wamp\www\thinkphp\Application\Home\Conf\config.php 第 14 行.

[ 2016-03-18T18:05:36+08:00 ] 127.0.0.1 /thinkphp/Home/demo.css
INFO: [ app_init ] --START--
INFO: Run Behavior\BuildLiteBehavior [ RunTime:0.000000s ]
INFO: [ app_init ] --END-- [ RunTime:0.000000s ]
NOTIC: [8] Use of undefined constant ture - assumed 'ture' D:\wamp\www\thinkphp\Application\Home\Conf\config.php 第 14 行.
ERR: 无法加载控制器:Demo.css

[ 2016-03-18T18:07:50+08:00 ] 127.0.0.1 /thinkphp/Home/Index/index.html
INFO: [ app_init ] --START--
INFO: Run Behavior\BuildLiteBehavior [ RunTime:0.000000s ]
INFO: [ app_init ] --END-- [ RunTime:0.000000s ]
NOTIC: [8] Use of undefined constant ture - assumed 'ture' D:\wamp\www\thinkphp\Application\Home\Conf\config.php 第 14 行.

[ 2016-03-18T18:07:50+08:00 ] 127.0.0.1 /thinkphp/Home/demo.css
INFO: [ app_init ] --START--
INFO: Run Behavior\BuildLiteBehavior [ RunTime:0.000000s ]
INFO: [ app_init ] --END-- [ RunTime:0.000000s ]
NOTIC: [8] Use of undefined constant ture - assumed 'ture' D:\wamp\www\thinkphp\Application\Home\Conf\config.php 第 14 行.
ERR: 无法加载控制器:Demo.css

[ 2016-03-18T18:09:20+08:00 ] 127.0.0.1 /thinkphp/Home/Index/index.html
INFO: [ app_init ] --START--
INFO: Run Behavior\BuildLiteBehavior [ RunTime:0.000000s ]
INFO: [ app_init ] --END-- [ RunTime:0.000000s ]
NOTIC: [8] Use of undefined constant ture - assumed 'ture' D:\wamp\www\thinkphp\Application\Home\Conf\config.php 第 14 行.

[ 2016-03-18T18:09:20+08:00 ] 127.0.0.1 /thinkphp/Home/demo.css
INFO: [ app_init ] --START--
INFO: Run Behavior\BuildLiteBehavior [ RunTime:0.000000s ]
INFO: [ app_init ] --END-- [ RunTime:0.000000s ]
NOTIC: [8] Use of undefined constant ture - assumed 'ture' D:\wamp\www\thinkphp\Application\Home\Conf\config.php 第 14 行.
ERR: 无法加载控制器:Demo.css

[ 2016-03-18T18:09:27+08:00 ] 127.0.0.1 /thinkphp/Home/Index/index.html
INFO: [ app_init ] --START--
INFO: Run Behavior\BuildLiteBehavior [ RunTime:0.000000s ]
INFO: [ app_init ] --END-- [ RunTime:0.000000s ]
NOTIC: [8] Use of undefined constant ture - assumed 'ture' D:\wamp\www\thinkphp\Application\Home\Conf\config.php 第 14 行.

[ 2016-03-18T18:09:28+08:00 ] 127.0.0.1 /thinkphp/Home/demo.css
INFO: [ app_init ] --START--
INFO: Run Behavior\BuildLiteBehavior [ RunTime:0.000000s ]
INFO: [ app_init ] --END-- [ RunTime:0.000000s ]
NOTIC: [8] Use of undefined constant ture - assumed 'ture' D:\wamp\www\thinkphp\Application\Home\Conf\config.php 第 14 行.
ERR: 无法加载控制器:Demo.css

[ 2016-03-18T18:10:55+08:00 ] 127.0.0.1 /thinkphp/Home/Index/index.html
INFO: [ app_init ] --START--
INFO: Run Behavior\BuildLiteBehavior [ RunTime:0.000000s ]
INFO: [ app_init ] --END-- [ RunTime:0.001000s ]
NOTIC: [8] Use of undefined constant ture - assumed 'ture' D:\wamp\www\thinkphp\Application\Home\Conf\config.php 第 14 行.

[ 2016-03-18T18:10:55+08:00 ] 127.0.0.1 /thinkphp/Home/demo.css
INFO: [ app_init ] --START--
INFO: Run Behavior\BuildLiteBehavior [ RunTime:0.000000s ]
INFO: [ app_init ] --END-- [ RunTime:0.000000s ]
NOTIC: [8] Use of undefined constant ture - assumed 'ture' D:\wamp\www\thinkphp\Application\Home\Conf\config.php 第 14 行.
ERR: 无法加载控制器:Demo.css

[ 2016-03-18T18:11:40+08:00 ] 127.0.0.1 /thinkphp/Home/Index/index.html
INFO: [ app_init ] --START--
INFO: Run Behavior\BuildLiteBehavior [ RunTime:0.000000s ]
INFO: [ app_init ] --END-- [ RunTime:0.000000s ]
NOTIC: [8] Use of undefined constant ture - assumed 'ture' D:\wamp\www\thinkphp\Application\Home\Conf\config.php 第 14 行.

[ 2016-03-18T18:11:40+08:00 ] 127.0.0.1 /thinkphp/Home/demo.css
INFO: [ app_init ] --START--
INFO: Run Behavior\BuildLiteBehavior [ RunTime:0.000000s ]
INFO: [ app_init ] --END-- [ RunTime:0.000000s ]
NOTIC: [8] Use of undefined constant ture - assumed 'ture' D:\wamp\www\thinkphp\Application\Home\Conf\config.php 第 14 行.
ERR: 无法加载控制器:Demo.css

[ 2016-03-18T18:11:43+08:00 ] 127.0.0.1 /thinkphp/Home/Index/index.html
INFO: [ app_init ] --START--
INFO: Run Behavior\BuildLiteBehavior [ RunTime:0.000000s ]
INFO: [ app_init ] --END-- [ RunTime:0.000000s ]
NOTIC: [8] Use of undefined constant ture - assumed 'ture' D:\wamp\www\thinkphp\Application\Home\Conf\config.php 第 14 行.

[ 2016-03-18T18:11:43+08:00 ] 127.0.0.1 /thinkphp/Home/demo.css
INFO: [ app_init ] --START--
INFO: Run Behavior\BuildLiteBehavior [ RunTime:0.000000s ]
INFO: [ app_init ] --END-- [ RunTime:0.000000s ]
NOTIC: [8] Use of undefined constant ture - assumed 'ture' D:\wamp\www\thinkphp\Application\Home\Conf\config.php 第 14 行.
ERR: 无法加载控制器:Demo.css

[ 2016-03-18T18:12:00+08:00 ] 127.0.0.1 /thinkphp/Home/Index/index.html
INFO: [ app_init ] --START--
INFO: Run Behavior\BuildLiteBehavior [ RunTime:0.000000s ]
INFO: [ app_init ] --END-- [ RunTime:0.000000s ]
NOTIC: [8] Use of undefined constant ture - assumed 'ture' D:\wamp\www\thinkphp\Application\Home\Conf\config.php 第 14 行.

[ 2016-03-18T18:12:00+08:00 ] 127.0.0.1 /thinkphp/Home/demo.css
INFO: [ app_init ] --START--
INFO: Run Behavior\BuildLiteBehavior [ RunTime:0.000000s ]
INFO: [ app_init ] --END-- [ RunTime:0.000000s ]
NOTIC: [8] Use of undefined constant ture - assumed 'ture' D:\wamp\www\thinkphp\Application\Home\Conf\config.php 第 14 行.
ERR: 无法加载控制器:Demo.css

[ 2016-03-18T18:12:12+08:00 ] 127.0.0.1 /thinkphp/Home/Index/index.html
INFO: [ app_init ] --START--
INFO: Run Behavior\BuildLiteBehavior [ RunTime:0.000000s ]
INFO: [ app_init ] --END-- [ RunTime:0.000000s ]
NOTIC: [8] Use of undefined constant ture - assumed 'ture' D:\wamp\www\thinkphp\Application\Home\Conf\config.php 第 14 行.

[ 2016-03-18T18:12:12+08:00 ] 127.0.0.1 /thinkphp/Home/demo.css
INFO: [ app_init ] --START--
INFO: Run Behavior\BuildLiteBehavior [ RunTime:0.000000s ]
INFO: [ app_init ] --END-- [ RunTime:0.000000s ]
NOTIC: [8] Use of undefined constant ture - assumed 'ture' D:\wamp\www\thinkphp\Application\Home\Conf\config.php 第 14 行.
ERR: 无法加载控制器:Demo.css

[ 2016-03-18T18:14:26+08:00 ] 127.0.0.1 /thinkphp/Home/Index/index.html
INFO: [ app_init ] --START--
INFO: Run Behavior\BuildLiteBehavior [ RunTime:0.000000s ]
INFO: [ app_init ] --END-- [ RunTime:0.000000s ]
NOTIC: [8] Use of undefined constant ture - assumed 'ture' D:\wamp\www\thinkphp\Application\Home\Conf\config.php 第 14 行.

[ 2016-03-18T18:14:26+08:00 ] 127.0.0.1 /thinkphp/Home/demo.css
INFO: [ app_init ] --START--
INFO: Run Behavior\BuildLiteBehavior [ RunTime:0.000000s ]
INFO: [ app_init ] --END-- [ RunTime:0.000000s ]
NOTIC: [8] Use of undefined constant ture - assumed 'ture' D:\wamp\www\thinkphp\Application\Home\Conf\config.php 第 14 行.
ERR: 无法加载控制器:Demo.css

[ 2016-03-18T18:15:29+08:00 ] 127.0.0.1 /thinkphp/Home/Index/index.html
INFO: [ app_init ] --START--
INFO: Run Behavior\BuildLiteBehavior [ RunTime:0.000000s ]
INFO: [ app_init ] --END-- [ RunTime:0.000000s ]
NOTIC: [8] Use of undefined constant ture - assumed 'ture' D:\wamp\www\thinkphp\Application\Home\Conf\config.php 第 14 行.

[ 2016-03-18T18:15:29+08:00 ] 127.0.0.1 /thinkphp/Home/demo.css
INFO: [ app_init ] --START--
INFO: Run Behavior\BuildLiteBehavior [ RunTime:0.000000s ]
INFO: [ app_init ] --END-- [ RunTime:0.000000s ]
NOTIC: [8] Use of undefined constant ture - assumed 'ture' D:\wamp\www\thinkphp\Application\Home\Conf\config.php 第 14 行.
ERR: 无法加载控制器:Demo.css

[ 2016-03-18T18:15:43+08:00 ] 127.0.0.1 /thinkphp/Home/Index/index.html
INFO: [ app_init ] --START--
INFO: Run Behavior\BuildLiteBehavior [ RunTime:0.000000s ]
INFO: [ app_init ] --END-- [ RunTime:0.000000s ]
NOTIC: [8] Use of undefined constant ture - assumed 'ture' D:\wamp\www\thinkphp\Application\Home\Conf\config.php 第 14 行.

[ 2016-03-18T18:15:44+08:00 ] 127.0.0.1 /thinkphp/Home/demo.css
INFO: [ app_init ] --START--
INFO: Run Behavior\BuildLiteBehavior [ RunTime:0.000000s ]
INFO: [ app_init ] --END-- [ RunTime:0.000000s ]
NOTIC: [8] Use of undefined constant ture - assumed 'ture' D:\wamp\www\thinkphp\Application\Home\Conf\config.php 第 14 行.
ERR: 无法加载控制器:Demo.css

[ 2016-03-18T18:16:08+08:00 ] 127.0.0.1 /thinkphp/Home/Index/index.html
INFO: [ app_init ] --START--
INFO: Run Behavior\BuildLiteBehavior [ RunTime:0.000000s ]
INFO: [ app_init ] --END-- [ RunTime:0.000000s ]
NOTIC: [8] Use of undefined constant ture - assumed 'ture' D:\wamp\www\thinkphp\Application\Home\Conf\config.php 第 14 行.

[ 2016-03-18T18:16:08+08:00 ] 127.0.0.1 /thinkphp/Home/demo.css
INFO: [ app_init ] --START--
INFO: Run Behavior\BuildLiteBehavior [ RunTime:0.000000s ]
INFO: [ app_init ] --END-- [ RunTime:0.000000s ]
NOTIC: [8] Use of undefined constant ture - assumed 'ture' D:\wamp\www\thinkphp\Application\Home\Conf\config.php 第 14 行.
ERR: 无法加载控制器:Demo.css

[ 2016-03-18T18:16:16+08:00 ] 127.0.0.1 /thinkphp/Home/Index/index.html
INFO: [ app_init ] --START--
INFO: Run Behavior\BuildLiteBehavior [ RunTime:0.000000s ]
INFO: [ app_init ] --END-- [ RunTime:0.000000s ]
NOTIC: [8] Use of undefined constant ture - assumed 'ture' D:\wamp\www\thinkphp\Application\Home\Conf\config.php 第 14 行.

[ 2016-03-18T18:16:16+08:00 ] 127.0.0.1 /thinkphp/Home/demo.css
INFO: [ app_init ] --START--
INFO: Run Behavior\BuildLiteBehavior [ RunTime:0.000000s ]
INFO: [ app_init ] --END-- [ RunTime:0.000000s ]
NOTIC: [8] Use of undefined constant ture - assumed 'ture' D:\wamp\www\thinkphp\Application\Home\Conf\config.php 第 14 行.
ERR: 无法加载控制器:Demo.css

[ 2016-03-18T18:19:07+08:00 ] 127.0.0.1 /thinkphp/Home/Index/index.html
INFO: [ app_init ] --START--
INFO: Run Behavior\BuildLiteBehavior [ RunTime:0.001000s ]
INFO: [ app_init ] --END-- [ RunTime:0.001000s ]
NOTIC: [8] Use of undefined constant ture - assumed 'ture' D:\wamp\www\thinkphp\Application\Home\Conf\config.php 第 14 行.

[ 2016-03-18T18:19:07+08:00 ] 127.0.0.1 /thinkphp/Home/demo.css
INFO: [ app_init ] --START--
INFO: Run Behavior\BuildLiteBehavior [ RunTime:0.001000s ]
INFO: [ app_init ] --END-- [ RunTime:0.001000s ]
NOTIC: [8] Use of undefined constant ture - assumed 'ture' D:\wamp\www\thinkphp\Application\Home\Conf\config.php 第 14 行.
ERR: 无法加载控制器:Demo.css

[ 2016-03-18T18:19:46+08:00 ] 127.0.0.1 /thinkphp/Home/Index/index.html
INFO: [ app_init ] --START--
INFO: Run Behavior\BuildLiteBehavior [ RunTime:0.000000s ]
INFO: [ app_init ] --END-- [ RunTime:0.000000s ]
NOTIC: [8] Use of undefined constant ture - assumed 'ture' D:\wamp\www\thinkphp\Application\Home\Conf\config.php 第 14 行.

[ 2016-03-18T18:19:46+08:00 ] 127.0.0.1 /thinkphp/Home/demo.css
INFO: [ app_init ] --START--
INFO: Run Behavior\BuildLiteBehavior [ RunTime:0.000000s ]
INFO: [ app_init ] --END-- [ RunTime:0.000000s ]
NOTIC: [8] Use of undefined constant ture - assumed 'ture' D:\wamp\www\thinkphp\Application\Home\Conf\config.php 第 14 行.
ERR: 无法加载控制器:Demo.css

