[ 2016-03-10T23:29:04+08:00 ] 127.0.0.1 /thinkphp/Home/User/group_edit.html?id=5
INFO: [ app_init ] --START--
INFO: Run Behavior\BuildLiteBehavior [ RunTime:0.000000s ]
INFO: [ app_init ] --END-- [ RunTime:0.001000s ]
NOTIC: [8] Use of undefined constant ture - assumed 'ture' C:\wamp\www\thinkphp\Application\Home\Conf\config.php 第 14 行.

[ 2016-03-10T23:29:16+08:00 ] 127.0.0.1 /thinkphp/
INFO: [ app_init ] --START--
INFO: Run Behavior\BuildLiteBehavior [ RunTime:0.000000s ]
INFO: [ app_init ] --END-- [ RunTime:0.000000s ]
NOTIC: [8] Use of undefined constant ture - assumed 'ture' C:\wamp\www\thinkphp\Application\Home\Conf\config.php 第 14 行.

[ 2016-03-10T23:29:17+08:00 ] 127.0.0.1 /thinkphp/Home/Login/index.html
INFO: [ app_init ] --START--
INFO: Run Behavior\BuildLiteBehavior [ RunTime:0.000000s ]
INFO: [ app_init ] --END-- [ RunTime:0.000000s ]
NOTIC: [8] Use of undefined constant ture - assumed 'ture' C:\wamp\www\thinkphp\Application\Home\Conf\config.php 第 14 行.

[ 2016-03-10T23:29:21+08:00 ] 127.0.0.1 /thinkphp/Home/Login/index.html
INFO: [ app_init ] --START--
INFO: Run Behavior\BuildLiteBehavior [ RunTime:0.000000s ]
INFO: [ app_init ] --END-- [ RunTime:0.001000s ]
NOTIC: [8] Use of undefined constant ture - assumed 'ture' C:\wamp\www\thinkphp\Application\Home\Conf\config.php 第 14 行.

[ 2016-03-10T23:29:22+08:00 ] 127.0.0.1 /thinkphp/Home/Index/index.html
INFO: [ app_init ] --START--
INFO: Run Behavior\BuildLiteBehavior [ RunTime:0.000000s ]
INFO: [ app_init ] --END-- [ RunTime:0.001000s ]
NOTIC: [8] Use of undefined constant ture - assumed 'ture' C:\wamp\www\thinkphp\Application\Home\Conf\config.php 第 14 行.

[ 2016-03-10T23:29:26+08:00 ] 127.0.0.1 /thinkphp/Home/User/group.html
INFO: [ app_init ] --START--
INFO: Run Behavior\BuildLiteBehavior [ RunTime:0.000000s ]
INFO: [ app_init ] --END-- [ RunTime:0.001000s ]
NOTIC: [8] Use of undefined constant ture - assumed 'ture' C:\wamp\www\thinkphp\Application\Home\Conf\config.php 第 14 行.

[ 2016-03-10T23:29:27+08:00 ] 127.0.0.1 /thinkphp/Home/User/group_edit.html?id=5
INFO: [ app_init ] --START--
INFO: Run Behavior\BuildLiteBehavior [ RunTime:0.000000s ]
INFO: [ app_init ] --END-- [ RunTime:0.001000s ]
NOTIC: [8] Use of undefined constant ture - assumed 'ture' C:\wamp\www\thinkphp\Application\Home\Conf\config.php 第 14 行.

[ 2016-03-10T23:30:42+08:00 ] 127.0.0.1 /thinkphp/Home/User/group_edit.html?id=5
INFO: [ app_init ] --START--
INFO: Run Behavior\BuildLiteBehavior [ RunTime:0.000000s ]
INFO: [ app_init ] --END-- [ RunTime:0.000000s ]
NOTIC: [8] Use of undefined constant ture - assumed 'ture' C:\wamp\www\thinkphp\Application\Home\Conf\config.php 第 14 行.

[ 2016-03-10T23:32:57+08:00 ] 127.0.0.1 /thinkphp/Home/User/group.html
INFO: [ app_init ] --START--
INFO: Run Behavior\BuildLiteBehavior [ RunTime:0.000000s ]
INFO: [ app_init ] --END-- [ RunTime:0.001000s ]
NOTIC: [8] Use of undefined constant ture - assumed 'ture' C:\wamp\www\thinkphp\Application\Home\Conf\config.php 第 14 行.

[ 2016-03-10T23:32:59+08:00 ] 127.0.0.1 /thinkphp/Home/Index/index.html
INFO: [ app_init ] --START--
INFO: Run Behavior\BuildLiteBehavior [ RunTime:0.000000s ]
INFO: [ app_init ] --END-- [ RunTime:0.001000s ]
NOTIC: [8] Use of undefined constant ture - assumed 'ture' C:\wamp\www\thinkphp\Application\Home\Conf\config.php 第 14 行.

[ 2016-03-10T23:33:07+08:00 ] 127.0.0.1 /thinkphp/Home/User/group.html
INFO: [ app_init ] --START--
INFO: Run Behavior\BuildLiteBehavior [ RunTime:0.000000s ]
INFO: [ app_init ] --END-- [ RunTime:0.001000s ]
NOTIC: [8] Use of undefined constant ture - assumed 'ture' C:\wamp\www\thinkphp\Application\Home\Conf\config.php 第 14 行.

[ 2016-03-10T23:33:20+08:00 ] 127.0.0.1 /thinkphp/Home/User/group.html
INFO: [ app_init ] --START--
INFO: Run Behavior\BuildLiteBehavior [ RunTime:0.000000s ]
INFO: [ app_init ] --END-- [ RunTime:0.000000s ]
NOTIC: [8] Use of undefined constant ture - assumed 'ture' C:\wamp\www\thinkphp\Application\Home\Conf\config.php 第 14 行.

[ 2016-03-10T23:35:07+08:00 ] 127.0.0.1 /thinkphp/Home/User/group_edit.html?id=5
INFO: [ app_init ] --START--
INFO: Run Behavior\BuildLiteBehavior [ RunTime:0.000000s ]
INFO: [ app_init ] --END-- [ RunTime:0.000000s ]
NOTIC: [8] Use of undefined constant ture - assumed 'ture' C:\wamp\www\thinkphp\Application\Home\Conf\config.php 第 14 行.

[ 2016-03-10T23:35:19+08:00 ] 127.0.0.1 /thinkphp/Home/User/group_edit.html?id=5
INFO: [ app_init ] --START--
INFO: Run Behavior\BuildLiteBehavior [ RunTime:0.000000s ]
INFO: [ app_init ] --END-- [ RunTime:0.000000s ]
NOTIC: [8] Use of undefined constant ture - assumed 'ture' C:\wamp\www\thinkphp\Application\Home\Conf\config.php 第 14 行.

[ 2016-03-10T23:35:58+08:00 ] 127.0.0.1 /thinkphp/Home/User/group_edit.html?id=5
INFO: [ app_init ] --START--
INFO: Run Behavior\BuildLiteBehavior [ RunTime:0.000000s ]
INFO: [ app_init ] --END-- [ RunTime:0.001000s ]
NOTIC: [8] Use of undefined constant ture - assumed 'ture' C:\wamp\www\thinkphp\Application\Home\Conf\config.php 第 14 行.

[ 2016-03-10T23:37:54+08:00 ] 127.0.0.1 /thinkphp/Home/User/group_edit.html?id=5
INFO: [ app_init ] --START--
INFO: Run Behavior\BuildLiteBehavior [ RunTime:0.000000s ]
INFO: [ app_init ] --END-- [ RunTime:0.001000s ]
NOTIC: [8] Use of undefined constant ture - assumed 'ture' C:\wamp\www\thinkphp\Application\Home\Conf\config.php 第 14 行.

[ 2016-03-10T23:38:01+08:00 ] 127.0.0.1 /thinkphp/Home/User/group_edit.html?id=2
INFO: [ app_init ] --START--
INFO: Run Behavior\BuildLiteBehavior [ RunTime:0.000000s ]
INFO: [ app_init ] --END-- [ RunTime:0.001000s ]
NOTIC: [8] Use of undefined constant ture - assumed 'ture' C:\wamp\www\thinkphp\Application\Home\Conf\config.php 第 14 行.

[ 2016-03-10T23:39:23+08:00 ] 127.0.0.1 /thinkphp/Home/User/group_edit.html?id=2
INFO: [ app_init ] --START--
INFO: Run Behavior\BuildLiteBehavior [ RunTime:0.000000s ]
INFO: [ app_init ] --END-- [ RunTime:0.001000s ]
NOTIC: [8] Use of undefined constant ture - assumed 'ture' C:\wamp\www\thinkphp\Application\Home\Conf\config.php 第 14 行.

[ 2016-03-10T23:41:27+08:00 ] 127.0.0.1 /thinkphp/Home/User/group_edit.html?id=2
INFO: [ app_init ] --START--
INFO: Run Behavior\BuildLiteBehavior [ RunTime:0.000000s ]
INFO: [ app_init ] --END-- [ RunTime:0.001000s ]
NOTIC: [8] Use of undefined constant ture - assumed 'ture' C:\wamp\www\thinkphp\Application\Home\Conf\config.php 第 14 行.

[ 2016-03-10T23:42:47+08:00 ] 127.0.0.1 /thinkphp/Home/User/group_edit.html?id=2
INFO: [ app_init ] --START--
INFO: Run Behavior\BuildLiteBehavior [ RunTime:0.000000s ]
INFO: [ app_init ] --END-- [ RunTime:0.001000s ]
NOTIC: [8] Use of undefined constant ture - assumed 'ture' C:\wamp\www\thinkphp\Application\Home\Conf\config.php 第 14 行.

[ 2016-03-10T23:46:03+08:00 ] 127.0.0.1 /thinkphp/Home/User/group_edit.html?id=2
INFO: [ app_init ] --START--
INFO: Run Behavior\BuildLiteBehavior [ RunTime:0.000000s ]
INFO: [ app_init ] --END-- [ RunTime:0.001000s ]
NOTIC: [8] Use of undefined constant ture - assumed 'ture' C:\wamp\www\thinkphp\Application\Home\Conf\config.php 第 14 行.

[ 2016-03-10T23:46:11+08:00 ] 127.0.0.1 /thinkphp/Home/User/group_edit.html?id=5
INFO: [ app_init ] --START--
INFO: Run Behavior\BuildLiteBehavior [ RunTime:0.000000s ]
INFO: [ app_init ] --END-- [ RunTime:0.000000s ]
NOTIC: [8] Use of undefined constant ture - assumed 'ture' C:\wamp\www\thinkphp\Application\Home\Conf\config.php 第 14 行.

[ 2016-03-10T23:46:16+08:00 ] 127.0.0.1 /thinkphp/Home/User/group_edit.html?id=1
INFO: [ app_init ] --START--
INFO: Run Behavior\BuildLiteBehavior [ RunTime:0.000000s ]
INFO: [ app_init ] --END-- [ RunTime:0.001000s ]
NOTIC: [8] Use of undefined constant ture - assumed 'ture' C:\wamp\www\thinkphp\Application\Home\Conf\config.php 第 14 行.

[ 2016-03-10T23:46:53+08:00 ] 127.0.0.1 /thinkphp/Home/User/group_edit.html?id=2
INFO: [ app_init ] --START--
INFO: Run Behavior\BuildLiteBehavior [ RunTime:0.000000s ]
INFO: [ app_init ] --END-- [ RunTime:0.000000s ]
NOTIC: [8] Use of undefined constant ture - assumed 'ture' C:\wamp\www\thinkphp\Application\Home\Conf\config.php 第 14 行.

[ 2016-03-10T23:46:57+08:00 ] 127.0.0.1 /thinkphp/Home/User/group_edit.html?id=2
INFO: [ app_init ] --START--
INFO: Run Behavior\BuildLiteBehavior [ RunTime:0.000000s ]
INFO: [ app_init ] --END-- [ RunTime:0.001000s ]
NOTIC: [8] Use of undefined constant ture - assumed 'ture' C:\wamp\www\thinkphp\Application\Home\Conf\config.php 第 14 行.

[ 2016-03-10T23:47:02+08:00 ] 127.0.0.1 /thinkphp/Home/User/group_edit.html?id=2
INFO: [ app_init ] --START--
INFO: Run Behavior\BuildLiteBehavior [ RunTime:0.000000s ]
INFO: [ app_init ] --END-- [ RunTime:0.000000s ]
NOTIC: [8] Use of undefined constant ture - assumed 'ture' C:\wamp\www\thinkphp\Application\Home\Conf\config.php 第 14 行.

[ 2016-03-10T23:47:07+08:00 ] 127.0.0.1 /thinkphp/Home/User/group_edit.html?id=2
INFO: [ app_init ] --START--
INFO: Run Behavior\BuildLiteBehavior [ RunTime:0.000000s ]
INFO: [ app_init ] --END-- [ RunTime:0.001000s ]
NOTIC: [8] Use of undefined constant ture - assumed 'ture' C:\wamp\www\thinkphp\Application\Home\Conf\config.php 第 14 行.

[ 2016-03-10T23:47:16+08:00 ] 127.0.0.1 /thinkphp/Home/User/group_edit.html?id=5
INFO: [ app_init ] --START--
INFO: Run Behavior\BuildLiteBehavior [ RunTime:0.000000s ]
INFO: [ app_init ] --END-- [ RunTime:0.001000s ]
NOTIC: [8] Use of undefined constant ture - assumed 'ture' C:\wamp\www\thinkphp\Application\Home\Conf\config.php 第 14 行.

[ 2016-03-10T23:47:20+08:00 ] 127.0.0.1 /thinkphp/Home/User/group_edit.html?id=2
INFO: [ app_init ] --START--
INFO: Run Behavior\BuildLiteBehavior [ RunTime:0.000000s ]
INFO: [ app_init ] --END-- [ RunTime:0.001000s ]
NOTIC: [8] Use of undefined constant ture - assumed 'ture' C:\wamp\www\thinkphp\Application\Home\Conf\config.php 第 14 行.

[ 2016-03-10T23:47:32+08:00 ] 127.0.0.1 /thinkphp/Home/User/group_edit.html?id=1
INFO: [ app_init ] --START--
INFO: Run Behavior\BuildLiteBehavior [ RunTime:0.000000s ]
INFO: [ app_init ] --END-- [ RunTime:0.000000s ]
NOTIC: [8] Use of undefined constant ture - assumed 'ture' C:\wamp\www\thinkphp\Application\Home\Conf\config.php 第 14 行.

[ 2016-03-10T23:48:30+08:00 ] 127.0.0.1 /thinkphp/Home/User/group_edit.html?id=1
INFO: [ app_init ] --START--
INFO: Run Behavior\BuildLiteBehavior [ RunTime:0.000000s ]
INFO: [ app_init ] --END-- [ RunTime:0.000000s ]
NOTIC: [8] Use of undefined constant ture - assumed 'ture' C:\wamp\www\thinkphp\Application\Home\Conf\config.php 第 14 行.

[ 2016-03-10T23:49:00+08:00 ] 127.0.0.1 /thinkphp/Home/User/group_edit.html?id=1
INFO: [ app_init ] --START--
INFO: Run Behavior\BuildLiteBehavior [ RunTime:0.000000s ]
INFO: [ app_init ] --END-- [ RunTime:0.001000s ]
NOTIC: [8] Use of undefined constant ture - assumed 'ture' C:\wamp\www\thinkphp\Application\Home\Conf\config.php 第 14 行.

[ 2016-03-10T23:49:09+08:00 ] 127.0.0.1 /thinkphp/Home/User/group_edit.html?id=1
INFO: [ app_init ] --START--
INFO: Run Behavior\BuildLiteBehavior [ RunTime:0.000000s ]
INFO: [ app_init ] --END-- [ RunTime:0.001000s ]
NOTIC: [8] Use of undefined constant ture - assumed 'ture' C:\wamp\www\thinkphp\Application\Home\Conf\config.php 第 14 行.

